<?xml version="1.0" encoding="UTF-8"?>
<testsuite xmlns:xsi="http://www.w3.org/2001/XMLSchema-instance" xsi:noNamespaceSchemaLocation="https://maven.apache.org/surefire/maven-surefire-plugin/xsd/surefire-test-report.xsd" name="com.hovertest.HoverflyAppTest" time="135.167" tests="1" errors="1" skipped="0" failures="0">
  <properties>
    <property name="sun.desktop" value="windows"/>
    <property name="awt.toolkit" value="sun.awt.windows.WToolkit"/>
    <property name="file.encoding.pkg" value="sun.io"/>
    <property name="java.specification.version" value="1.8"/>
    <property name="sun.cpu.isalist" value="amd64"/>
    <property name="sun.jnu.encoding" value="Cp1252"/>
    <property name="java.class.path" value="D:\OneDrive\repo\GitHub\hoverfly-test\target\test-classes;D:\OneDrive\repo\GitHub\hoverfly-test\target\classes;C:\Users\Erik Lidström\.m2\repository\io\quarkus\quarkus-arc\1.5.1.Final\quarkus-arc-1.5.1.Final.jar;C:\Users\Erik Lidström\.m2\repository\io\quarkus\arc\arc\1.5.1.Final\arc-1.5.1.Final.jar;C:\Users\Erik Lidström\.m2\repository\org\jboss\logging\jboss-logging\3.3.2.Final\jboss-logging-3.3.2.Final.jar;C:\Users\Erik Lidström\.m2\repository\io\quarkus\quarkus-core\1.5.1.Final\quarkus-core-1.5.1.Final.jar;C:\Users\Erik Lidström\.m2\repository\jakarta\inject\jakarta.inject-api\1.0\jakarta.inject-api-1.0.jar;C:\Users\Erik Lidström\.m2\repository\io\quarkus\quarkus-ide-launcher\1.5.1.Final\quarkus-ide-launcher-1.5.1.Final.jar;C:\Users\Erik Lidström\.m2\repository\io\quarkus\quarkus-development-mode-spi\1.5.1.Final\quarkus-development-mode-spi-1.5.1.Final.jar;C:\Users\Erik Lidström\.m2\repository\io\smallrye\config\smallrye-config\1.7.0\smallrye-config-1.7.0.jar;C:\Users\Erik Lidström\.m2\repository\io\smallrye\config\smallrye-config-common\1.7.0\smallrye-config-common-1.7.0.jar;C:\Users\Erik Lidström\.m2\repository\org\jboss\logmanager\jboss-logmanager-embedded\1.0.4\jboss-logmanager-embedded-1.0.4.jar;C:\Users\Erik Lidström\.m2\repository\org\jboss\logging\jboss-logging-annotations\2.1.0.Final\jboss-logging-annotations-2.1.0.Final.jar;C:\Users\Erik Lidström\.m2\repository\org\jboss\threads\jboss-threads\3.1.1.Final\jboss-threads-3.1.1.Final.jar;C:\Users\Erik Lidström\.m2\repository\org\slf4j\slf4j-api\1.7.30\slf4j-api-1.7.30.jar;C:\Users\Erik Lidström\.m2\repository\org\jboss\slf4j\slf4j-jboss-logging\1.2.0.Final\slf4j-jboss-logging-1.2.0.Final.jar;C:\Users\Erik Lidström\.m2\repository\org\graalvm\sdk\graal-sdk\19.3.1\graal-sdk-19.3.1.jar;C:\Users\Erik Lidström\.m2\repository\org\wildfly\common\wildfly-common\1.5.4.Final-format-001\wildfly-common-1.5.4.Final-format-001.jar;C:\Users\Erik Lidström\.m2\repository\io\quarkus\quarkus-bootstrap-runner\1.5.1.Final\quarkus-bootstrap-runner-1.5.1.Final.jar;C:\Users\Erik Lidström\.m2\repository\org\eclipse\microprofile\context-propagation\microprofile-context-propagation-api\1.0.1\microprofile-context-propagation-api-1.0.1.jar;C:\Users\Erik Lidström\.m2\repository\io\quarkus\quarkus-smallrye-health\1.5.1.Final\quarkus-smallrye-health-1.5.1.Final.jar;C:\Users\Erik Lidström\.m2\repository\io\smallrye\smallrye-health\2.2.1\smallrye-health-2.2.1.jar;C:\Users\Erik Lidström\.m2\repository\org\eclipse\microprofile\health\microprofile-health-api\2.2\microprofile-health-api-2.2.jar;C:\Users\Erik Lidström\.m2\repository\io\smallrye\smallrye-health-extension-api\2.2.1\smallrye-health-extension-api-2.2.1.jar;C:\Users\Erik Lidström\.m2\repository\io\quarkus\quarkus-vertx-http\1.5.1.Final\quarkus-vertx-http-1.5.1.Final.jar;C:\Users\Erik Lidström\.m2\repository\io\quarkus\quarkus-vertx-core\1.5.1.Final\quarkus-vertx-core-1.5.1.Final.jar;C:\Users\Erik Lidström\.m2\repository\io\quarkus\quarkus-netty\1.5.1.Final\quarkus-netty-1.5.1.Final.jar;C:\Users\Erik Lidström\.m2\repository\io\vertx\vertx-web\3.9.0\vertx-web-3.9.0.jar;C:\Users\Erik Lidström\.m2\repository\io\vertx\vertx-web-common\3.9.0\vertx-web-common-3.9.0.jar;C:\Users\Erik Lidström\.m2\repository\io\vertx\vertx-auth-common\3.9.0\vertx-auth-common-3.9.0.jar;C:\Users\Erik Lidström\.m2\repository\io\vertx\vertx-bridge-common\3.9.0\vertx-bridge-common-3.9.0.jar;C:\Users\Erik Lidström\.m2\repository\io\quarkus\quarkus-jsonp\1.5.1.Final\quarkus-jsonp-1.5.1.Final.jar;C:\Users\Erik Lidström\.m2\repository\org\glassfish\jakarta.json\1.1.6\jakarta.json-1.1.6.jar;C:\Users\Erik Lidström\.m2\repository\io\quarkus\quarkus-smallrye-metrics\1.5.1.Final\quarkus-smallrye-metrics-1.5.1.Final.jar;C:\Users\Erik Lidström\.m2\repository\io\smallrye\smallrye-metrics\2.4.2\smallrye-metrics-2.4.2.jar;C:\Users\Erik Lidström\.m2\repository\org\eclipse\microprofile\metrics\microprofile-metrics-api\2.3\microprofile-metrics-api-2.3.jar;C:\Users\Erik Lidström\.m2\repository\io\quarkus\quarkus-smallrye-fault-tolerance\1.5.1.Final\quarkus-smallrye-fault-tolerance-1.5.1.Final.jar;C:\Users\Erik Lidström\.m2\repository\io\smallrye\smallrye-fault-tolerance\4.2.0\smallrye-fault-tolerance-4.2.0.jar;C:\Users\Erik Lidström\.m2\repository\org\eclipse\microprofile\fault-tolerance\microprofile-fault-tolerance-api\2.1\microprofile-fault-tolerance-api-2.1.jar;C:\Users\Erik Lidström\.m2\repository\io\smallrye\smallrye-fault-tolerance-core\4.2.0\smallrye-fault-tolerance-core-4.2.0.jar;C:\Users\Erik Lidström\.m2\repository\jakarta\enterprise\concurrent\jakarta.enterprise.concurrent-api\1.1.2\jakarta.enterprise.concurrent-api-1.1.2.jar;C:\Users\Erik Lidström\.m2\repository\org\eclipse\microprofile\config\microprofile-config-api\1.4\microprofile-config-api-1.4.jar;C:\Users\Erik Lidström\.m2\repository\jakarta\enterprise\jakarta.enterprise.cdi-api\2.0.2\jakarta.enterprise.cdi-api-2.0.2.jar;C:\Users\Erik Lidström\.m2\repository\jakarta\el\jakarta.el-api\3.0.3\jakarta.el-api-3.0.3.jar;C:\Users\Erik Lidström\.m2\repository\jakarta\interceptor\jakarta.interceptor-api\1.2.5\jakarta.interceptor-api-1.2.5.jar;C:\Users\Erik Lidström\.m2\repository\jakarta\annotation\jakarta.annotation-api\1.3.5\jakarta.annotation-api-1.3.5.jar;C:\Users\Erik Lidström\.m2\repository\org\jboss\logging\commons-logging-jboss-logging\1.0.0.Final\commons-logging-jboss-logging-1.0.0.Final.jar;C:\Users\Erik Lidström\.m2\repository\io\quarkus\quarkus-smallrye-context-propagation\1.5.1.Final\quarkus-smallrye-context-propagation-1.5.1.Final.jar;C:\Users\Erik Lidström\.m2\repository\io\smallrye\smallrye-context-propagation\1.0.13\smallrye-context-propagation-1.0.13.jar;C:\Users\Erik Lidström\.m2\repository\io\smallrye\smallrye-context-propagation-api\1.0.13\smallrye-context-propagation-api-1.0.13.jar;C:\Users\Erik Lidström\.m2\repository\io\smallrye\smallrye-fault-tolerance-context-propagation\4.2.0\smallrye-fault-tolerance-context-propagation-4.2.0.jar;C:\Users\Erik Lidström\.m2\repository\io\quarkus\quarkus-smallrye-openapi\1.5.1.Final\quarkus-smallrye-openapi-1.5.1.Final.jar;C:\Users\Erik Lidström\.m2\repository\io\smallrye\smallrye-open-api\1.2.4\smallrye-open-api-1.2.4.jar;C:\Users\Erik Lidström\.m2\repository\org\eclipse\microprofile\openapi\microprofile-openapi-api\1.1.2\microprofile-openapi-api-1.1.2.jar;C:\Users\Erik Lidström\.m2\repository\com\fasterxml\jackson\core\jackson-core\2.10.4\jackson-core-2.10.4.jar;C:\Users\Erik Lidström\.m2\repository\com\fasterxml\jackson\dataformat\jackson-dataformat-yaml\2.10.4\jackson-dataformat-yaml-2.10.4.jar;C:\Users\Erik Lidström\.m2\repository\org\yaml\snakeyaml\1.26\snakeyaml-1.26.jar;C:\Users\Erik Lidström\.m2\repository\org\jboss\jandex\2.1.3.Final\jandex-2.1.3.Final.jar;C:\Users\Erik Lidström\.m2\repository\io\quarkus\quarkus-swagger-ui\1.5.1.Final\quarkus-swagger-ui-1.5.1.Final.jar;C:\Users\Erik Lidström\.m2\repository\io\quarkus\quarkus-hibernate-orm\1.5.1.Final\quarkus-hibernate-orm-1.5.1.Final.jar;C:\Users\Erik Lidström\.m2\repository\io\quarkus\quarkus-narayana-jta\1.5.1.Final\quarkus-narayana-jta-1.5.1.Final.jar;C:\Users\Erik Lidström\.m2\repository\io\quarkus\quarkus-mutiny\1.5.1.Final\quarkus-mutiny-1.5.1.Final.jar;C:\Users\Erik Lidström\.m2\repository\io\smallrye\reactive\mutiny-context-propagation\0.5.0\mutiny-context-propagation-0.5.0.jar;C:\Users\Erik Lidström\.m2\repository\io\smallrye\smallrye-context-propagation-jta\1.0.13\smallrye-context-propagation-jta-1.0.13.jar;C:\Users\Erik Lidström\.m2\repository\io\smallrye\reactive\smallrye-reactive-converter-api\1.0.12\smallrye-reactive-converter-api-1.0.12.jar;C:\Users\Erik Lidström\.m2\repository\org\eclipse\microprofile\reactive-streams-operators\microprofile-reactive-streams-operators-api\1.0.1\microprofile-reactive-streams-operators-api-1.0.1.jar;C:\Users\Erik Lidström\.m2\repository\org\eclipse\microprofile\reactive-streams-operators\microprofile-reactive-streams-operators-core\1.0.1\microprofile-reactive-streams-operators-core-1.0.1.jar;C:\Users\Erik Lidström\.m2\repository\io\smallrye\reactive\smallrye-reactive-converter-mutiny\1.0.12\smallrye-reactive-converter-mutiny-1.0.12.jar;C:\Users\Erik Lidström\.m2\repository\org\hibernate\hibernate-core\5.4.16.Final\hibernate-core-5.4.16.Final.jar;C:\Users\Erik Lidström\.m2\repository\net\bytebuddy\byte-buddy\1.10.10\byte-buddy-1.10.10.jar;C:\Users\Erik Lidström\.m2\repository\antlr\antlr\2.7.7\antlr-2.7.7.jar;C:\Users\Erik Lidström\.m2\repository\com\fasterxml\classmate\1.3.4\classmate-1.3.4.jar;C:\Users\Erik Lidström\.m2\repository\org\dom4j\dom4j\2.1.3\dom4j-2.1.3.jar;C:\Users\Erik Lidström\.m2\repository\org\hibernate\common\hibernate-commons-annotations\5.1.0.Final\hibernate-commons-annotations-5.1.0.Final.jar;C:\Users\Erik Lidström\.m2\repository\org\hibernate\hibernate-graalvm\5.4.16.Final\hibernate-graalvm-5.4.16.Final.jar;C:\Users\Erik Lidström\.m2\repository\org\glassfish\jaxb\jaxb-runtime\2.3.3-b02\jaxb-runtime-2.3.3-b02.jar;C:\Users\Erik Lidström\.m2\repository\org\glassfish\jaxb\txw2\2.3.3-b02\txw2-2.3.3-b02.jar;C:\Users\Erik Lidström\.m2\repository\com\sun\istack\istack-commons-runtime\3.0.10\istack-commons-runtime-3.0.10.jar;C:\Users\Erik Lidström\.m2\repository\com\sun\activation\jakarta.activation\1.2.1\jakarta.activation-1.2.1.jar;C:\Users\Erik Lidström\.m2\repository\org\jboss\spec\javax\xml\bind\jboss-jaxb-api_2.3_spec\2.0.0.Final\jboss-jaxb-api_2.3_spec-2.0.0.Final.jar;C:\Users\Erik Lidström\.m2\repository\jakarta\persistence\jakarta.persistence-api\2.2.3\jakarta.persistence-api-2.2.3.jar;C:\Users\Erik Lidström\.m2\repository\jakarta\transaction\jakarta.transaction-api\1.3.3\jakarta.transaction-api-1.3.3.jar;C:\Users\Erik Lidström\.m2\repository\org\hibernate\quarkus-local-cache\0.1.0\quarkus-local-cache-0.1.0.jar;C:\Users\Erik Lidström\.m2\repository\com\github\ben-manes\caffeine\caffeine\2.8.4\caffeine-2.8.4.jar;C:\Users\Erik Lidström\.m2\repository\com\google\errorprone\error_prone_annotations\2.2.0\error_prone_annotations-2.2.0.jar;C:\Users\Erik Lidström\.m2\repository\io\quarkus\quarkus-caffeine\1.5.1.Final\quarkus-caffeine-1.5.1.Final.jar;C:\Users\Erik Lidström\.m2\repository\io\quarkus\quarkus-agroal\1.5.1.Final\quarkus-agroal-1.5.1.Final.jar;C:\Users\Erik Lidström\.m2\repository\io\quarkus\quarkus-datasource\1.5.1.Final\quarkus-datasource-1.5.1.Final.jar;C:\Users\Erik Lidström\.m2\repository\io\quarkus\quarkus-datasource-common\1.5.1.Final\quarkus-datasource-common-1.5.1.Final.jar;C:\Users\Erik Lidström\.m2\repository\org\jboss\narayana\jta\narayana-jta\5.10.4.Final\narayana-jta-5.10.4.Final.jar;C:\Users\Erik Lidström\.m2\repository\org\jboss\jboss-transaction-spi\7.6.0.Final\jboss-transaction-spi-7.6.0.Final.jar;C:\Users\Erik Lidström\.m2\repository\org\jboss\spec\javax\resource\jboss-connector-api_1.7_spec\1.0.0.Final\jboss-connector-api_1.7_spec-1.0.0.Final.jar;C:\Users\Erik Lidström\.m2\repository\org\jboss\narayana\jts\narayana-jts-integration\5.10.4.Final\narayana-jts-integration-5.10.4.Final.jar;C:\Users\Erik Lidström\.m2\repository\io\agroal\agroal-api\1.8\agroal-api-1.8.jar;C:\Users\Erik Lidström\.m2\repository\io\agroal\agroal-narayana\1.8\agroal-narayana-1.8.jar;C:\Users\Erik Lidström\.m2\repository\io\agroal\agroal-pool\1.8\agroal-pool-1.8.jar;C:\Users\Erik Lidström\.m2\repository\io\quarkus\quarkus-credentials\1.5.1.Final\quarkus-credentials-1.5.1.Final.jar;C:\Users\Erik Lidström\.m2\repository\io\quarkus\quarkus-jdbc-postgresql\1.5.1.Final\quarkus-jdbc-postgresql-1.5.1.Final.jar;C:\Users\Erik Lidström\.m2\repository\org\postgresql\postgresql\42.2.12\postgresql-42.2.12.jar;C:\Users\Erik Lidström\.m2\repository\io\quarkus\quarkus-resteasy-jsonb\1.5.1.Final\quarkus-resteasy-jsonb-1.5.1.Final.jar;C:\Users\Erik Lidström\.m2\repository\io\quarkus\quarkus-jsonb\1.5.1.Final\quarkus-jsonb-1.5.1.Final.jar;C:\Users\Erik Lidström\.m2\repository\org\eclipse\yasson\1.0.7\yasson-1.0.7.jar;C:\Users\Erik Lidström\.m2\repository\org\jboss\resteasy\resteasy-json-binding-provider\4.5.3.Final\resteasy-json-binding-provider-4.5.3.Final.jar;C:\Users\Erik Lidström\.m2\repository\jakarta\json\bind\jakarta.json.bind-api\1.0.2\jakarta.json.bind-api-1.0.2.jar;C:\Users\Erik Lidström\.m2\repository\org\jboss\resteasy\resteasy-json-p-provider\4.5.3.Final\resteasy-json-p-provider-4.5.3.Final.jar;C:\Users\Erik Lidström\.m2\repository\commons-io\commons-io\2.6\commons-io-2.6.jar;C:\Users\Erik Lidström\.m2\repository\io\quarkus\quarkus-resteasy\1.5.1.Final\quarkus-resteasy-1.5.1.Final.jar;C:\Users\Erik Lidström\.m2\repository\io\quarkus\quarkus-resteasy-server-common\1.5.1.Final\quarkus-resteasy-server-common-1.5.1.Final.jar;C:\Users\Erik Lidström\.m2\repository\io\quarkus\quarkus-resteasy-common\1.5.1.Final\quarkus-resteasy-common-1.5.1.Final.jar;C:\Users\Erik Lidström\.m2\repository\org\jboss\resteasy\resteasy-core\4.5.3.Final\resteasy-core-4.5.3.Final.jar;C:\Users\Erik Lidström\.m2\repository\org\jboss\spec\javax\ws\rs\jboss-jaxrs-api_2.1_spec\2.0.1.Final\jboss-jaxrs-api_2.1_spec-2.0.1.Final.jar;C:\Users\Erik Lidström\.m2\repository\org\jboss\resteasy\resteasy-core-spi\4.5.3.Final\resteasy-core-spi-4.5.3.Final.jar;C:\Users\Erik Lidström\.m2\repository\jakarta\validation\jakarta.validation-api\2.0.2\jakarta.validation-api-2.0.2.jar;C:\Users\Erik Lidström\.m2\repository\io\quarkus\quarkus-undertow\1.5.1.Final\quarkus-undertow-1.5.1.Final.jar;C:\Users\Erik Lidström\.m2\repository\io\quarkus\security\quarkus-security\1.1.1.Final\quarkus-security-1.1.1.Final.jar;C:\Users\Erik Lidström\.m2\repository\io\smallrye\reactive\mutiny\0.5.0\mutiny-0.5.0.jar;C:\Users\Erik Lidström\.m2\repository\org\reactivestreams\reactive-streams\1.0.3\reactive-streams-1.0.3.jar;C:\Users\Erik Lidström\.m2\repository\io\quarkus\http\quarkus-http-servlet\3.0.9.Final\quarkus-http-servlet-3.0.9.Final.jar;C:\Users\Erik Lidström\.m2\repository\jakarta\servlet\jakarta.servlet-api\4.0.3\jakarta.servlet-api-4.0.3.jar;C:\Users\Erik Lidström\.m2\repository\io\quarkus\http\quarkus-http-vertx-backend\3.0.9.Final\quarkus-http-vertx-backend-3.0.9.Final.jar;C:\Users\Erik Lidström\.m2\repository\io\vertx\vertx-core\3.9.0\vertx-core-3.9.0.jar;C:\Users\Erik Lidström\.m2\repository\io\netty\netty-common\4.1.49.Final\netty-common-4.1.49.Final.jar;C:\Users\Erik Lidström\.m2\repository\io\netty\netty-buffer\4.1.49.Final\netty-buffer-4.1.49.Final.jar;C:\Users\Erik Lidström\.m2\repository\io\netty\netty-transport\4.1.49.Final\netty-transport-4.1.49.Final.jar;C:\Users\Erik Lidström\.m2\repository\io\netty\netty-handler\4.1.49.Final\netty-handler-4.1.49.Final.jar;C:\Users\Erik Lidström\.m2\repository\io\netty\netty-handler-proxy\4.1.49.Final\netty-handler-proxy-4.1.49.Final.jar;C:\Users\Erik Lidström\.m2\repository\io\netty\netty-codec-socks\4.1.49.Final\netty-codec-socks-4.1.49.Final.jar;C:\Users\Erik Lidström\.m2\repository\io\netty\netty-codec-http2\4.1.49.Final\netty-codec-http2-4.1.49.Final.jar;C:\Users\Erik Lidström\.m2\repository\io\netty\netty-resolver\4.1.49.Final\netty-resolver-4.1.49.Final.jar;C:\Users\Erik Lidström\.m2\repository\io\netty\netty-resolver-dns\4.1.49.Final\netty-resolver-dns-4.1.49.Final.jar;C:\Users\Erik Lidström\.m2\repository\io\netty\netty-codec-dns\4.1.49.Final\netty-codec-dns-4.1.49.Final.jar;C:\Users\Erik Lidström\.m2\repository\io\quarkus\http\quarkus-http-http-core\3.0.9.Final\quarkus-http-http-core-3.0.9.Final.jar;C:\Users\Erik Lidström\.m2\repository\io\quarkus\http\quarkus-http-core\3.0.9.Final\quarkus-http-core-3.0.9.Final.jar;C:\Users\Erik Lidström\.m2\repository\io\netty\netty-codec-http\4.1.49.Final\netty-codec-http-4.1.49.Final.jar;C:\Users\Erik Lidström\.m2\repository\io\netty\netty-codec\4.1.49.Final\netty-codec-4.1.49.Final.jar;C:\Users\Erik Lidström\.m2\repository\io\swagger\core\v3\swagger-jaxrs2\2.0.8\swagger-jaxrs2-2.0.8.jar;C:\Users\Erik Lidström\.m2\repository\com\fasterxml\jackson\core\jackson-databind\2.10.4\jackson-databind-2.10.4.jar;C:\Users\Erik Lidström\.m2\repository\com\fasterxml\jackson\core\jackson-annotations\2.10.4\jackson-annotations-2.10.4.jar;C:\Users\Erik Lidström\.m2\repository\io\github\classgraph\classgraph\4.6.32\classgraph-4.6.32.jar;C:\Users\Erik Lidström\.m2\repository\org\javassist\javassist\3.20.0-GA\javassist-3.20.0-GA.jar;C:\Users\Erik Lidström\.m2\repository\io\swagger\core\v3\swagger-models\2.0.8\swagger-models-2.0.8.jar;C:\Users\Erik Lidström\.m2\repository\io\swagger\core\v3\swagger-annotations\2.0.8\swagger-annotations-2.0.8.jar;C:\Users\Erik Lidström\.m2\repository\io\swagger\core\v3\swagger-integration\2.0.8\swagger-integration-2.0.8.jar;C:\Users\Erik Lidström\.m2\repository\io\swagger\core\v3\swagger-core\2.0.8\swagger-core-2.0.8.jar;C:\Users\Erik Lidström\.m2\repository\javax\xml\bind\jaxb-api\2.3.1\jaxb-api-2.3.1.jar;C:\Users\Erik Lidström\.m2\repository\javax\activation\javax.activation-api\1.2.0\javax.activation-api-1.2.0.jar;C:\Users\Erik Lidström\.m2\repository\javax\validation\validation-api\2.0.1.Final\validation-api-2.0.1.Final.jar;C:\Users\Erik Lidström\.m2\repository\com\fasterxml\jackson\jaxrs\jackson-jaxrs-json-provider\2.10.4\jackson-jaxrs-json-provider-2.10.4.jar;C:\Users\Erik Lidström\.m2\repository\com\fasterxml\jackson\jaxrs\jackson-jaxrs-base\2.10.4\jackson-jaxrs-base-2.10.4.jar;C:\Users\Erik Lidström\.m2\repository\com\fasterxml\jackson\module\jackson-module-jaxb-annotations\2.10.4\jackson-module-jaxb-annotations-2.10.4.jar;C:\Users\Erik Lidström\.m2\repository\jakarta\activation\jakarta.activation-api\1.2.1\jakarta.activation-api-1.2.1.jar;C:\Users\Erik Lidström\.m2\repository\io\rest-assured\rest-assured\4.3.0\rest-assured-4.3.0.jar;C:\Users\Erik Lidström\.m2\repository\org\codehaus\groovy\groovy\3.0.2\groovy-3.0.2.jar;C:\Users\Erik Lidström\.m2\repository\org\codehaus\groovy\groovy-xml\3.0.2\groovy-xml-3.0.2.jar;C:\Users\Erik Lidström\.m2\repository\org\apache\httpcomponents\httpclient\4.5.12\httpclient-4.5.12.jar;C:\Users\Erik Lidström\.m2\repository\org\apache\httpcomponents\httpcore\4.4.13\httpcore-4.4.13.jar;C:\Users\Erik Lidström\.m2\repository\commons-codec\commons-codec\1.14\commons-codec-1.14.jar;C:\Users\Erik Lidström\.m2\repository\org\apache\httpcomponents\httpmime\4.5.3\httpmime-4.5.3.jar;C:\Users\Erik Lidström\.m2\repository\org\hamcrest\hamcrest\2.1\hamcrest-2.1.jar;C:\Users\Erik Lidström\.m2\repository\org\ccil\cowan\tagsoup\tagsoup\1.2.1\tagsoup-1.2.1.jar;C:\Users\Erik Lidström\.m2\repository\io\rest-assured\json-path\4.3.0\json-path-4.3.0.jar;C:\Users\Erik Lidström\.m2\repository\org\codehaus\groovy\groovy-json\3.0.2\groovy-json-3.0.2.jar;C:\Users\Erik Lidström\.m2\repository\io\rest-assured\rest-assured-common\4.3.0\rest-assured-common-4.3.0.jar;C:\Users\Erik Lidström\.m2\repository\io\rest-assured\xml-path\4.3.0\xml-path-4.3.0.jar;C:\Users\Erik Lidström\.m2\repository\org\apache\commons\commons-lang3\3.9\commons-lang3-3.9.jar;C:\Users\Erik Lidström\.m2\repository\jakarta\xml\bind\jakarta.xml.bind-api\2.3.2\jakarta.xml.bind-api-2.3.2.jar;C:\Users\Erik Lidström\.m2\repository\org\apache\sling\org.apache.sling.javax.activation\0.1.0\org.apache.sling.javax.activation-0.1.0.jar;C:\Users\Erik Lidström\.m2\repository\io\quarkus\quarkus-junit5\1.5.1.Final\quarkus-junit5-1.5.1.Final.jar;C:\Users\Erik Lidström\.m2\repository\io\quarkus\quarkus-bootstrap-core\1.5.1.Final\quarkus-bootstrap-core-1.5.1.Final.jar;C:\Users\Erik Lidström\.m2\repository\org\ow2\asm\asm\8.0.1\asm-8.0.1.jar;C:\Users\Erik Lidström\.m2\repository\org\apache\maven\maven-embedder\3.6.3\maven-embedder-3.6.3.jar;C:\Users\Erik Lidström\.m2\repository\org\apache\maven\maven-settings\3.6.3\maven-settings-3.6.3.jar;C:\Users\Erik Lidström\.m2\repository\org\apache\maven\maven-core\3.6.3\maven-core-3.6.3.jar;C:\Users\Erik Lidström\.m2\repository\org\apache\maven\maven-artifact\3.6.2\maven-artifact-3.6.2.jar;C:\Users\Erik Lidström\.m2\repository\org\codehaus\plexus\plexus-component-annotations\2.1.0\plexus-component-annotations-2.1.0.jar;C:\Users\Erik Lidström\.m2\repository\org\apache\maven\maven-plugin-api\3.6.3\maven-plugin-api-3.6.3.jar;C:\Users\Erik Lidström\.m2\repository\org\apache\maven\maven-model\3.6.3\maven-model-3.6.3.jar;C:\Users\Erik Lidström\.m2\repository\org\apache\maven\maven-model-builder\3.6.3\maven-model-builder-3.6.3.jar;C:\Users\Erik Lidström\.m2\repository\org\apache\maven\maven-builder-support\3.6.3\maven-builder-support-3.6.3.jar;C:\Users\Erik Lidström\.m2\repository\org\apache\maven\resolver\maven-resolver-api\1.4.1\maven-resolver-api-1.4.1.jar;C:\Users\Erik Lidström\.m2\repository\org\apache\maven\resolver\maven-resolver-util\1.4.1\maven-resolver-util-1.4.1.jar;C:\Users\Erik Lidström\.m2\repository\org\apache\maven\shared\maven-shared-utils\3.2.1\maven-shared-utils-3.2.1.jar;C:\Users\Erik Lidström\.m2\repository\com\google\inject\guice\4.2.1\guice-4.2.1-no_aop.jar;C:\Users\Erik Lidström\.m2\repository\com\google\guava\guava\27.0.1-jre\guava-27.0.1-jre.jar;C:\Users\Erik Lidström\.m2\repository\com\google\guava\failureaccess\1.0.1\failureaccess-1.0.1.jar;C:\Users\Erik Lidström\.m2\repository\com\google\guava\listenablefuture\9999.0-empty-to-avoid-conflict-with-guava\listenablefuture-9999.0-empty-to-avoid-conflict-with-guava.jar;C:\Users\Erik Lidström\.m2\repository\org\codehaus\plexus\plexus-utils\3.2.1\plexus-utils-3.2.1.jar;C:\Users\Erik Lidström\.m2\repository\org\codehaus\plexus\plexus-classworlds\2.5.2\plexus-classworlds-2.5.2.jar;C:\Users\Erik Lidström\.m2\repository\commons-cli\commons-cli\1.4\commons-cli-1.4.jar;C:\Users\Erik Lidström\.m2\repository\org\eclipse\sisu\org.eclipse.sisu.plexus\0.3.4\org.eclipse.sisu.plexus-0.3.4.jar;C:\Users\Erik Lidström\.m2\repository\org\apache\maven\maven-settings-builder\3.6.3\maven-settings-builder-3.6.3.jar;C:\Users\Erik Lidström\.m2\repository\org\codehaus\plexus\plexus-interpolation\1.25\plexus-interpolation-1.25.jar;C:\Users\Erik Lidström\.m2\repository\org\sonatype\plexus\plexus-sec-dispatcher\1.4\plexus-sec-dispatcher-1.4.jar;C:\Users\Erik Lidström\.m2\repository\org\sonatype\plexus\plexus-cipher\1.4\plexus-cipher-1.4.jar;C:\Users\Erik Lidström\.m2\repository\org\apache\maven\maven-resolver-provider\3.6.3\maven-resolver-provider-3.6.3.jar;C:\Users\Erik Lidström\.m2\repository\org\apache\maven\maven-repository-metadata\3.6.3\maven-repository-metadata-3.6.3.jar;C:\Users\Erik Lidström\.m2\repository\org\apache\maven\resolver\maven-resolver-spi\1.4.1\maven-resolver-spi-1.4.1.jar;C:\Users\Erik Lidström\.m2\repository\org\apache\maven\resolver\maven-resolver-impl\1.4.1\maven-resolver-impl-1.4.1.jar;C:\Users\Erik Lidström\.m2\repository\org\apache\maven\resolver\maven-resolver-connector-basic\1.4.1\maven-resolver-connector-basic-1.4.1.jar;C:\Users\Erik Lidström\.m2\repository\org\apache\maven\resolver\maven-resolver-transport-wagon\1.4.1\maven-resolver-transport-wagon-1.4.1.jar;C:\Users\Erik Lidström\.m2\repository\org\apache\maven\wagon\wagon-http\3.3.4\wagon-http-3.3.4.jar;C:\Users\Erik Lidström\.m2\repository\org\apache\maven\wagon\wagon-http-shared\3.3.4\wagon-http-shared-3.3.4.jar;C:\Users\Erik Lidström\.m2\repository\org\jsoup\jsoup\1.12.1\jsoup-1.12.1.jar;C:\Users\Erik Lidström\.m2\repository\org\apache\maven\wagon\wagon-provider-api\3.3.4\wagon-provider-api-3.3.4.jar;C:\Users\Erik Lidström\.m2\repository\org\apache\maven\wagon\wagon-file\3.3.4\wagon-file-3.3.4.jar;C:\Users\Erik Lidström\.m2\repository\org\eclipse\sisu\org.eclipse.sisu.inject\0.3.4\org.eclipse.sisu.inject-0.3.4.jar;C:\Users\Erik Lidström\.m2\repository\io\quarkus\quarkus-test-common\1.5.1.Final\quarkus-test-common-1.5.1.Final.jar;C:\Users\Erik Lidström\.m2\repository\io\quarkus\quarkus-core-deployment\1.5.1.Final\quarkus-core-deployment-1.5.1.Final.jar;C:\Users\Erik Lidström\.m2\repository\io\quarkus\gizmo\gizmo\1.0.3.Final\gizmo-1.0.3.Final.jar;C:\Users\Erik Lidström\.m2\repository\org\ow2\asm\asm-util\8.0.1\asm-util-8.0.1.jar;C:\Users\Erik Lidström\.m2\repository\org\ow2\asm\asm-tree\8.0.1\asm-tree-8.0.1.jar;C:\Users\Erik Lidström\.m2\repository\org\ow2\asm\asm-analysis\8.0.1\asm-analysis-8.0.1.jar;C:\Users\Erik Lidström\.m2\repository\io\quarkus\quarkus-builder\1.5.1.Final\quarkus-builder-1.5.1.Final.jar;C:\Users\Erik Lidström\.m2\repository\io\quarkus\quarkus-jsonp-deployment\1.5.1.Final\quarkus-jsonp-deployment-1.5.1.Final.jar;C:\Users\Erik Lidström\.m2\repository\org\junit\jupiter\junit-jupiter\5.6.2\junit-jupiter-5.6.2.jar;C:\Users\Erik Lidström\.m2\repository\org\junit\jupiter\junit-jupiter-api\5.6.2\junit-jupiter-api-5.6.2.jar;C:\Users\Erik Lidström\.m2\repository\org\apiguardian\apiguardian-api\1.1.0\apiguardian-api-1.1.0.jar;C:\Users\Erik Lidström\.m2\repository\org\opentest4j\opentest4j\1.2.0\opentest4j-1.2.0.jar;C:\Users\Erik Lidström\.m2\repository\org\junit\platform\junit-platform-commons\1.6.2\junit-platform-commons-1.6.2.jar;C:\Users\Erik Lidström\.m2\repository\org\junit\jupiter\junit-jupiter-params\5.6.2\junit-jupiter-params-5.6.2.jar;C:\Users\Erik Lidström\.m2\repository\org\junit\jupiter\junit-jupiter-engine\5.6.2\junit-jupiter-engine-5.6.2.jar;C:\Users\Erik Lidström\.m2\repository\org\junit\platform\junit-platform-engine\1.6.2\junit-platform-engine-1.6.2.jar;C:\Users\Erik Lidström\.m2\repository\com\thoughtworks\xstream\xstream\1.4.11.1\xstream-1.4.11.1.jar;C:\Users\Erik Lidström\.m2\repository\xmlpull\xmlpull\1.1.3.1\xmlpull-1.1.3.1.jar;C:\Users\Erik Lidström\.m2\repository\xpp3\xpp3_min\1.1.4c\xpp3_min-1.1.4c.jar;C:\Users\Erik Lidström\.m2\repository\io\quarkus\quarkus-jdbc-h2\1.5.1.Final\quarkus-jdbc-h2-1.5.1.Final.jar;C:\Users\Erik Lidström\.m2\repository\com\h2database\h2\1.4.197\h2-1.4.197.jar;C:\Users\Erik Lidström\.m2\repository\org\locationtech\jts\jts-core\1.15.0\jts-core-1.15.0.jar;C:\Users\Erik Lidström\.m2\repository\io\quarkus\quarkus-test-h2\1.5.1.Final\quarkus-test-h2-1.5.1.Final.jar;C:\Users\Erik Lidström\.m2\repository\io\specto\hoverfly-java-junit5\0.13.0\hoverfly-java-junit5-0.13.0.jar;C:\Users\Erik Lidström\.m2\repository\io\specto\hoverfly-java\0.13.0\hoverfly-java-0.13.0.jar;C:\Users\Erik Lidström\.m2\repository\com\squareup\okhttp3\okhttp\3.14.6\okhttp-3.14.6.jar;C:\Users\Erik Lidström\.m2\repository\com\squareup\okio\okio\1.17.2\okio-1.17.2.jar;C:\Users\Erik Lidström\.m2\repository\com\fasterxml\jackson\datatype\jackson-datatype-jsr310\2.10.4\jackson-datatype-jsr310-2.10.4.jar;C:\Users\Erik Lidström\.m2\repository\com\fasterxml\jackson\dataformat\jackson-dataformat-xml\2.10.4\jackson-dataformat-xml-2.10.4.jar;C:\Users\Erik Lidström\.m2\repository\org\codehaus\woodstox\stax2-api\4.2\stax2-api-4.2.jar;C:\Users\Erik Lidström\.m2\repository\com\fasterxml\woodstox\woodstox-core\6.2.0\woodstox-core-6.2.0.jar;C:\Users\Erik Lidström\.m2\repository\org\zeroturnaround\zt-exec\1.10\zt-exec-1.10.jar;C:\Users\Erik Lidström\.m2\repository\ch\qos\logback\logback-classic\1.1.3\logback-classic-1.1.3.jar;C:\Users\Erik Lidström\.m2\repository\ch\qos\logback\logback-core\1.1.3\logback-core-1.1.3.jar;"/>
    <property name="java.vm.vendor" value="Oracle Corporation"/>
    <property name="sun.arch.data.model" value="64"/>
    <property name="user.variant" value=""/>
    <property name="java.vendor.url" value="http://java.oracle.com/"/>
    <property name="user.timezone" value="Europe/Berlin"/>
    <property name="java.vm.specification.version" value="1.8"/>
    <property name="os.name" value="Windows 10"/>
    <property name="user.country" value="SE"/>
    <property name="sun.java.launcher" value="SUN_STANDARD"/>
    <property name="sun.boot.library.path" value="C:\Program Files\Java\jdk1.8.0_112\jre\bin"/>
    <property name="sun.java.command" value="C:\Users\ERIKLI~1\AppData\Local\Temp\surefire2457548329653493527\surefirebooter1266505151064729196.jar C:\Users\Erik Lidström\AppData\Local\Temp\surefire2457548329653493527 2020-06-12T16-18-24_927-jvmRun1 surefire5173437840043548394tmp surefire_07291268119713458722tmp"/>
    <property name="surefire.test.class.path" value="D:\OneDrive\repo\GitHub\hoverfly-test\target\test-classes;D:\OneDrive\repo\GitHub\hoverfly-test\target\classes;C:\Users\Erik Lidström\.m2\repository\io\quarkus\quarkus-arc\1.5.1.Final\quarkus-arc-1.5.1.Final.jar;C:\Users\Erik Lidström\.m2\repository\io\quarkus\arc\arc\1.5.1.Final\arc-1.5.1.Final.jar;C:\Users\Erik Lidström\.m2\repository\org\jboss\logging\jboss-logging\3.3.2.Final\jboss-logging-3.3.2.Final.jar;C:\Users\Erik Lidström\.m2\repository\io\quarkus\quarkus-core\1.5.1.Final\quarkus-core-1.5.1.Final.jar;C:\Users\Erik Lidström\.m2\repository\jakarta\inject\jakarta.inject-api\1.0\jakarta.inject-api-1.0.jar;C:\Users\Erik Lidström\.m2\repository\io\quarkus\quarkus-ide-launcher\1.5.1.Final\quarkus-ide-launcher-1.5.1.Final.jar;C:\Users\Erik Lidström\.m2\repository\io\quarkus\quarkus-development-mode-spi\1.5.1.Final\quarkus-development-mode-spi-1.5.1.Final.jar;C:\Users\Erik Lidström\.m2\repository\io\smallrye\config\smallrye-config\1.7.0\smallrye-config-1.7.0.jar;C:\Users\Erik Lidström\.m2\repository\io\smallrye\config\smallrye-config-common\1.7.0\smallrye-config-common-1.7.0.jar;C:\Users\Erik Lidström\.m2\repository\org\jboss\logmanager\jboss-logmanager-embedded\1.0.4\jboss-logmanager-embedded-1.0.4.jar;C:\Users\Erik Lidström\.m2\repository\org\jboss\logging\jboss-logging-annotations\2.1.0.Final\jboss-logging-annotations-2.1.0.Final.jar;C:\Users\Erik Lidström\.m2\repository\org\jboss\threads\jboss-threads\3.1.1.Final\jboss-threads-3.1.1.Final.jar;C:\Users\Erik Lidström\.m2\repository\org\slf4j\slf4j-api\1.7.30\slf4j-api-1.7.30.jar;C:\Users\Erik Lidström\.m2\repository\org\jboss\slf4j\slf4j-jboss-logging\1.2.0.Final\slf4j-jboss-logging-1.2.0.Final.jar;C:\Users\Erik Lidström\.m2\repository\org\graalvm\sdk\graal-sdk\19.3.1\graal-sdk-19.3.1.jar;C:\Users\Erik Lidström\.m2\repository\org\wildfly\common\wildfly-common\1.5.4.Final-format-001\wildfly-common-1.5.4.Final-format-001.jar;C:\Users\Erik Lidström\.m2\repository\io\quarkus\quarkus-bootstrap-runner\1.5.1.Final\quarkus-bootstrap-runner-1.5.1.Final.jar;C:\Users\Erik Lidström\.m2\repository\org\eclipse\microprofile\context-propagation\microprofile-context-propagation-api\1.0.1\microprofile-context-propagation-api-1.0.1.jar;C:\Users\Erik Lidström\.m2\repository\io\quarkus\quarkus-smallrye-health\1.5.1.Final\quarkus-smallrye-health-1.5.1.Final.jar;C:\Users\Erik Lidström\.m2\repository\io\smallrye\smallrye-health\2.2.1\smallrye-health-2.2.1.jar;C:\Users\Erik Lidström\.m2\repository\org\eclipse\microprofile\health\microprofile-health-api\2.2\microprofile-health-api-2.2.jar;C:\Users\Erik Lidström\.m2\repository\io\smallrye\smallrye-health-extension-api\2.2.1\smallrye-health-extension-api-2.2.1.jar;C:\Users\Erik Lidström\.m2\repository\io\quarkus\quarkus-vertx-http\1.5.1.Final\quarkus-vertx-http-1.5.1.Final.jar;C:\Users\Erik Lidström\.m2\repository\io\quarkus\quarkus-vertx-core\1.5.1.Final\quarkus-vertx-core-1.5.1.Final.jar;C:\Users\Erik Lidström\.m2\repository\io\quarkus\quarkus-netty\1.5.1.Final\quarkus-netty-1.5.1.Final.jar;C:\Users\Erik Lidström\.m2\repository\io\vertx\vertx-web\3.9.0\vertx-web-3.9.0.jar;C:\Users\Erik Lidström\.m2\repository\io\vertx\vertx-web-common\3.9.0\vertx-web-common-3.9.0.jar;C:\Users\Erik Lidström\.m2\repository\io\vertx\vertx-auth-common\3.9.0\vertx-auth-common-3.9.0.jar;C:\Users\Erik Lidström\.m2\repository\io\vertx\vertx-bridge-common\3.9.0\vertx-bridge-common-3.9.0.jar;C:\Users\Erik Lidström\.m2\repository\io\quarkus\quarkus-jsonp\1.5.1.Final\quarkus-jsonp-1.5.1.Final.jar;C:\Users\Erik Lidström\.m2\repository\org\glassfish\jakarta.json\1.1.6\jakarta.json-1.1.6.jar;C:\Users\Erik Lidström\.m2\repository\io\quarkus\quarkus-smallrye-metrics\1.5.1.Final\quarkus-smallrye-metrics-1.5.1.Final.jar;C:\Users\Erik Lidström\.m2\repository\io\smallrye\smallrye-metrics\2.4.2\smallrye-metrics-2.4.2.jar;C:\Users\Erik Lidström\.m2\repository\org\eclipse\microprofile\metrics\microprofile-metrics-api\2.3\microprofile-metrics-api-2.3.jar;C:\Users\Erik Lidström\.m2\repository\io\quarkus\quarkus-smallrye-fault-tolerance\1.5.1.Final\quarkus-smallrye-fault-tolerance-1.5.1.Final.jar;C:\Users\Erik Lidström\.m2\repository\io\smallrye\smallrye-fault-tolerance\4.2.0\smallrye-fault-tolerance-4.2.0.jar;C:\Users\Erik Lidström\.m2\repository\org\eclipse\microprofile\fault-tolerance\microprofile-fault-tolerance-api\2.1\microprofile-fault-tolerance-api-2.1.jar;C:\Users\Erik Lidström\.m2\repository\io\smallrye\smallrye-fault-tolerance-core\4.2.0\smallrye-fault-tolerance-core-4.2.0.jar;C:\Users\Erik Lidström\.m2\repository\jakarta\enterprise\concurrent\jakarta.enterprise.concurrent-api\1.1.2\jakarta.enterprise.concurrent-api-1.1.2.jar;C:\Users\Erik Lidström\.m2\repository\org\eclipse\microprofile\config\microprofile-config-api\1.4\microprofile-config-api-1.4.jar;C:\Users\Erik Lidström\.m2\repository\jakarta\enterprise\jakarta.enterprise.cdi-api\2.0.2\jakarta.enterprise.cdi-api-2.0.2.jar;C:\Users\Erik Lidström\.m2\repository\jakarta\el\jakarta.el-api\3.0.3\jakarta.el-api-3.0.3.jar;C:\Users\Erik Lidström\.m2\repository\jakarta\interceptor\jakarta.interceptor-api\1.2.5\jakarta.interceptor-api-1.2.5.jar;C:\Users\Erik Lidström\.m2\repository\jakarta\annotation\jakarta.annotation-api\1.3.5\jakarta.annotation-api-1.3.5.jar;C:\Users\Erik Lidström\.m2\repository\org\jboss\logging\commons-logging-jboss-logging\1.0.0.Final\commons-logging-jboss-logging-1.0.0.Final.jar;C:\Users\Erik Lidström\.m2\repository\io\quarkus\quarkus-smallrye-context-propagation\1.5.1.Final\quarkus-smallrye-context-propagation-1.5.1.Final.jar;C:\Users\Erik Lidström\.m2\repository\io\smallrye\smallrye-context-propagation\1.0.13\smallrye-context-propagation-1.0.13.jar;C:\Users\Erik Lidström\.m2\repository\io\smallrye\smallrye-context-propagation-api\1.0.13\smallrye-context-propagation-api-1.0.13.jar;C:\Users\Erik Lidström\.m2\repository\io\smallrye\smallrye-fault-tolerance-context-propagation\4.2.0\smallrye-fault-tolerance-context-propagation-4.2.0.jar;C:\Users\Erik Lidström\.m2\repository\io\quarkus\quarkus-smallrye-openapi\1.5.1.Final\quarkus-smallrye-openapi-1.5.1.Final.jar;C:\Users\Erik Lidström\.m2\repository\io\smallrye\smallrye-open-api\1.2.4\smallrye-open-api-1.2.4.jar;C:\Users\Erik Lidström\.m2\repository\org\eclipse\microprofile\openapi\microprofile-openapi-api\1.1.2\microprofile-openapi-api-1.1.2.jar;C:\Users\Erik Lidström\.m2\repository\com\fasterxml\jackson\core\jackson-core\2.10.4\jackson-core-2.10.4.jar;C:\Users\Erik Lidström\.m2\repository\com\fasterxml\jackson\dataformat\jackson-dataformat-yaml\2.10.4\jackson-dataformat-yaml-2.10.4.jar;C:\Users\Erik Lidström\.m2\repository\org\yaml\snakeyaml\1.26\snakeyaml-1.26.jar;C:\Users\Erik Lidström\.m2\repository\org\jboss\jandex\2.1.3.Final\jandex-2.1.3.Final.jar;C:\Users\Erik Lidström\.m2\repository\io\quarkus\quarkus-swagger-ui\1.5.1.Final\quarkus-swagger-ui-1.5.1.Final.jar;C:\Users\Erik Lidström\.m2\repository\io\quarkus\quarkus-hibernate-orm\1.5.1.Final\quarkus-hibernate-orm-1.5.1.Final.jar;C:\Users\Erik Lidström\.m2\repository\io\quarkus\quarkus-narayana-jta\1.5.1.Final\quarkus-narayana-jta-1.5.1.Final.jar;C:\Users\Erik Lidström\.m2\repository\io\quarkus\quarkus-mutiny\1.5.1.Final\quarkus-mutiny-1.5.1.Final.jar;C:\Users\Erik Lidström\.m2\repository\io\smallrye\reactive\mutiny-context-propagation\0.5.0\mutiny-context-propagation-0.5.0.jar;C:\Users\Erik Lidström\.m2\repository\io\smallrye\smallrye-context-propagation-jta\1.0.13\smallrye-context-propagation-jta-1.0.13.jar;C:\Users\Erik Lidström\.m2\repository\io\smallrye\reactive\smallrye-reactive-converter-api\1.0.12\smallrye-reactive-converter-api-1.0.12.jar;C:\Users\Erik Lidström\.m2\repository\org\eclipse\microprofile\reactive-streams-operators\microprofile-reactive-streams-operators-api\1.0.1\microprofile-reactive-streams-operators-api-1.0.1.jar;C:\Users\Erik Lidström\.m2\repository\org\eclipse\microprofile\reactive-streams-operators\microprofile-reactive-streams-operators-core\1.0.1\microprofile-reactive-streams-operators-core-1.0.1.jar;C:\Users\Erik Lidström\.m2\repository\io\smallrye\reactive\smallrye-reactive-converter-mutiny\1.0.12\smallrye-reactive-converter-mutiny-1.0.12.jar;C:\Users\Erik Lidström\.m2\repository\org\hibernate\hibernate-core\5.4.16.Final\hibernate-core-5.4.16.Final.jar;C:\Users\Erik Lidström\.m2\repository\net\bytebuddy\byte-buddy\1.10.10\byte-buddy-1.10.10.jar;C:\Users\Erik Lidström\.m2\repository\antlr\antlr\2.7.7\antlr-2.7.7.jar;C:\Users\Erik Lidström\.m2\repository\com\fasterxml\classmate\1.3.4\classmate-1.3.4.jar;C:\Users\Erik Lidström\.m2\repository\org\dom4j\dom4j\2.1.3\dom4j-2.1.3.jar;C:\Users\Erik Lidström\.m2\repository\org\hibernate\common\hibernate-commons-annotations\5.1.0.Final\hibernate-commons-annotations-5.1.0.Final.jar;C:\Users\Erik Lidström\.m2\repository\org\hibernate\hibernate-graalvm\5.4.16.Final\hibernate-graalvm-5.4.16.Final.jar;C:\Users\Erik Lidström\.m2\repository\org\glassfish\jaxb\jaxb-runtime\2.3.3-b02\jaxb-runtime-2.3.3-b02.jar;C:\Users\Erik Lidström\.m2\repository\org\glassfish\jaxb\txw2\2.3.3-b02\txw2-2.3.3-b02.jar;C:\Users\Erik Lidström\.m2\repository\com\sun\istack\istack-commons-runtime\3.0.10\istack-commons-runtime-3.0.10.jar;C:\Users\Erik Lidström\.m2\repository\com\sun\activation\jakarta.activation\1.2.1\jakarta.activation-1.2.1.jar;C:\Users\Erik Lidström\.m2\repository\org\jboss\spec\javax\xml\bind\jboss-jaxb-api_2.3_spec\2.0.0.Final\jboss-jaxb-api_2.3_spec-2.0.0.Final.jar;C:\Users\Erik Lidström\.m2\repository\jakarta\persistence\jakarta.persistence-api\2.2.3\jakarta.persistence-api-2.2.3.jar;C:\Users\Erik Lidström\.m2\repository\jakarta\transaction\jakarta.transaction-api\1.3.3\jakarta.transaction-api-1.3.3.jar;C:\Users\Erik Lidström\.m2\repository\org\hibernate\quarkus-local-cache\0.1.0\quarkus-local-cache-0.1.0.jar;C:\Users\Erik Lidström\.m2\repository\com\github\ben-manes\caffeine\caffeine\2.8.4\caffeine-2.8.4.jar;C:\Users\Erik Lidström\.m2\repository\com\google\errorprone\error_prone_annotations\2.2.0\error_prone_annotations-2.2.0.jar;C:\Users\Erik Lidström\.m2\repository\io\quarkus\quarkus-caffeine\1.5.1.Final\quarkus-caffeine-1.5.1.Final.jar;C:\Users\Erik Lidström\.m2\repository\io\quarkus\quarkus-agroal\1.5.1.Final\quarkus-agroal-1.5.1.Final.jar;C:\Users\Erik Lidström\.m2\repository\io\quarkus\quarkus-datasource\1.5.1.Final\quarkus-datasource-1.5.1.Final.jar;C:\Users\Erik Lidström\.m2\repository\io\quarkus\quarkus-datasource-common\1.5.1.Final\quarkus-datasource-common-1.5.1.Final.jar;C:\Users\Erik Lidström\.m2\repository\org\jboss\narayana\jta\narayana-jta\5.10.4.Final\narayana-jta-5.10.4.Final.jar;C:\Users\Erik Lidström\.m2\repository\org\jboss\jboss-transaction-spi\7.6.0.Final\jboss-transaction-spi-7.6.0.Final.jar;C:\Users\Erik Lidström\.m2\repository\org\jboss\spec\javax\resource\jboss-connector-api_1.7_spec\1.0.0.Final\jboss-connector-api_1.7_spec-1.0.0.Final.jar;C:\Users\Erik Lidström\.m2\repository\org\jboss\narayana\jts\narayana-jts-integration\5.10.4.Final\narayana-jts-integration-5.10.4.Final.jar;C:\Users\Erik Lidström\.m2\repository\io\agroal\agroal-api\1.8\agroal-api-1.8.jar;C:\Users\Erik Lidström\.m2\repository\io\agroal\agroal-narayana\1.8\agroal-narayana-1.8.jar;C:\Users\Erik Lidström\.m2\repository\io\agroal\agroal-pool\1.8\agroal-pool-1.8.jar;C:\Users\Erik Lidström\.m2\repository\io\quarkus\quarkus-credentials\1.5.1.Final\quarkus-credentials-1.5.1.Final.jar;C:\Users\Erik Lidström\.m2\repository\io\quarkus\quarkus-jdbc-postgresql\1.5.1.Final\quarkus-jdbc-postgresql-1.5.1.Final.jar;C:\Users\Erik Lidström\.m2\repository\org\postgresql\postgresql\42.2.12\postgresql-42.2.12.jar;C:\Users\Erik Lidström\.m2\repository\io\quarkus\quarkus-resteasy-jsonb\1.5.1.Final\quarkus-resteasy-jsonb-1.5.1.Final.jar;C:\Users\Erik Lidström\.m2\repository\io\quarkus\quarkus-jsonb\1.5.1.Final\quarkus-jsonb-1.5.1.Final.jar;C:\Users\Erik Lidström\.m2\repository\org\eclipse\yasson\1.0.7\yasson-1.0.7.jar;C:\Users\Erik Lidström\.m2\repository\org\jboss\resteasy\resteasy-json-binding-provider\4.5.3.Final\resteasy-json-binding-provider-4.5.3.Final.jar;C:\Users\Erik Lidström\.m2\repository\jakarta\json\bind\jakarta.json.bind-api\1.0.2\jakarta.json.bind-api-1.0.2.jar;C:\Users\Erik Lidström\.m2\repository\org\jboss\resteasy\resteasy-json-p-provider\4.5.3.Final\resteasy-json-p-provider-4.5.3.Final.jar;C:\Users\Erik Lidström\.m2\repository\commons-io\commons-io\2.6\commons-io-2.6.jar;C:\Users\Erik Lidström\.m2\repository\io\quarkus\quarkus-resteasy\1.5.1.Final\quarkus-resteasy-1.5.1.Final.jar;C:\Users\Erik Lidström\.m2\repository\io\quarkus\quarkus-resteasy-server-common\1.5.1.Final\quarkus-resteasy-server-common-1.5.1.Final.jar;C:\Users\Erik Lidström\.m2\repository\io\quarkus\quarkus-resteasy-common\1.5.1.Final\quarkus-resteasy-common-1.5.1.Final.jar;C:\Users\Erik Lidström\.m2\repository\org\jboss\resteasy\resteasy-core\4.5.3.Final\resteasy-core-4.5.3.Final.jar;C:\Users\Erik Lidström\.m2\repository\org\jboss\spec\javax\ws\rs\jboss-jaxrs-api_2.1_spec\2.0.1.Final\jboss-jaxrs-api_2.1_spec-2.0.1.Final.jar;C:\Users\Erik Lidström\.m2\repository\org\jboss\resteasy\resteasy-core-spi\4.5.3.Final\resteasy-core-spi-4.5.3.Final.jar;C:\Users\Erik Lidström\.m2\repository\jakarta\validation\jakarta.validation-api\2.0.2\jakarta.validation-api-2.0.2.jar;C:\Users\Erik Lidström\.m2\repository\io\quarkus\quarkus-undertow\1.5.1.Final\quarkus-undertow-1.5.1.Final.jar;C:\Users\Erik Lidström\.m2\repository\io\quarkus\security\quarkus-security\1.1.1.Final\quarkus-security-1.1.1.Final.jar;C:\Users\Erik Lidström\.m2\repository\io\smallrye\reactive\mutiny\0.5.0\mutiny-0.5.0.jar;C:\Users\Erik Lidström\.m2\repository\org\reactivestreams\reactive-streams\1.0.3\reactive-streams-1.0.3.jar;C:\Users\Erik Lidström\.m2\repository\io\quarkus\http\quarkus-http-servlet\3.0.9.Final\quarkus-http-servlet-3.0.9.Final.jar;C:\Users\Erik Lidström\.m2\repository\jakarta\servlet\jakarta.servlet-api\4.0.3\jakarta.servlet-api-4.0.3.jar;C:\Users\Erik Lidström\.m2\repository\io\quarkus\http\quarkus-http-vertx-backend\3.0.9.Final\quarkus-http-vertx-backend-3.0.9.Final.jar;C:\Users\Erik Lidström\.m2\repository\io\vertx\vertx-core\3.9.0\vertx-core-3.9.0.jar;C:\Users\Erik Lidström\.m2\repository\io\netty\netty-common\4.1.49.Final\netty-common-4.1.49.Final.jar;C:\Users\Erik Lidström\.m2\repository\io\netty\netty-buffer\4.1.49.Final\netty-buffer-4.1.49.Final.jar;C:\Users\Erik Lidström\.m2\repository\io\netty\netty-transport\4.1.49.Final\netty-transport-4.1.49.Final.jar;C:\Users\Erik Lidström\.m2\repository\io\netty\netty-handler\4.1.49.Final\netty-handler-4.1.49.Final.jar;C:\Users\Erik Lidström\.m2\repository\io\netty\netty-handler-proxy\4.1.49.Final\netty-handler-proxy-4.1.49.Final.jar;C:\Users\Erik Lidström\.m2\repository\io\netty\netty-codec-socks\4.1.49.Final\netty-codec-socks-4.1.49.Final.jar;C:\Users\Erik Lidström\.m2\repository\io\netty\netty-codec-http2\4.1.49.Final\netty-codec-http2-4.1.49.Final.jar;C:\Users\Erik Lidström\.m2\repository\io\netty\netty-resolver\4.1.49.Final\netty-resolver-4.1.49.Final.jar;C:\Users\Erik Lidström\.m2\repository\io\netty\netty-resolver-dns\4.1.49.Final\netty-resolver-dns-4.1.49.Final.jar;C:\Users\Erik Lidström\.m2\repository\io\netty\netty-codec-dns\4.1.49.Final\netty-codec-dns-4.1.49.Final.jar;C:\Users\Erik Lidström\.m2\repository\io\quarkus\http\quarkus-http-http-core\3.0.9.Final\quarkus-http-http-core-3.0.9.Final.jar;C:\Users\Erik Lidström\.m2\repository\io\quarkus\http\quarkus-http-core\3.0.9.Final\quarkus-http-core-3.0.9.Final.jar;C:\Users\Erik Lidström\.m2\repository\io\netty\netty-codec-http\4.1.49.Final\netty-codec-http-4.1.49.Final.jar;C:\Users\Erik Lidström\.m2\repository\io\netty\netty-codec\4.1.49.Final\netty-codec-4.1.49.Final.jar;C:\Users\Erik Lidström\.m2\repository\io\swagger\core\v3\swagger-jaxrs2\2.0.8\swagger-jaxrs2-2.0.8.jar;C:\Users\Erik Lidström\.m2\repository\com\fasterxml\jackson\core\jackson-databind\2.10.4\jackson-databind-2.10.4.jar;C:\Users\Erik Lidström\.m2\repository\com\fasterxml\jackson\core\jackson-annotations\2.10.4\jackson-annotations-2.10.4.jar;C:\Users\Erik Lidström\.m2\repository\io\github\classgraph\classgraph\4.6.32\classgraph-4.6.32.jar;C:\Users\Erik Lidström\.m2\repository\org\javassist\javassist\3.20.0-GA\javassist-3.20.0-GA.jar;C:\Users\Erik Lidström\.m2\repository\io\swagger\core\v3\swagger-models\2.0.8\swagger-models-2.0.8.jar;C:\Users\Erik Lidström\.m2\repository\io\swagger\core\v3\swagger-annotations\2.0.8\swagger-annotations-2.0.8.jar;C:\Users\Erik Lidström\.m2\repository\io\swagger\core\v3\swagger-integration\2.0.8\swagger-integration-2.0.8.jar;C:\Users\Erik Lidström\.m2\repository\io\swagger\core\v3\swagger-core\2.0.8\swagger-core-2.0.8.jar;C:\Users\Erik Lidström\.m2\repository\javax\xml\bind\jaxb-api\2.3.1\jaxb-api-2.3.1.jar;C:\Users\Erik Lidström\.m2\repository\javax\activation\javax.activation-api\1.2.0\javax.activation-api-1.2.0.jar;C:\Users\Erik Lidström\.m2\repository\javax\validation\validation-api\2.0.1.Final\validation-api-2.0.1.Final.jar;C:\Users\Erik Lidström\.m2\repository\com\fasterxml\jackson\jaxrs\jackson-jaxrs-json-provider\2.10.4\jackson-jaxrs-json-provider-2.10.4.jar;C:\Users\Erik Lidström\.m2\repository\com\fasterxml\jackson\jaxrs\jackson-jaxrs-base\2.10.4\jackson-jaxrs-base-2.10.4.jar;C:\Users\Erik Lidström\.m2\repository\com\fasterxml\jackson\module\jackson-module-jaxb-annotations\2.10.4\jackson-module-jaxb-annotations-2.10.4.jar;C:\Users\Erik Lidström\.m2\repository\jakarta\activation\jakarta.activation-api\1.2.1\jakarta.activation-api-1.2.1.jar;C:\Users\Erik Lidström\.m2\repository\io\rest-assured\rest-assured\4.3.0\rest-assured-4.3.0.jar;C:\Users\Erik Lidström\.m2\repository\org\codehaus\groovy\groovy\3.0.2\groovy-3.0.2.jar;C:\Users\Erik Lidström\.m2\repository\org\codehaus\groovy\groovy-xml\3.0.2\groovy-xml-3.0.2.jar;C:\Users\Erik Lidström\.m2\repository\org\apache\httpcomponents\httpclient\4.5.12\httpclient-4.5.12.jar;C:\Users\Erik Lidström\.m2\repository\org\apache\httpcomponents\httpcore\4.4.13\httpcore-4.4.13.jar;C:\Users\Erik Lidström\.m2\repository\commons-codec\commons-codec\1.14\commons-codec-1.14.jar;C:\Users\Erik Lidström\.m2\repository\org\apache\httpcomponents\httpmime\4.5.3\httpmime-4.5.3.jar;C:\Users\Erik Lidström\.m2\repository\org\hamcrest\hamcrest\2.1\hamcrest-2.1.jar;C:\Users\Erik Lidström\.m2\repository\org\ccil\cowan\tagsoup\tagsoup\1.2.1\tagsoup-1.2.1.jar;C:\Users\Erik Lidström\.m2\repository\io\rest-assured\json-path\4.3.0\json-path-4.3.0.jar;C:\Users\Erik Lidström\.m2\repository\org\codehaus\groovy\groovy-json\3.0.2\groovy-json-3.0.2.jar;C:\Users\Erik Lidström\.m2\repository\io\rest-assured\rest-assured-common\4.3.0\rest-assured-common-4.3.0.jar;C:\Users\Erik Lidström\.m2\repository\io\rest-assured\xml-path\4.3.0\xml-path-4.3.0.jar;C:\Users\Erik Lidström\.m2\repository\org\apache\commons\commons-lang3\3.9\commons-lang3-3.9.jar;C:\Users\Erik Lidström\.m2\repository\jakarta\xml\bind\jakarta.xml.bind-api\2.3.2\jakarta.xml.bind-api-2.3.2.jar;C:\Users\Erik Lidström\.m2\repository\org\apache\sling\org.apache.sling.javax.activation\0.1.0\org.apache.sling.javax.activation-0.1.0.jar;C:\Users\Erik Lidström\.m2\repository\io\quarkus\quarkus-junit5\1.5.1.Final\quarkus-junit5-1.5.1.Final.jar;C:\Users\Erik Lidström\.m2\repository\io\quarkus\quarkus-bootstrap-core\1.5.1.Final\quarkus-bootstrap-core-1.5.1.Final.jar;C:\Users\Erik Lidström\.m2\repository\org\ow2\asm\asm\8.0.1\asm-8.0.1.jar;C:\Users\Erik Lidström\.m2\repository\org\apache\maven\maven-embedder\3.6.3\maven-embedder-3.6.3.jar;C:\Users\Erik Lidström\.m2\repository\org\apache\maven\maven-settings\3.6.3\maven-settings-3.6.3.jar;C:\Users\Erik Lidström\.m2\repository\org\apache\maven\maven-core\3.6.3\maven-core-3.6.3.jar;C:\Users\Erik Lidström\.m2\repository\org\apache\maven\maven-artifact\3.6.2\maven-artifact-3.6.2.jar;C:\Users\Erik Lidström\.m2\repository\org\codehaus\plexus\plexus-component-annotations\2.1.0\plexus-component-annotations-2.1.0.jar;C:\Users\Erik Lidström\.m2\repository\org\apache\maven\maven-plugin-api\3.6.3\maven-plugin-api-3.6.3.jar;C:\Users\Erik Lidström\.m2\repository\org\apache\maven\maven-model\3.6.3\maven-model-3.6.3.jar;C:\Users\Erik Lidström\.m2\repository\org\apache\maven\maven-model-builder\3.6.3\maven-model-builder-3.6.3.jar;C:\Users\Erik Lidström\.m2\repository\org\apache\maven\maven-builder-support\3.6.3\maven-builder-support-3.6.3.jar;C:\Users\Erik Lidström\.m2\repository\org\apache\maven\resolver\maven-resolver-api\1.4.1\maven-resolver-api-1.4.1.jar;C:\Users\Erik Lidström\.m2\repository\org\apache\maven\resolver\maven-resolver-util\1.4.1\maven-resolver-util-1.4.1.jar;C:\Users\Erik Lidström\.m2\repository\org\apache\maven\shared\maven-shared-utils\3.2.1\maven-shared-utils-3.2.1.jar;C:\Users\Erik Lidström\.m2\repository\com\google\inject\guice\4.2.1\guice-4.2.1-no_aop.jar;C:\Users\Erik Lidström\.m2\repository\com\google\guava\guava\27.0.1-jre\guava-27.0.1-jre.jar;C:\Users\Erik Lidström\.m2\repository\com\google\guava\failureaccess\1.0.1\failureaccess-1.0.1.jar;C:\Users\Erik Lidström\.m2\repository\com\google\guava\listenablefuture\9999.0-empty-to-avoid-conflict-with-guava\listenablefuture-9999.0-empty-to-avoid-conflict-with-guava.jar;C:\Users\Erik Lidström\.m2\repository\org\codehaus\plexus\plexus-utils\3.2.1\plexus-utils-3.2.1.jar;C:\Users\Erik Lidström\.m2\repository\org\codehaus\plexus\plexus-classworlds\2.5.2\plexus-classworlds-2.5.2.jar;C:\Users\Erik Lidström\.m2\repository\commons-cli\commons-cli\1.4\commons-cli-1.4.jar;C:\Users\Erik Lidström\.m2\repository\org\eclipse\sisu\org.eclipse.sisu.plexus\0.3.4\org.eclipse.sisu.plexus-0.3.4.jar;C:\Users\Erik Lidström\.m2\repository\org\apache\maven\maven-settings-builder\3.6.3\maven-settings-builder-3.6.3.jar;C:\Users\Erik Lidström\.m2\repository\org\codehaus\plexus\plexus-interpolation\1.25\plexus-interpolation-1.25.jar;C:\Users\Erik Lidström\.m2\repository\org\sonatype\plexus\plexus-sec-dispatcher\1.4\plexus-sec-dispatcher-1.4.jar;C:\Users\Erik Lidström\.m2\repository\org\sonatype\plexus\plexus-cipher\1.4\plexus-cipher-1.4.jar;C:\Users\Erik Lidström\.m2\repository\org\apache\maven\maven-resolver-provider\3.6.3\maven-resolver-provider-3.6.3.jar;C:\Users\Erik Lidström\.m2\repository\org\apache\maven\maven-repository-metadata\3.6.3\maven-repository-metadata-3.6.3.jar;C:\Users\Erik Lidström\.m2\repository\org\apache\maven\resolver\maven-resolver-spi\1.4.1\maven-resolver-spi-1.4.1.jar;C:\Users\Erik Lidström\.m2\repository\org\apache\maven\resolver\maven-resolver-impl\1.4.1\maven-resolver-impl-1.4.1.jar;C:\Users\Erik Lidström\.m2\repository\org\apache\maven\resolver\maven-resolver-connector-basic\1.4.1\maven-resolver-connector-basic-1.4.1.jar;C:\Users\Erik Lidström\.m2\repository\org\apache\maven\resolver\maven-resolver-transport-wagon\1.4.1\maven-resolver-transport-wagon-1.4.1.jar;C:\Users\Erik Lidström\.m2\repository\org\apache\maven\wagon\wagon-http\3.3.4\wagon-http-3.3.4.jar;C:\Users\Erik Lidström\.m2\repository\org\apache\maven\wagon\wagon-http-shared\3.3.4\wagon-http-shared-3.3.4.jar;C:\Users\Erik Lidström\.m2\repository\org\jsoup\jsoup\1.12.1\jsoup-1.12.1.jar;C:\Users\Erik Lidström\.m2\repository\org\apache\maven\wagon\wagon-provider-api\3.3.4\wagon-provider-api-3.3.4.jar;C:\Users\Erik Lidström\.m2\repository\org\apache\maven\wagon\wagon-file\3.3.4\wagon-file-3.3.4.jar;C:\Users\Erik Lidström\.m2\repository\org\eclipse\sisu\org.eclipse.sisu.inject\0.3.4\org.eclipse.sisu.inject-0.3.4.jar;C:\Users\Erik Lidström\.m2\repository\io\quarkus\quarkus-test-common\1.5.1.Final\quarkus-test-common-1.5.1.Final.jar;C:\Users\Erik Lidström\.m2\repository\io\quarkus\quarkus-core-deployment\1.5.1.Final\quarkus-core-deployment-1.5.1.Final.jar;C:\Users\Erik Lidström\.m2\repository\io\quarkus\gizmo\gizmo\1.0.3.Final\gizmo-1.0.3.Final.jar;C:\Users\Erik Lidström\.m2\repository\org\ow2\asm\asm-util\8.0.1\asm-util-8.0.1.jar;C:\Users\Erik Lidström\.m2\repository\org\ow2\asm\asm-tree\8.0.1\asm-tree-8.0.1.jar;C:\Users\Erik Lidström\.m2\repository\org\ow2\asm\asm-analysis\8.0.1\asm-analysis-8.0.1.jar;C:\Users\Erik Lidström\.m2\repository\io\quarkus\quarkus-builder\1.5.1.Final\quarkus-builder-1.5.1.Final.jar;C:\Users\Erik Lidström\.m2\repository\io\quarkus\quarkus-jsonp-deployment\1.5.1.Final\quarkus-jsonp-deployment-1.5.1.Final.jar;C:\Users\Erik Lidström\.m2\repository\org\junit\jupiter\junit-jupiter\5.6.2\junit-jupiter-5.6.2.jar;C:\Users\Erik Lidström\.m2\repository\org\junit\jupiter\junit-jupiter-api\5.6.2\junit-jupiter-api-5.6.2.jar;C:\Users\Erik Lidström\.m2\repository\org\apiguardian\apiguardian-api\1.1.0\apiguardian-api-1.1.0.jar;C:\Users\Erik Lidström\.m2\repository\org\opentest4j\opentest4j\1.2.0\opentest4j-1.2.0.jar;C:\Users\Erik Lidström\.m2\repository\org\junit\platform\junit-platform-commons\1.6.2\junit-platform-commons-1.6.2.jar;C:\Users\Erik Lidström\.m2\repository\org\junit\jupiter\junit-jupiter-params\5.6.2\junit-jupiter-params-5.6.2.jar;C:\Users\Erik Lidström\.m2\repository\org\junit\jupiter\junit-jupiter-engine\5.6.2\junit-jupiter-engine-5.6.2.jar;C:\Users\Erik Lidström\.m2\repository\org\junit\platform\junit-platform-engine\1.6.2\junit-platform-engine-1.6.2.jar;C:\Users\Erik Lidström\.m2\repository\com\thoughtworks\xstream\xstream\1.4.11.1\xstream-1.4.11.1.jar;C:\Users\Erik Lidström\.m2\repository\xmlpull\xmlpull\1.1.3.1\xmlpull-1.1.3.1.jar;C:\Users\Erik Lidström\.m2\repository\xpp3\xpp3_min\1.1.4c\xpp3_min-1.1.4c.jar;C:\Users\Erik Lidström\.m2\repository\io\quarkus\quarkus-jdbc-h2\1.5.1.Final\quarkus-jdbc-h2-1.5.1.Final.jar;C:\Users\Erik Lidström\.m2\repository\com\h2database\h2\1.4.197\h2-1.4.197.jar;C:\Users\Erik Lidström\.m2\repository\org\locationtech\jts\jts-core\1.15.0\jts-core-1.15.0.jar;C:\Users\Erik Lidström\.m2\repository\io\quarkus\quarkus-test-h2\1.5.1.Final\quarkus-test-h2-1.5.1.Final.jar;C:\Users\Erik Lidström\.m2\repository\io\specto\hoverfly-java-junit5\0.13.0\hoverfly-java-junit5-0.13.0.jar;C:\Users\Erik Lidström\.m2\repository\io\specto\hoverfly-java\0.13.0\hoverfly-java-0.13.0.jar;C:\Users\Erik Lidström\.m2\repository\com\squareup\okhttp3\okhttp\3.14.6\okhttp-3.14.6.jar;C:\Users\Erik Lidström\.m2\repository\com\squareup\okio\okio\1.17.2\okio-1.17.2.jar;C:\Users\Erik Lidström\.m2\repository\com\fasterxml\jackson\datatype\jackson-datatype-jsr310\2.10.4\jackson-datatype-jsr310-2.10.4.jar;C:\Users\Erik Lidström\.m2\repository\com\fasterxml\jackson\dataformat\jackson-dataformat-xml\2.10.4\jackson-dataformat-xml-2.10.4.jar;C:\Users\Erik Lidström\.m2\repository\org\codehaus\woodstox\stax2-api\4.2\stax2-api-4.2.jar;C:\Users\Erik Lidström\.m2\repository\com\fasterxml\woodstox\woodstox-core\6.2.0\woodstox-core-6.2.0.jar;C:\Users\Erik Lidström\.m2\repository\org\zeroturnaround\zt-exec\1.10\zt-exec-1.10.jar;C:\Users\Erik Lidström\.m2\repository\ch\qos\logback\logback-classic\1.1.3\logback-classic-1.1.3.jar;C:\Users\Erik Lidström\.m2\repository\ch\qos\logback\logback-core\1.1.3\logback-core-1.1.3.jar;"/>
    <property name="sun.cpu.endian" value="little"/>
    <property name="user.home" value="C:\Users\Erik Lidström"/>
    <property name="user.language" value="sv"/>
    <property name="java.specification.vendor" value="Oracle Corporation"/>
    <property name="java.home" value="C:\Program Files\Java\jdk1.8.0_112\jre"/>
    <property name="basedir" value="D:\OneDrive\repo\GitHub\hoverfly-test"/>
    <property name="file.separator" value="\"/>
    <property name="line.separator" value="&#10;"/>
    <property name="java.vm.specification.vendor" value="Oracle Corporation"/>
    <property name="java.specification.name" value="Java Platform API Specification"/>
    <property name="java.awt.graphicsenv" value="sun.awt.Win32GraphicsEnvironment"/>
    <property name="surefire.real.class.path" value="C:\Users\ERIKLI~1\AppData\Local\Temp\surefire2457548329653493527\surefirebooter1266505151064729196.jar;C:\\Users\\Erik Lidström\\.m2\\repository\\org\\jacoco\\org.jacoco.agent\\0.8.5\\org.jacoco.agent-0.8.5-runtime.jar"/>
    <property name="sun.boot.class.path" value="C:\Program Files\Java\jdk1.8.0_112\jre\lib\resources.jar;C:\Program Files\Java\jdk1.8.0_112\jre\lib\rt.jar;C:\Program Files\Java\jdk1.8.0_112\jre\lib\sunrsasign.jar;C:\Program Files\Java\jdk1.8.0_112\jre\lib\jsse.jar;C:\Program Files\Java\jdk1.8.0_112\jre\lib\jce.jar;C:\Program Files\Java\jdk1.8.0_112\jre\lib\charsets.jar;C:\Program Files\Java\jdk1.8.0_112\jre\lib\jfr.jar;C:\Program Files\Java\jdk1.8.0_112\jre\classes"/>
    <property name="user.script" value=""/>
    <property name="sun.management.compiler" value="HotSpot 64-Bit Tiered Compilers"/>
    <property name="java.runtime.version" value="1.8.0_112-b15"/>
    <property name="user.name" value="Erik Lidström"/>
    <property name="path.separator" value=";"/>
    <property name="os.version" value="10.0"/>
    <property name="java.endorsed.dirs" value="C:\Program Files\Java\jdk1.8.0_112\jre\lib\endorsed"/>
    <property name="java.runtime.name" value="Java(TM) SE Runtime Environment"/>
    <property name="file.encoding" value="Cp1252"/>
    <property name="java.vm.name" value="Java HotSpot(TM) 64-Bit Server VM"/>
    <property name="localRepository" value="C:\Users\Erik Lidström\.m2\repository"/>
    <property name="java.vendor.url.bug" value="http://bugreport.sun.com/bugreport/"/>
    <property name="java.io.tmpdir" value="C:\Users\ERIKLI~1\AppData\Local\Temp\"/>
    <property name="java.version" value="1.8.0_112"/>
    <property name="user.dir" value="D:\OneDrive\repo\GitHub\hoverfly-test"/>
    <property name="os.arch" value="amd64"/>
    <property name="java.vm.specification.name" value="Java Virtual Machine Specification"/>
    <property name="java.awt.printerjob" value="sun.awt.windows.WPrinterJob"/>
    <property name="sun.os.patch.level" value=""/>
    <property name="java.util.logging.manager" value="org.jboss.logmanager.LogManager"/>
    <property name="java.library.path" value="C:\Program Files\Java\jdk1.8.0_112\jre\bin;C:\WINDOWS\Sun\Java\bin;C:\WINDOWS\system32;C:\WINDOWS;C:\Program Files (x86)\Common Files\Oracle\Java\javapath;C:\ProgramData\Oracle\Java\javapath;C:\Program Files (x86)\Intel\iCLS Client\;C:\Program Files\Intel\iCLS Client\;C:\WINDOWS\system32;C:\WINDOWS;C:\WINDOWS\System32\Wbem;C:\WINDOWS\System32\WindowsPowerShell\v1.0\;C:\Program Files (x86)\Intel\Intel(R) Management Engine Components\DAL;C:\Program Files\Intel\Intel(R) Management Engine Components\DAL;C:\Program Files\Calibre2\;C:\WINDOWS\System32\OpenSSH\;C:\Program Files (x86)\Calibre2\;C:\Users\Erik Lidström\AppData\Local\Programs\Python\Python38-32\Scripts\;C:\Users\Erik Lidström\AppData\Local\Programs\Python\Python38-32\;C:\Users\Erik Lidström\AppData\Local\Microsoft\WindowsApps;&quot;C:\Program Files\gradle-3.2\bin&quot;;C:\Program Files\apache-maven-3.6.3\bin;C:\Program Files\Java\jdk1.8.0_112\bin;C:\Program Files\groovy-2.4.9\bin;C:\Users\Erik Lidström\AppData\Local\GitHubDesktop\bin;."/>
    <property name="java.vm.info" value="mixed mode"/>
    <property name="java.vendor" value="Oracle Corporation"/>
    <property name="java.vm.version" value="25.112-b15"/>
    <property name="java.ext.dirs" value="C:\Program Files\Java\jdk1.8.0_112\jre\lib\ext;C:\WINDOWS\Sun\Java\lib\ext"/>
    <property name="sun.io.unicode.encoding" value="UnicodeLittle"/>
    <property name="java.class.version" value="52.0"/>
  </properties>
  <testcase name="getLeveranserTest" classname="com.hovertest.HoverflyAppTest" time="7.512">
    <error message="Failed calling method&#10;---- Debugging information ----&#10;message             : Failed calling method&#10;cause-exception     : java.lang.RuntimeException&#10;cause-message       : null&#10;method              : java.security.CodeSource.readObject()&#10;class               : java.security.CodeSource&#10;required-type       : java.security.CodeSource&#10;converter-type      : com.thoughtworks.xstream.converters.reflection.SerializableConverter&#10;path                : /io.specto.hoverfly.junit.core.Hoverfly/startedProcess/future/callable/target/closer/streams/outputThread/group/parent/threads/java.lang.Thread/contextClassLoader/parent/defaultDomain/codesource/java.security.CodeSource&#10;line number         : 19351&#10;class[1]            : java.security.ProtectionDomain&#10;required-type[1]    : java.security.ProtectionDomain&#10;converter-type[1]   : com.thoughtworks.xstream.converters.reflection.ReflectionConverter&#10;class[2]            : sun.misc.Launcher$ExtClassLoader&#10;required-type[2]    : sun.misc.Launcher$ExtClassLoader&#10;class[3]            : sun.misc.Launcher$AppClassLoader&#10;required-type[3]    : sun.misc.Launcher$AppClassLoader&#10;class[4]            : java.lang.Thread&#10;required-type[4]    : java.lang.Thread&#10;class[5]            : [Ljava.lang.Thread;&#10;required-type[5]    : [Ljava.lang.Thread;&#10;converter-type[2]   : com.thoughtworks.xstream.converters.collections.ArrayConverter&#10;class[6]            : java.lang.ThreadGroup&#10;required-type[6]    : java.lang.ThreadGroup&#10;class[7]            : org.zeroturnaround.exec.stream.PumpStreamHandler&#10;required-type[7]    : org.zeroturnaround.exec.stream.PumpStreamHandler&#10;class[8]            : org.zeroturnaround.exec.close.StandardProcessCloser&#10;required-type[8]    : org.zeroturnaround.exec.close.StandardProcessCloser&#10;class[9]            : org.zeroturnaround.exec.WaitForProcess&#10;required-type[9]    : org.zeroturnaround.exec.WaitForProcess&#10;class[10]           : org.zeroturnaround.exec.MDCCallableAdapter&#10;required-type[10]   : org.zeroturnaround.exec.MDCCallableAdapter&#10;class[11]           : java.util.concurrent.ScheduledThreadPoolExecutor$ScheduledFutureTask&#10;required-type[11]   : java.util.concurrent.ScheduledThreadPoolExecutor$ScheduledFutureTask&#10;class[12]           : org.zeroturnaround.exec.StartedProcess&#10;required-type[12]   : org.zeroturnaround.exec.StartedProcess&#10;class[13]           : io.specto.hoverfly.junit.core.Hoverfly&#10;required-type[13]   : io.specto.hoverfly.junit.core.Hoverfly&#10;version             : 1.4.11.1&#10;-------------------------------" type="com.thoughtworks.xstream.converters.ConversionException">com.thoughtworks.xstream.converters.ConversionException: 
Failed calling method
---- Debugging information ----
message             : Failed calling method
cause-exception     : java.lang.RuntimeException
cause-message       : null
method              : java.security.CodeSource.readObject()
class               : java.security.CodeSource
required-type       : java.security.CodeSource
converter-type      : com.thoughtworks.xstream.converters.reflection.SerializableConverter
path                : /io.specto.hoverfly.junit.core.Hoverfly/startedProcess/future/callable/target/closer/streams/outputThread/group/parent/threads/java.lang.Thread/contextClassLoader/parent/defaultDomain/codesource/java.security.CodeSource
line number         : 19351
class[1]            : java.security.ProtectionDomain
required-type[1]    : java.security.ProtectionDomain
converter-type[1]   : com.thoughtworks.xstream.converters.reflection.ReflectionConverter
class[2]            : sun.misc.Launcher$ExtClassLoader
required-type[2]    : sun.misc.Launcher$ExtClassLoader
class[3]            : sun.misc.Launcher$AppClassLoader
required-type[3]    : sun.misc.Launcher$AppClassLoader
class[4]            : java.lang.Thread
required-type[4]    : java.lang.Thread
class[5]            : [Ljava.lang.Thread;
required-type[5]    : [Ljava.lang.Thread;
converter-type[2]   : com.thoughtworks.xstream.converters.collections.ArrayConverter
class[6]            : java.lang.ThreadGroup
required-type[6]    : java.lang.ThreadGroup
class[7]            : org.zeroturnaround.exec.stream.PumpStreamHandler
required-type[7]    : org.zeroturnaround.exec.stream.PumpStreamHandler
class[8]            : org.zeroturnaround.exec.close.StandardProcessCloser
required-type[8]    : org.zeroturnaround.exec.close.StandardProcessCloser
class[9]            : org.zeroturnaround.exec.WaitForProcess
required-type[9]    : org.zeroturnaround.exec.WaitForProcess
class[10]           : org.zeroturnaround.exec.MDCCallableAdapter
required-type[10]   : org.zeroturnaround.exec.MDCCallableAdapter
class[11]           : java.util.concurrent.ScheduledThreadPoolExecutor$ScheduledFutureTask
required-type[11]   : java.util.concurrent.ScheduledThreadPoolExecutor$ScheduledFutureTask
class[12]           : org.zeroturnaround.exec.StartedProcess
required-type[12]   : org.zeroturnaround.exec.StartedProcess
class[13]           : io.specto.hoverfly.junit.core.Hoverfly
required-type[13]   : io.specto.hoverfly.junit.core.Hoverfly
version             : 1.4.11.1
-------------------------------
Caused by: java.lang.RuntimeException
</error>
    <system-out><![CDATA[Downloading from central: https://repo.maven.apache.org/maven2/io/quarkus/quarkus-arc-deployment/1.5.1.Final/quarkus-arc-deployment-1.5.1.Final.pom
Progress (1): quarkus-arc-deployment-1.5.1.Final.pom (1.6 kB)                                                             Downloaded from central: https://repo.maven.apache.org/maven2/io/quarkus/quarkus-arc-deployment/1.5.1.Final/quarkus-arc-deployment-1.5.1.Final.pom (1.6 kB at 814 B/s)
Downloading from central: https://repo.maven.apache.org/maven2/io/quarkus/arc/arc-processor/1.5.1.Final/arc-processor-1.5.1.Final.pom
Progress (1): arc-processor-1.5.1.Final.pom (1.7 kB)                                                    Downloaded from central: https://repo.maven.apache.org/maven2/io/quarkus/arc/arc-processor/1.5.1.Final/arc-processor-1.5.1.Final.pom (1.7 kB at 2.8 kB/s)
Downloading from central: https://repo.maven.apache.org/maven2/io/quarkus/quarkus-smallrye-health-deployment/1.5.1.Final/quarkus-smallrye-health-deployment-1.5.1.Final.pom
Progress (1): quarkus-smallrye-health-deployment-1.5.1.Final.pom (2.6 kB)                                                                         Downloaded from central: https://repo.maven.apache.org/maven2/io/quarkus/quarkus-smallrye-health-deployment/1.5.1.Final/quarkus-smallrye-health-deployment-1.5.1.Final.pom (2.6 kB at 11 kB/s)
Downloading from central: https://repo.maven.apache.org/maven2/io/quarkus/quarkus-vertx-http-deployment/1.5.1.Final/quarkus-vertx-http-deployment-1.5.1.Final.pom
Progress (1): quarkus-vertx-http-deployment-1.5.1.Final.pom (2.7/3.0 kB)Progress (1): quarkus-vertx-http-deployment-1.5.1.Final.pom (3.0 kB)                                                                        Downloaded from central: https://repo.maven.apache.org/maven2/io/quarkus/quarkus-vertx-http-deployment/1.5.1.Final/quarkus-vertx-http-deployment-1.5.1.Final.pom (3.0 kB at 13 kB/s)
Downloading from central: https://repo.maven.apache.org/maven2/io/quarkus/quarkus-vertx-core-deployment/1.5.1.Final/quarkus-vertx-core-deployment-1.5.1.Final.pom
Progress (1): quarkus-vertx-core-deployment-1.5.1.Final.pom (2.4 kB)                                                                    Downloaded from central: https://repo.maven.apache.org/maven2/io/quarkus/quarkus-vertx-core-deployment/1.5.1.Final/quarkus-vertx-core-deployment-1.5.1.Final.pom (2.4 kB at 6.4 kB/s)
Downloading from central: https://repo.maven.apache.org/maven2/io/quarkus/quarkus-netty-deployment/1.5.1.Final/quarkus-netty-deployment-1.5.1.Final.pom
Progress (1): quarkus-netty-deployment-1.5.1.Final.pom (1.6 kB)                                                               Downloaded from central: https://repo.maven.apache.org/maven2/io/quarkus/quarkus-netty-deployment/1.5.1.Final/quarkus-netty-deployment-1.5.1.Final.pom (1.6 kB at 4.7 kB/s)
Downloading from central: https://repo.maven.apache.org/maven2/io/quarkus/quarkus-kubernetes-spi/1.5.1.Final/quarkus-kubernetes-spi-1.5.1.Final.pom
Progress (1): quarkus-kubernetes-spi-1.5.1.Final.pom (1.2 kB)                                                             Downloaded from central: https://repo.maven.apache.org/maven2/io/quarkus/quarkus-kubernetes-spi/1.5.1.Final/quarkus-kubernetes-spi-1.5.1.Final.pom (1.2 kB at 3.8 kB/s)
Downloading from central: https://repo.maven.apache.org/maven2/io/quarkus/quarkus-kubernetes-parent/1.5.1.Final/quarkus-kubernetes-parent-1.5.1.Final.pom
Progress (1): quarkus-kubernetes-parent-1.5.1.Final.pom (820 B)                                                               Downloaded from central: https://repo.maven.apache.org/maven2/io/quarkus/quarkus-kubernetes-parent/1.5.1.Final/quarkus-kubernetes-parent-1.5.1.Final.pom (820 B at 3.1 kB/s)
Downloading from central: https://repo.maven.apache.org/maven2/io/quarkus/quarkus-smallrye-health-spi/1.5.1.Final/quarkus-smallrye-health-spi-1.5.1.Final.pom
Progress (1): quarkus-smallrye-health-spi-1.5.1.Final.pom (816 B)                                                                 Downloaded from central: https://repo.maven.apache.org/maven2/io/quarkus/quarkus-smallrye-health-spi/1.5.1.Final/quarkus-smallrye-health-spi-1.5.1.Final.pom (816 B at 2.6 kB/s)
Downloading from central: https://repo.maven.apache.org/maven2/io/quarkus/quarkus-smallrye-metrics-deployment/1.5.1.Final/quarkus-smallrye-metrics-deployment-1.5.1.Final.pom
Progress (1): quarkus-smallrye-metrics-deployment-1.5.1.Final.pom (2.7/3.1 kB)Progress (1): quarkus-smallrye-metrics-deployment-1.5.1.Final.pom (3.1 kB)                                                                              Downloaded from central: https://repo.maven.apache.org/maven2/io/quarkus/quarkus-smallrye-metrics-deployment/1.5.1.Final/quarkus-smallrye-metrics-deployment-1.5.1.Final.pom (3.1 kB at 7.7 kB/s)
Downloading from central: https://repo.maven.apache.org/maven2/io/quarkus/quarkus-smallrye-metrics-spi/1.5.1.Final/quarkus-smallrye-metrics-spi-1.5.1.Final.pom
Progress (1): quarkus-smallrye-metrics-spi-1.5.1.Final.pom (1.3 kB)                                                                   Downloaded from central: https://repo.maven.apache.org/maven2/io/quarkus/quarkus-smallrye-metrics-spi/1.5.1.Final/quarkus-smallrye-metrics-spi-1.5.1.Final.pom (1.3 kB at 7.9 kB/s)
Downloading from central: https://repo.maven.apache.org/maven2/io/quarkus/quarkus-smallrye-fault-tolerance-deployment/1.5.1.Final/quarkus-smallrye-fault-tolerance-deployment-1.5.1.Final.pom
Progress (1): quarkus-smallrye-fault-tolerance-deployment-1.5.1.Final.pom (2.2 kB)                                                                                  Downloaded from central: https://repo.maven.apache.org/maven2/io/quarkus/quarkus-smallrye-fault-tolerance-deployment/1.5.1.Final/quarkus-smallrye-fault-tolerance-deployment-1.5.1.Final.pom (2.2 kB at 3.7 kB/s)
Downloading from central: https://repo.maven.apache.org/maven2/io/quarkus/quarkus-smallrye-context-propagation-deployment/1.5.1.Final/quarkus-smallrye-context-propagation-deployment-1.5.1.Final.pom
Progress (1): quarkus-smallrye-context-propagation-deployment-1.5.1.Final.pom (2.7/4.7 kB)Progress (1): quarkus-smallrye-context-propagation-deployment-1.5.1.Final.pom (4.7 kB)                                                                                          Downloaded from central: https://repo.maven.apache.org/maven2/io/quarkus/quarkus-smallrye-context-propagation-deployment/1.5.1.Final/quarkus-smallrye-context-propagation-deployment-1.5.1.Final.pom (4.7 kB at 14 kB/s)
Downloading from central: https://repo.maven.apache.org/maven2/org/graalvm/nativeimage/svm/19.3.1/svm-19.3.1.pom
Progress (1): svm-19.3.1.pom (2.7 kB)                                     Downloaded from central: https://repo.maven.apache.org/maven2/org/graalvm/nativeimage/svm/19.3.1/svm-19.3.1.pom (2.7 kB at 13 kB/s)
Downloading from central: https://repo.maven.apache.org/maven2/io/quarkus/quarkus-smallrye-openapi-deployment/1.5.1.Final/quarkus-smallrye-openapi-deployment-1.5.1.Final.pom
Progress (1): quarkus-smallrye-openapi-deployment-1.5.1.Final.pom (2.3 kB)                                                                          Downloaded from central: https://repo.maven.apache.org/maven2/io/quarkus/quarkus-smallrye-openapi-deployment/1.5.1.Final/quarkus-smallrye-openapi-deployment-1.5.1.Final.pom (2.3 kB at 5.6 kB/s)
Downloading from central: https://repo.maven.apache.org/maven2/io/quarkus/quarkus-resteasy-deployment/1.5.1.Final/quarkus-resteasy-deployment-1.5.1.Final.pom
Progress (1): quarkus-resteasy-deployment-1.5.1.Final.pom (2.7/4.0 kB)Progress (1): quarkus-resteasy-deployment-1.5.1.Final.pom (4.0 kB)                                                                      Downloaded from central: https://repo.maven.apache.org/maven2/io/quarkus/quarkus-resteasy-deployment/1.5.1.Final/quarkus-resteasy-deployment-1.5.1.Final.pom (4.0 kB at 13 kB/s)
Downloading from central: https://repo.maven.apache.org/maven2/io/quarkus/quarkus-resteasy-server-common-deployment/1.5.1.Final/quarkus-resteasy-server-common-deployment-1.5.1.Final.pom
Progress (1): quarkus-resteasy-server-common-deployment-1.5.1.Final.pom (2.2 kB)                                                                                Downloaded from central: https://repo.maven.apache.org/maven2/io/quarkus/quarkus-resteasy-server-common-deployment/1.5.1.Final/quarkus-resteasy-server-common-deployment-1.5.1.Final.pom (2.2 kB at 7.6 kB/s)
Downloading from central: https://repo.maven.apache.org/maven2/io/quarkus/quarkus-resteasy-common-deployment/1.5.1.Final/quarkus-resteasy-common-deployment-1.5.1.Final.pom
Progress (1): quarkus-resteasy-common-deployment-1.5.1.Final.pom (2.0 kB)                                                                         Downloaded from central: https://repo.maven.apache.org/maven2/io/quarkus/quarkus-resteasy-common-deployment/1.5.1.Final/quarkus-resteasy-common-deployment-1.5.1.Final.pom (2.0 kB at 9.3 kB/s)
Downloading from central: https://repo.maven.apache.org/maven2/io/quarkus/quarkus-resteasy-common-spi/1.5.1.Final/quarkus-resteasy-common-spi-1.5.1.Final.pom
Progress (1): quarkus-resteasy-common-spi-1.5.1.Final.pom (817 B)                                                                 Downloaded from central: https://repo.maven.apache.org/maven2/io/quarkus/quarkus-resteasy-common-spi/1.5.1.Final/quarkus-resteasy-common-spi-1.5.1.Final.pom (817 B at 1.8 kB/s)
Downloading from central: https://repo.maven.apache.org/maven2/io/quarkus/quarkus-resteasy-server-common-spi/1.5.1.Final/quarkus-resteasy-server-common-spi-1.5.1.Final.pom
Progress (1): quarkus-resteasy-server-common-spi-1.5.1.Final.pom (889 B)                                                                        Downloaded from central: https://repo.maven.apache.org/maven2/io/quarkus/quarkus-resteasy-server-common-spi/1.5.1.Final/quarkus-resteasy-server-common-spi-1.5.1.Final.pom (889 B at 1.6 kB/s)
Downloading from central: https://repo.maven.apache.org/maven2/io/quarkus/quarkus-undertow-spi/1.5.1.Final/quarkus-undertow-spi-1.5.1.Final.pom
Progress (1): quarkus-undertow-spi-1.5.1.Final.pom (2.0 kB)                                                           Downloaded from central: https://repo.maven.apache.org/maven2/io/quarkus/quarkus-undertow-spi/1.5.1.Final/quarkus-undertow-spi-1.5.1.Final.pom (2.0 kB at 5.6 kB/s)
Downloading from central: https://repo.maven.apache.org/maven2/io/quarkus/quarkus-security-spi/1.5.1.Final/quarkus-security-spi-1.5.1.Final.pom
Progress (1): quarkus-security-spi-1.5.1.Final.pom (1.4 kB)                                                           Downloaded from central: https://repo.maven.apache.org/maven2/io/quarkus/quarkus-security-spi/1.5.1.Final/quarkus-security-spi-1.5.1.Final.pom (1.4 kB at 2.5 kB/s)
Downloading from central: https://repo.maven.apache.org/maven2/io/quarkus/quarkus-security-parent/1.5.1.Final/quarkus-security-parent-1.5.1.Final.pom
Progress (1): quarkus-security-parent-1.5.1.Final.pom (819 B)                                                             Downloaded from central: https://repo.maven.apache.org/maven2/io/quarkus/quarkus-security-parent/1.5.1.Final/quarkus-security-parent-1.5.1.Final.pom (819 B at 1.7 kB/s)
Downloading from central: https://repo.maven.apache.org/maven2/io/quarkus/quarkus-smallrye-openapi-common-deployment/1.5.1.Final/quarkus-smallrye-openapi-common-deployment-1.5.1.Final.pom
Progress (1): quarkus-smallrye-openapi-common-deployment-1.5.1.Final.pom (1.5 kB)                                                                                 Downloaded from central: https://repo.maven.apache.org/maven2/io/quarkus/quarkus-smallrye-openapi-common-deployment/1.5.1.Final/quarkus-smallrye-openapi-common-deployment-1.5.1.Final.pom (1.5 kB at 11 kB/s)
Downloading from central: https://repo.maven.apache.org/maven2/io/quarkus/quarkus-smallrye-openapi-common-parent/1.5.1.Final/quarkus-smallrye-openapi-common-parent-1.5.1.Final.pom
Progress (1): quarkus-smallrye-openapi-common-parent-1.5.1.Final.pom (754 B)                                                                            Downloaded from central: https://repo.maven.apache.org/maven2/io/quarkus/quarkus-smallrye-openapi-common-parent/1.5.1.Final/quarkus-smallrye-openapi-common-parent-1.5.1.Final.pom (754 B at 1.7 kB/s)
Downloading from central: https://repo.maven.apache.org/maven2/io/quarkus/quarkus-swagger-ui-deployment/1.5.1.Final/quarkus-swagger-ui-deployment-1.5.1.Final.pom
Progress (1): quarkus-swagger-ui-deployment-1.5.1.Final.pom (2.5 kB)                                                                    Downloaded from central: https://repo.maven.apache.org/maven2/io/quarkus/quarkus-swagger-ui-deployment/1.5.1.Final/quarkus-swagger-ui-deployment-1.5.1.Final.pom (2.5 kB at 7.0 kB/s)
Downloading from central: https://repo.maven.apache.org/maven2/org/webjars/swagger-ui/3.25.0/swagger-ui-3.25.0.pom
Progress (1): swagger-ui-3.25.0.pom (2.7/6.1 kB)Progress (1): swagger-ui-3.25.0.pom (5.5/6.1 kB)Progress (1): swagger-ui-3.25.0.pom (6.1 kB)                                                Downloaded from central: https://repo.maven.apache.org/maven2/org/webjars/swagger-ui/3.25.0/swagger-ui-3.25.0.pom (6.1 kB at 17 kB/s)
Downloading from central: https://repo.maven.apache.org/maven2/io/quarkus/quarkus-hibernate-orm-deployment/1.5.1.Final/quarkus-hibernate-orm-deployment-1.5.1.Final.pom
Progress (1): quarkus-hibernate-orm-deployment-1.5.1.Final.pom (2.7/3.8 kB)Progress (1): quarkus-hibernate-orm-deployment-1.5.1.Final.pom (3.8 kB)                                                                           Downloaded from central: https://repo.maven.apache.org/maven2/io/quarkus/quarkus-hibernate-orm-deployment/1.5.1.Final/quarkus-hibernate-orm-deployment-1.5.1.Final.pom (3.8 kB at 14 kB/s)
Downloading from central: https://repo.maven.apache.org/maven2/io/quarkus/quarkus-narayana-jta-deployment/1.5.1.Final/quarkus-narayana-jta-deployment-1.5.1.Final.pom
Progress (1): quarkus-narayana-jta-deployment-1.5.1.Final.pom (2.0 kB)                                                                      Downloaded from central: https://repo.maven.apache.org/maven2/io/quarkus/quarkus-narayana-jta-deployment/1.5.1.Final/quarkus-narayana-jta-deployment-1.5.1.Final.pom (2.0 kB at 5.5 kB/s)
Downloading from central: https://repo.maven.apache.org/maven2/io/quarkus/quarkus-mutiny-deployment/1.5.1.Final/quarkus-mutiny-deployment-1.5.1.Final.pom
Progress (1): quarkus-mutiny-deployment-1.5.1.Final.pom (1.8 kB)                                                                Downloaded from central: https://repo.maven.apache.org/maven2/io/quarkus/quarkus-mutiny-deployment/1.5.1.Final/quarkus-mutiny-deployment-1.5.1.Final.pom (1.8 kB at 12 kB/s)
Downloading from central: https://repo.maven.apache.org/maven2/io/quarkus/quarkus-agroal-deployment/1.5.1.Final/quarkus-agroal-deployment-1.5.1.Final.pom
Progress (1): quarkus-agroal-deployment-1.5.1.Final.pom (2.7/3.9 kB)Progress (1): quarkus-agroal-deployment-1.5.1.Final.pom (3.9 kB)                                                                    Downloaded from central: https://repo.maven.apache.org/maven2/io/quarkus/quarkus-agroal-deployment/1.5.1.Final/quarkus-agroal-deployment-1.5.1.Final.pom (3.9 kB at 25 kB/s)
Downloading from central: https://repo.maven.apache.org/maven2/io/quarkus/quarkus-datasource-deployment/1.5.1.Final/quarkus-datasource-deployment-1.5.1.Final.pom
Progress (1): quarkus-datasource-deployment-1.5.1.Final.pom (1.7 kB)                                                                    Downloaded from central: https://repo.maven.apache.org/maven2/io/quarkus/quarkus-datasource-deployment/1.5.1.Final/quarkus-datasource-deployment-1.5.1.Final.pom (1.7 kB at 12 kB/s)
Downloading from central: https://repo.maven.apache.org/maven2/io/quarkus/quarkus-agroal-spi/1.5.1.Final/quarkus-agroal-spi-1.5.1.Final.pom
Progress (1): quarkus-agroal-spi-1.5.1.Final.pom (1.1 kB)                                                         Downloaded from central: https://repo.maven.apache.org/maven2/io/quarkus/quarkus-agroal-spi/1.5.1.Final/quarkus-agroal-spi-1.5.1.Final.pom (1.1 kB at 7.5 kB/s)
Downloading from central: https://repo.maven.apache.org/maven2/io/quarkus/quarkus-credentials-deployment/1.5.1.Final/quarkus-credentials-deployment-1.5.1.Final.pom
Progress (1): quarkus-credentials-deployment-1.5.1.Final.pom (1.7 kB)                                                                     Downloaded from central: https://repo.maven.apache.org/maven2/io/quarkus/quarkus-credentials-deployment/1.5.1.Final/quarkus-credentials-deployment-1.5.1.Final.pom (1.7 kB at 5.4 kB/s)
Downloading from central: https://repo.maven.apache.org/maven2/io/quarkus/quarkus-caffeine-deployment/1.5.1.Final/quarkus-caffeine-deployment-1.5.1.Final.pom
Progress (1): quarkus-caffeine-deployment-1.5.1.Final.pom (1.5 kB)                                                                  Downloaded from central: https://repo.maven.apache.org/maven2/io/quarkus/quarkus-caffeine-deployment/1.5.1.Final/quarkus-caffeine-deployment-1.5.1.Final.pom (1.5 kB at 2.9 kB/s)
Downloading from central: https://repo.maven.apache.org/maven2/io/quarkus/quarkus-jdbc-postgresql-deployment/1.5.1.Final/quarkus-jdbc-postgresql-deployment-1.5.1.Final.pom
Progress (1): quarkus-jdbc-postgresql-deployment-1.5.1.Final.pom (1.8 kB)                                                                         Downloaded from central: https://repo.maven.apache.org/maven2/io/quarkus/quarkus-jdbc-postgresql-deployment/1.5.1.Final/quarkus-jdbc-postgresql-deployment-1.5.1.Final.pom (1.8 kB at 3.8 kB/s)
Downloading from central: https://repo.maven.apache.org/maven2/io/quarkus/quarkus-resteasy-jsonb-deployment/1.5.1.Final/quarkus-resteasy-jsonb-deployment-1.5.1.Final.pom
Progress (1): quarkus-resteasy-jsonb-deployment-1.5.1.Final.pom (2.3 kB)                                                                        Downloaded from central: https://repo.maven.apache.org/maven2/io/quarkus/quarkus-resteasy-jsonb-deployment/1.5.1.Final/quarkus-resteasy-jsonb-deployment-1.5.1.Final.pom (2.3 kB at 7.2 kB/s)
Downloading from central: https://repo.maven.apache.org/maven2/io/quarkus/quarkus-jsonb-deployment/1.5.1.Final/quarkus-jsonb-deployment-1.5.1.Final.pom
Progress (1): quarkus-jsonb-deployment-1.5.1.Final.pom (2.0 kB)                                                               Downloaded from central: https://repo.maven.apache.org/maven2/io/quarkus/quarkus-jsonb-deployment/1.5.1.Final/quarkus-jsonb-deployment-1.5.1.Final.pom (2.0 kB at 6.5 kB/s)
Downloading from central: https://repo.maven.apache.org/maven2/io/quarkus/quarkus-jsonb-spi/1.5.1.Final/quarkus-jsonb-spi-1.5.1.Final.pom
Progress (1): quarkus-jsonb-spi-1.5.1.Final.pom (828 B)                                                       Downloaded from central: https://repo.maven.apache.org/maven2/io/quarkus/quarkus-jsonb-spi/1.5.1.Final/quarkus-jsonb-spi-1.5.1.Final.pom (828 B at 6.3 kB/s)
Downloading from central: https://repo.maven.apache.org/maven2/io/quarkus/quarkus-undertow-deployment/1.5.1.Final/quarkus-undertow-deployment-1.5.1.Final.pom
Progress (1): quarkus-undertow-deployment-1.5.1.Final.pom (2.7/3.5 kB)Progress (1): quarkus-undertow-deployment-1.5.1.Final.pom (3.5 kB)                                                                      Downloaded from central: https://repo.maven.apache.org/maven2/io/quarkus/quarkus-undertow-deployment/1.5.1.Final/quarkus-undertow-deployment-1.5.1.Final.pom (3.5 kB at 7.5 kB/s)
Downloading from central: https://repo.maven.apache.org/maven2/io/quarkus/quarkus-jdbc-h2-deployment/1.5.1.Final/quarkus-jdbc-h2-deployment-1.5.1.Final.pom
Progress (1): quarkus-jdbc-h2-deployment-1.5.1.Final.pom (1.8 kB)                                                                 Downloaded from central: https://repo.maven.apache.org/maven2/io/quarkus/quarkus-jdbc-h2-deployment/1.5.1.Final/quarkus-jdbc-h2-deployment-1.5.1.Final.pom (1.8 kB at 3.4 kB/s)
Downloading from central: https://repo.maven.apache.org/maven2/io/quarkus/arc/arc-processor/1.5.1.Final/arc-processor-1.5.1.Final.jar
Downloading from central: https://repo.maven.apache.org/maven2/io/quarkus/quarkus-arc-deployment/1.5.1.Final/quarkus-arc-deployment-1.5.1.Final.jar
Downloading from central: https://repo.maven.apache.org/maven2/io/quarkus/quarkus-vertx-core-deployment/1.5.1.Final/quarkus-vertx-core-deployment-1.5.1.Final.jar
Downloading from central: https://repo.maven.apache.org/maven2/io/quarkus/quarkus-vertx-http-deployment/1.5.1.Final/quarkus-vertx-http-deployment-1.5.1.Final.jar
Downloading from central: https://repo.maven.apache.org/maven2/io/quarkus/quarkus-netty-deployment/1.5.1.Final/quarkus-netty-deployment-1.5.1.Final.jar
Progress (1): quarkus-vertx-core-deployment-1.5.1.Final.jar (2.7/9.2 kB)Progress (1): quarkus-vertx-core-deployment-1.5.1.Final.jar (5.5/9.2 kB)Progress (1): quarkus-vertx-core-deployment-1.5.1.Final.jar (8.2/9.2 kB)Progress (1): quarkus-vertx-core-deployment-1.5.1.Final.jar (9.2 kB)                                                                        Downloaded from central: https://repo.maven.apache.org/maven2/io/quarkus/quarkus-vertx-core-deployment/1.5.1.Final/quarkus-vertx-core-deployment-1.5.1.Final.jar (9.2 kB at 20 kB/s)
Downloading from central: https://repo.maven.apache.org/maven2/io/quarkus/quarkus-smallrye-health-spi/1.5.1.Final/quarkus-smallrye-health-spi-1.5.1.Final.jar
Progress (1): quarkus-vertx-http-deployment-1.5.1.Final.jar (2.7/23 kB)Progress (1): quarkus-vertx-http-deployment-1.5.1.Final.jar (5.5/23 kB)Progress (1): quarkus-vertx-http-deployment-1.5.1.Final.jar (8.2/23 kB)Progress (1): quarkus-vertx-http-deployment-1.5.1.Final.jar (11/23 kB) Progress (2): quarkus-vertx-http-deployment-1.5.1.Final.jar (11/23 kB) | quarkus-arc-deployment-1.5.1.Final.jar (2.7/150 kB)Progress (2): quarkus-vertx-http-deployment-1.5.1.Final.jar (11/23 kB) | quarkus-arc-deployment-1.5.1.Final.jar (5.5/150 kB)Progress (2): quarkus-vertx-http-deployment-1.5.1.Final.jar (11/23 kB) | quarkus-arc-deployment-1.5.1.Final.jar (8.2/150 kB)Progress (2): quarkus-vertx-http-deployment-1.5.1.Final.jar (11/23 kB) | quarkus-arc-deployment-1.5.1.Final.jar (11/150 kB) Progress (3): quarkus-vertx-http-deployment-1.5.1.Final.jar (11/23 kB) | quarkus-arc-deployment-1.5.1.Final.jar (11/150 kB) | quarkus-netty-deployment-1.5.1.Final.jar (2.7/11 kB)Progress (3): quarkus-vertx-http-deployment-1.5.1.Final.jar (11/23 kB) | quarkus-arc-deployment-1.5.1.Final.jar (11/150 kB) | quarkus-netty-deployment-1.5.1.Final.jar (5.5/11 kB)Progress (3): quarkus-vertx-http-deployment-1.5.1.Final.jar (11/23 kB) | quarkus-arc-deployment-1.5.1.Final.jar (11/150 kB) | quarkus-netty-deployment-1.5.1.Final.jar (8.2/11 kB)Progress (3): quarkus-vertx-http-deployment-1.5.1.Final.jar (11/23 kB) | quarkus-arc-deployment-1.5.1.Final.jar (11/150 kB) | quarkus-netty-deployment-1.5.1.Final.jar (11 kB)    Progress (4): quarkus-vertx-http-deployment-1.5.1.Final.jar (11/23 kB) | quarkus-arc-deployment-1.5.1.Final.jar (11/150 kB) | quarkus-netty-deployment-1.5.1.Final.jar (11 kB) | arc-processor-1.5.1.Final.jar (2.7/311 kB)Progress (4): quarkus-vertx-http-deployment-1.5.1.Final.jar (11/23 kB) | quarkus-arc-deployment-1.5.1.Final.jar (11/150 kB) | quarkus-netty-deployment-1.5.1.Final.jar (11 kB) | arc-processor-1.5.1.Final.jar (5.5/311 kB)Progress (4): quarkus-vertx-http-deployment-1.5.1.Final.jar (11/23 kB) | quarkus-arc-deployment-1.5.1.Final.jar (11/150 kB) | quarkus-netty-deployment-1.5.1.Final.jar (11 kB) | arc-processor-1.5.1.Final.jar (8.2/311 kB)Progress (4): quarkus-vertx-http-deployment-1.5.1.Final.jar (11/23 kB) | quarkus-arc-deployment-1.5.1.Final.jar (11/150 kB) | quarkus-netty-deployment-1.5.1.Final.jar (11 kB) | arc-processor-1.5.1.Final.jar (11/311 kB) Progress (5): quarkus-vertx-http-deployment-1.5.1.Final.jar (11/23 kB) | quarkus-arc-deployment-1.5.1.Final.jar (11/150 kB) | quarkus-netty-deployment-1.5.1.Final.jar (11 kB) | arc-processor-1.5.1.Final.jar (11/311 kB) | quarkus-smallrye-health-spi-1.5.1.Final.jar (2.7/3.7 kB)Progress (5): quarkus-vertx-http-deployment-1.5.1.Final.jar (11/23 kB) | quarkus-arc-deployment-1.5.1.Final.jar (11/150 kB) | quarkus-netty-deployment-1.5.1.Final.jar (11 kB) | arc-processor-1.5.1.Final.jar (11/311 kB) | quarkus-smallrye-health-spi-1.5.1.Final.jar (3.7 kB)    Progress (5): quarkus-vertx-http-deployment-1.5.1.Final.jar (14/23 kB) | quarkus-arc-deployment-1.5.1.Final.jar (11/150 kB) | quarkus-netty-deployment-1.5.1.Final.jar (11 kB) | arc-processor-1.5.1.Final.jar (11/311 kB) | quarkus-smallrye-health-spi-1.5.1.Final.jar (3.7 kB)Progress (5): quarkus-vertx-http-deployment-1.5.1.Final.jar (16/23 kB) | quarkus-arc-deployment-1.5.1.Final.jar (11/150 kB) | quarkus-netty-deployment-1.5.1.Final.jar (11 kB) | arc-processor-1.5.1.Final.jar (11/311 kB) | quarkus-smallrye-health-spi-1.5.1.Final.jar (3.7 kB)Progress (5): quarkus-vertx-http-deployment-1.5.1.Final.jar (16/23 kB) | quarkus-arc-deployment-1.5.1.Final.jar (14/150 kB) | quarkus-netty-deployment-1.5.1.Final.jar (11 kB) | arc-processor-1.5.1.Final.jar (11/311 kB) | quarkus-smallrye-health-spi-1.5.1.Final.jar (3.7 kB)Progress (5): quarkus-vertx-http-deployment-1.5.1.Final.jar (19/23 kB) | quarkus-arc-deployment-1.5.1.Final.jar (14/150 kB) | quarkus-netty-deployment-1.5.1.Final.jar (11 kB) | arc-processor-1.5.1.Final.jar (11/311 kB) | quarkus-smallrye-health-spi-1.5.1.Final.jar (3.7 kB)Progress (5): quarkus-vertx-http-deployment-1.5.1.Final.jar (22/23 kB) | quarkus-arc-deployment-1.5.1.Final.jar (14/150 kB) | quarkus-netty-deployment-1.5.1.Final.jar (11 kB) | arc-processor-1.5.1.Final.jar (11/311 kB) | quarkus-smallrye-health-spi-1.5.1.Final.jar (3.7 kB)Progress (5): quarkus-vertx-http-deployment-1.5.1.Final.jar (23 kB) | quarkus-arc-deployment-1.5.1.Final.jar (14/150 kB) | quarkus-netty-deployment-1.5.1.Final.jar (11 kB) | arc-processor-1.5.1.Final.jar (11/311 kB) | quarkus-smallrye-health-spi-1.5.1.Final.jar (3.7 kB)   Progress (5): quarkus-vertx-http-deployment-1.5.1.Final.jar (23 kB) | quarkus-arc-deployment-1.5.1.Final.jar (16/150 kB) | quarkus-netty-deployment-1.5.1.Final.jar (11 kB) | arc-processor-1.5.1.Final.jar (11/311 kB) | quarkus-smallrye-health-spi-1.5.1.Final.jar (3.7 kB)Progress (5): quarkus-vertx-http-deployment-1.5.1.Final.jar (23 kB) | quarkus-arc-deployment-1.5.1.Final.jar (19/150 kB) | quarkus-netty-deployment-1.5.1.Final.jar (11 kB) | arc-processor-1.5.1.Final.jar (11/311 kB) | quarkus-smallrye-health-spi-1.5.1.Final.jar (3.7 kB)Progress (5): quarkus-vertx-http-deployment-1.5.1.Final.jar (23 kB) | quarkus-arc-deployment-1.5.1.Final.jar (22/150 kB) | quarkus-netty-deployment-1.5.1.Final.jar (11 kB) | arc-processor-1.5.1.Final.jar (11/311 kB) | quarkus-smallrye-health-spi-1.5.1.Final.jar (3.7 kB)Progress (5): quarkus-vertx-http-deployment-1.5.1.Final.jar (23 kB) | quarkus-arc-deployment-1.5.1.Final.jar (25/150 kB) | quarkus-netty-deployment-1.5.1.Final.jar (11 kB) | arc-processor-1.5.1.Final.jar (11/311 kB) | quarkus-smallrye-health-spi-1.5.1.Final.jar (3.7 kB)Progress (5): quarkus-vertx-http-deployment-1.5.1.Final.jar (23 kB) | quarkus-arc-deployment-1.5.1.Final.jar (27/150 kB) | quarkus-netty-deployment-1.5.1.Final.jar (11 kB) | arc-processor-1.5.1.Final.jar (11/311 kB) | quarkus-smallrye-health-spi-1.5.1.Final.jar (3.7 kB)Progress (5): quarkus-vertx-http-deployment-1.5.1.Final.jar (23 kB) | quarkus-arc-deployment-1.5.1.Final.jar (30/150 kB) | quarkus-netty-deployment-1.5.1.Final.jar (11 kB) | arc-processor-1.5.1.Final.jar (11/311 kB) | quarkus-smallrye-health-spi-1.5.1.Final.jar (3.7 kB)Progress (5): quarkus-vertx-http-deployment-1.5.1.Final.jar (23 kB) | quarkus-arc-deployment-1.5.1.Final.jar (33/150 kB) | quarkus-netty-deployment-1.5.1.Final.jar (11 kB) | arc-processor-1.5.1.Final.jar (11/311 kB) | quarkus-smallrye-health-spi-1.5.1.Final.jar (3.7 kB)Progress (5): quarkus-vertx-http-deployment-1.5.1.Final.jar (23 kB) | quarkus-arc-deployment-1.5.1.Final.jar (33/150 kB) | quarkus-netty-deployment-1.5.1.Final.jar (11 kB) | arc-processor-1.5.1.Final.jar (14/311 kB) | quarkus-smallrye-health-spi-1.5.1.Final.jar (3.7 kB)Progress (5): quarkus-vertx-http-deployment-1.5.1.Final.jar (23 kB) | quarkus-arc-deployment-1.5.1.Final.jar (36/150 kB) | quarkus-netty-deployment-1.5.1.Final.jar (11 kB) | arc-processor-1.5.1.Final.jar (14/311 kB) | quarkus-smallrye-health-spi-1.5.1.Final.jar (3.7 kB)Progress (5): quarkus-vertx-http-deployment-1.5.1.Final.jar (23 kB) | quarkus-arc-deployment-1.5.1.Final.jar (38/150 kB) | quarkus-netty-deployment-1.5.1.Final.jar (11 kB) | arc-processor-1.5.1.Final.jar (14/311 kB) | quarkus-smallrye-health-spi-1.5.1.Final.jar (3.7 kB)                                                                                                                                                                                                                                                                              Downloaded from central: https://repo.maven.apache.org/maven2/io/quarkus/quarkus-netty-deployment/1.5.1.Final/quarkus-netty-deployment-1.5.1.Final.jar (11 kB at 7.2 kB/s)
Downloading from central: https://repo.maven.apache.org/maven2/io/quarkus/quarkus-smallrye-health-deployment/1.5.1.Final/quarkus-smallrye-health-deployment-1.5.1.Final.jar
Progress (4): quarkus-vertx-http-deployment-1.5.1.Final.jar (23 kB) | quarkus-arc-deployment-1.5.1.Final.jar (38/150 kB) | arc-processor-1.5.1.Final.jar (16/311 kB) | quarkus-smallrye-health-spi-1.5.1.Final.jar (3.7 kB)Progress (4): quarkus-vertx-http-deployment-1.5.1.Final.jar (23 kB) | quarkus-arc-deployment-1.5.1.Final.jar (38/150 kB) | arc-processor-1.5.1.Final.jar (19/311 kB) | quarkus-smallrye-health-spi-1.5.1.Final.jar (3.7 kB)Progress (4): quarkus-vertx-http-deployment-1.5.1.Final.jar (23 kB) | quarkus-arc-deployment-1.5.1.Final.jar (38/150 kB) | arc-processor-1.5.1.Final.jar (22/311 kB) | quarkus-smallrye-health-spi-1.5.1.Final.jar (3.7 kB)Progress (4): quarkus-vertx-http-deployment-1.5.1.Final.jar (23 kB) | quarkus-arc-deployment-1.5.1.Final.jar (38/150 kB) | arc-processor-1.5.1.Final.jar (25/311 kB) | quarkus-smallrye-health-spi-1.5.1.Final.jar (3.7 kB)Progress (4): quarkus-vertx-http-deployment-1.5.1.Final.jar (23 kB) | quarkus-arc-deployment-1.5.1.Final.jar (38/150 kB) | arc-processor-1.5.1.Final.jar (27/311 kB) | quarkus-smallrye-health-spi-1.5.1.Final.jar (3.7 kB)Progress (4): quarkus-vertx-http-deployment-1.5.1.Final.jar (23 kB) | quarkus-arc-deployment-1.5.1.Final.jar (38/150 kB) | arc-processor-1.5.1.Final.jar (30/311 kB) | quarkus-smallrye-health-spi-1.5.1.Final.jar (3.7 kB)Progress (4): quarkus-vertx-http-deployment-1.5.1.Final.jar (23 kB) | quarkus-arc-deployment-1.5.1.Final.jar (38/150 kB) | arc-processor-1.5.1.Final.jar (33/311 kB) | quarkus-smallrye-health-spi-1.5.1.Final.jar (3.7 kB)Progress (4): quarkus-vertx-http-deployment-1.5.1.Final.jar (23 kB) | quarkus-arc-deployment-1.5.1.Final.jar (38/150 kB) | arc-processor-1.5.1.Final.jar (36/311 kB) | quarkus-smallrye-health-spi-1.5.1.Final.jar (3.7 kB)Progress (4): quarkus-vertx-http-deployment-1.5.1.Final.jar (23 kB) | quarkus-arc-deployment-1.5.1.Final.jar (38/150 kB) | arc-processor-1.5.1.Final.jar (38/311 kB) | quarkus-smallrye-health-spi-1.5.1.Final.jar (3.7 kB)                                                                                                                                                                                                                           Downloaded from central: https://repo.maven.apache.org/maven2/io/quarkus/quarkus-smallrye-health-spi/1.5.1.Final/quarkus-smallrye-health-spi-1.5.1.Final.jar (3.7 kB at 2.1 kB/s)
Downloading from central: https://repo.maven.apache.org/maven2/io/quarkus/quarkus-smallrye-metrics-spi/1.5.1.Final/quarkus-smallrye-metrics-spi-1.5.1.Final.jar
Progress (3): quarkus-vertx-http-deployment-1.5.1.Final.jar (23 kB) | quarkus-arc-deployment-1.5.1.Final.jar (41/150 kB) | arc-processor-1.5.1.Final.jar (38/311 kB)Progress (3): quarkus-vertx-http-deployment-1.5.1.Final.jar (23 kB) | quarkus-arc-deployment-1.5.1.Final.jar (44/150 kB) | arc-processor-1.5.1.Final.jar (38/311 kB)Progress (3): quarkus-vertx-http-deployment-1.5.1.Final.jar (23 kB) | quarkus-arc-deployment-1.5.1.Final.jar (47/150 kB) | arc-processor-1.5.1.Final.jar (38/311 kB)                                                                                                                                                                    Downloaded from central: https://repo.maven.apache.org/maven2/io/quarkus/quarkus-vertx-http-deployment/1.5.1.Final/quarkus-vertx-http-deployment-1.5.1.Final.jar (23 kB at 13 kB/s)
Downloading from central: https://repo.maven.apache.org/maven2/io/quarkus/quarkus-smallrye-metrics-deployment/1.5.1.Final/quarkus-smallrye-metrics-deployment-1.5.1.Final.jar
Progress (2): quarkus-arc-deployment-1.5.1.Final.jar (49/150 kB) | arc-processor-1.5.1.Final.jar (38/311 kB)Progress (2): quarkus-arc-deployment-1.5.1.Final.jar (52/150 kB) | arc-processor-1.5.1.Final.jar (38/311 kB)Progress (2): quarkus-arc-deployment-1.5.1.Final.jar (55/150 kB) | arc-processor-1.5.1.Final.jar (38/311 kB)Progress (2): quarkus-arc-deployment-1.5.1.Final.jar (58/150 kB) | arc-processor-1.5.1.Final.jar (38/311 kB)Progress (2): quarkus-arc-deployment-1.5.1.Final.jar (60/150 kB) | arc-processor-1.5.1.Final.jar (38/311 kB)Progress (2): quarkus-arc-deployment-1.5.1.Final.jar (63/150 kB) | arc-processor-1.5.1.Final.jar (38/311 kB)Progress (2): quarkus-arc-deployment-1.5.1.Final.jar (66/150 kB) | arc-processor-1.5.1.Final.jar (38/311 kB)Progress (2): quarkus-arc-deployment-1.5.1.Final.jar (69/150 kB) | arc-processor-1.5.1.Final.jar (38/311 kB)Progress (2): quarkus-arc-deployment-1.5.1.Final.jar (71/150 kB) | arc-processor-1.5.1.Final.jar (38/311 kB)Progress (2): quarkus-arc-deployment-1.5.1.Final.jar (74/150 kB) | arc-processor-1.5.1.Final.jar (38/311 kB)Progress (2): quarkus-arc-deployment-1.5.1.Final.jar (74/150 kB) | arc-processor-1.5.1.Final.jar (41/311 kB)Progress (3): quarkus-arc-deployment-1.5.1.Final.jar (74/150 kB) | arc-processor-1.5.1.Final.jar (41/311 kB) | quarkus-smallrye-health-deployment-1.5.1.Final.jar (2.7/12 kB)Progress (3): quarkus-arc-deployment-1.5.1.Final.jar (77/150 kB) | arc-processor-1.5.1.Final.jar (41/311 kB) | quarkus-smallrye-health-deployment-1.5.1.Final.jar (2.7/12 kB)Progress (3): quarkus-arc-deployment-1.5.1.Final.jar (77/150 kB) | arc-processor-1.5.1.Final.jar (41/311 kB) | quarkus-smallrye-health-deployment-1.5.1.Final.jar (5.5/12 kB)Progress (3): quarkus-arc-deployment-1.5.1.Final.jar (80/150 kB) | arc-processor-1.5.1.Final.jar (41/311 kB) | quarkus-smallrye-health-deployment-1.5.1.Final.jar (5.5/12 kB)Progress (3): quarkus-arc-deployment-1.5.1.Final.jar (80/150 kB) | arc-processor-1.5.1.Final.jar (44/311 kB) | quarkus-smallrye-health-deployment-1.5.1.Final.jar (5.5/12 kB)Progress (3): quarkus-arc-deployment-1.5.1.Final.jar (80/150 kB) | arc-processor-1.5.1.Final.jar (44/311 kB) | quarkus-smallrye-health-deployment-1.5.1.Final.jar (8.2/12 kB)Progress (3): quarkus-arc-deployment-1.5.1.Final.jar (82/150 kB) | arc-processor-1.5.1.Final.jar (44/311 kB) | quarkus-smallrye-health-deployment-1.5.1.Final.jar (8.2/12 kB)Progress (3): quarkus-arc-deployment-1.5.1.Final.jar (82/150 kB) | arc-processor-1.5.1.Final.jar (47/311 kB) | quarkus-smallrye-health-deployment-1.5.1.Final.jar (8.2/12 kB)Progress (3): quarkus-arc-deployment-1.5.1.Final.jar (85/150 kB) | arc-processor-1.5.1.Final.jar (47/311 kB) | quarkus-smallrye-health-deployment-1.5.1.Final.jar (8.2/12 kB)Progress (3): quarkus-arc-deployment-1.5.1.Final.jar (85/150 kB) | arc-processor-1.5.1.Final.jar (47/311 kB) | quarkus-smallrye-health-deployment-1.5.1.Final.jar (11/12 kB) Progress (3): quarkus-arc-deployment-1.5.1.Final.jar (85/150 kB) | arc-processor-1.5.1.Final.jar (47/311 kB) | quarkus-smallrye-health-deployment-1.5.1.Final.jar (12 kB)   Progress (3): quarkus-arc-deployment-1.5.1.Final.jar (88/150 kB) | arc-processor-1.5.1.Final.jar (47/311 kB) | quarkus-smallrye-health-deployment-1.5.1.Final.jar (12 kB)Progress (3): quarkus-arc-deployment-1.5.1.Final.jar (88/150 kB) | arc-processor-1.5.1.Final.jar (49/311 kB) | quarkus-smallrye-health-deployment-1.5.1.Final.jar (12 kB)Progress (3): quarkus-arc-deployment-1.5.1.Final.jar (90/150 kB) | arc-processor-1.5.1.Final.jar (49/311 kB) | quarkus-smallrye-health-deployment-1.5.1.Final.jar (12 kB)Progress (3): quarkus-arc-deployment-1.5.1.Final.jar (90/150 kB) | arc-processor-1.5.1.Final.jar (52/311 kB) | quarkus-smallrye-health-deployment-1.5.1.Final.jar (12 kB)Progress (3): quarkus-arc-deployment-1.5.1.Final.jar (93/150 kB) | arc-processor-1.5.1.Final.jar (52/311 kB) | quarkus-smallrye-health-deployment-1.5.1.Final.jar (12 kB)Progress (3): quarkus-arc-deployment-1.5.1.Final.jar (93/150 kB) | arc-processor-1.5.1.Final.jar (55/311 kB) | quarkus-smallrye-health-deployment-1.5.1.Final.jar (12 kB)Progress (3): quarkus-arc-deployment-1.5.1.Final.jar (93/150 kB) | arc-processor-1.5.1.Final.jar (58/311 kB) | quarkus-smallrye-health-deployment-1.5.1.Final.jar (12 kB)Progress (3): quarkus-arc-deployment-1.5.1.Final.jar (93/150 kB) | arc-processor-1.5.1.Final.jar (60/311 kB) | quarkus-smallrye-health-deployment-1.5.1.Final.jar (12 kB)Progress (3): quarkus-arc-deployment-1.5.1.Final.jar (93/150 kB) | arc-processor-1.5.1.Final.jar (63/311 kB) | quarkus-smallrye-health-deployment-1.5.1.Final.jar (12 kB)Progress (3): quarkus-arc-deployment-1.5.1.Final.jar (93/150 kB) | arc-processor-1.5.1.Final.jar (66/311 kB) | quarkus-smallrye-health-deployment-1.5.1.Final.jar (12 kB)Progress (3): quarkus-arc-deployment-1.5.1.Final.jar (93/150 kB) | arc-processor-1.5.1.Final.jar (69/311 kB) | quarkus-smallrye-health-deployment-1.5.1.Final.jar (12 kB)Progress (3): quarkus-arc-deployment-1.5.1.Final.jar (93/150 kB) | arc-processor-1.5.1.Final.jar (71/311 kB) | quarkus-smallrye-health-deployment-1.5.1.Final.jar (12 kB)Progress (3): quarkus-arc-deployment-1.5.1.Final.jar (93/150 kB) | arc-processor-1.5.1.Final.jar (74/311 kB) | quarkus-smallrye-health-deployment-1.5.1.Final.jar (12 kB)Progress (3): quarkus-arc-deployment-1.5.1.Final.jar (93/150 kB) | arc-processor-1.5.1.Final.jar (77/311 kB) | quarkus-smallrye-health-deployment-1.5.1.Final.jar (12 kB)Progress (3): quarkus-arc-deployment-1.5.1.Final.jar (93/150 kB) | arc-processor-1.5.1.Final.jar (80/311 kB) | quarkus-smallrye-health-deployment-1.5.1.Final.jar (12 kB)Progress (3): quarkus-arc-deployment-1.5.1.Final.jar (96/150 kB) | arc-processor-1.5.1.Final.jar (80/311 kB) | quarkus-smallrye-health-deployment-1.5.1.Final.jar (12 kB)Progress (3): quarkus-arc-deployment-1.5.1.Final.jar (99/150 kB) | arc-processor-1.5.1.Final.jar (80/311 kB) | quarkus-smallrye-health-deployment-1.5.1.Final.jar (12 kB)Progress (4): quarkus-arc-deployment-1.5.1.Final.jar (99/150 kB) | arc-processor-1.5.1.Final.jar (80/311 kB) | quarkus-smallrye-health-deployment-1.5.1.Final.jar (12 kB) | quarkus-smallrye-metrics-spi-1.5.1.Final.jar (2.7/5.5 kB)Progress (4): quarkus-arc-deployment-1.5.1.Final.jar (99/150 kB) | arc-processor-1.5.1.Final.jar (80/311 kB) | quarkus-smallrye-health-deployment-1.5.1.Final.jar (12 kB) | quarkus-smallrye-metrics-spi-1.5.1.Final.jar (5.5/5.5 kB)Progress (4): quarkus-arc-deployment-1.5.1.Final.jar (99/150 kB) | arc-processor-1.5.1.Final.jar (82/311 kB) | quarkus-smallrye-health-deployment-1.5.1.Final.jar (12 kB) | quarkus-smallrye-metrics-spi-1.5.1.Final.jar (5.5/5.5 kB)Progress (4): quarkus-arc-deployment-1.5.1.Final.jar (99/150 kB) | arc-processor-1.5.1.Final.jar (82/311 kB) | quarkus-smallrye-health-deployment-1.5.1.Final.jar (12 kB) | quarkus-smallrye-metrics-spi-1.5.1.Final.jar (5.5 kB)    Progress (4): quarkus-arc-deployment-1.5.1.Final.jar (99/150 kB) | arc-processor-1.5.1.Final.jar (85/311 kB) | quarkus-smallrye-health-deployment-1.5.1.Final.jar (12 kB) | quarkus-smallrye-metrics-spi-1.5.1.Final.jar (5.5 kB)Progress (4): quarkus-arc-deployment-1.5.1.Final.jar (101/150 kB) | arc-processor-1.5.1.Final.jar (85/311 kB) | quarkus-smallrye-health-deployment-1.5.1.Final.jar (12 kB) | quarkus-smallrye-metrics-spi-1.5.1.Final.jar (5.5 kB)Progress (5): quarkus-arc-deployment-1.5.1.Final.jar (101/150 kB) | arc-processor-1.5.1.Final.jar (85/311 kB) | quarkus-smallrye-health-deployment-1.5.1.Final.jar (12 kB) | quarkus-smallrye-metrics-spi-1.5.1.Final.jar (5.5 kB) | quarkus-smallrye-metrics-deployment-1.5.1.Final.jar (2.7/29 kB)Progress (5): quarkus-arc-deployment-1.5.1.Final.jar (101/150 kB) | arc-processor-1.5.1.Final.jar (85/311 kB) | quarkus-smallrye-health-deployment-1.5.1.Final.jar (12 kB) | quarkus-smallrye-metrics-spi-1.5.1.Final.jar (5.5 kB) | quarkus-smallrye-metrics-deployment-1.5.1.Final.jar (5.5/29 kB)Progress (5): quarkus-arc-deployment-1.5.1.Final.jar (101/150 kB) | arc-processor-1.5.1.Final.jar (85/311 kB) | quarkus-smallrye-health-deployment-1.5.1.Final.jar (12 kB) | quarkus-smallrye-metrics-spi-1.5.1.Final.jar (5.5 kB) | quarkus-smallrye-metrics-deployment-1.5.1.Final.jar (8.2/29 kB)Progress (5): quarkus-arc-deployment-1.5.1.Final.jar (101/150 kB) | arc-processor-1.5.1.Final.jar (85/311 kB) | quarkus-smallrye-health-deployment-1.5.1.Final.jar (12 kB) | quarkus-smallrye-metrics-spi-1.5.1.Final.jar (5.5 kB) | quarkus-smallrye-metrics-deployment-1.5.1.Final.jar (11/29 kB) Progress (5): quarkus-arc-deployment-1.5.1.Final.jar (101/150 kB) | arc-processor-1.5.1.Final.jar (85/311 kB) | quarkus-smallrye-health-deployment-1.5.1.Final.jar (12 kB) | quarkus-smallrye-metrics-spi-1.5.1.Final.jar (5.5 kB) | quarkus-smallrye-metrics-deployment-1.5.1.Final.jar (14/29 kB)Progress (5): quarkus-arc-deployment-1.5.1.Final.jar (104/150 kB) | arc-processor-1.5.1.Final.jar (85/311 kB) | quarkus-smallrye-health-deployment-1.5.1.Final.jar (12 kB) | quarkus-smallrye-metrics-spi-1.5.1.Final.jar (5.5 kB) | quarkus-smallrye-metrics-deployment-1.5.1.Final.jar (14/29 kB)Progress (5): quarkus-arc-deployment-1.5.1.Final.jar (104/150 kB) | arc-processor-1.5.1.Final.jar (85/311 kB) | quarkus-smallrye-health-deployment-1.5.1.Final.jar (12 kB) | quarkus-smallrye-metrics-spi-1.5.1.Final.jar (5.5 kB) | quarkus-smallrye-metrics-deployment-1.5.1.Final.jar (16/29 kB)Progress (5): quarkus-arc-deployment-1.5.1.Final.jar (104/150 kB) | arc-processor-1.5.1.Final.jar (88/311 kB) | quarkus-smallrye-health-deployment-1.5.1.Final.jar (12 kB) | quarkus-smallrye-metrics-spi-1.5.1.Final.jar (5.5 kB) | quarkus-smallrye-metrics-deployment-1.5.1.Final.jar (16/29 kB)Progress (5): quarkus-arc-deployment-1.5.1.Final.jar (107/150 kB) | arc-processor-1.5.1.Final.jar (88/311 kB) | quarkus-smallrye-health-deployment-1.5.1.Final.jar (12 kB) | quarkus-smallrye-metrics-spi-1.5.1.Final.jar (5.5 kB) | quarkus-smallrye-metrics-deployment-1.5.1.Final.jar (16/29 kB)Progress (5): quarkus-arc-deployment-1.5.1.Final.jar (107/150 kB) | arc-processor-1.5.1.Final.jar (90/311 kB) | quarkus-smallrye-health-deployment-1.5.1.Final.jar (12 kB) | quarkus-smallrye-metrics-spi-1.5.1.Final.jar (5.5 kB) | quarkus-smallrye-metrics-deployment-1.5.1.Final.jar (16/29 kB)Progress (5): quarkus-arc-deployment-1.5.1.Final.jar (110/150 kB) | arc-processor-1.5.1.Final.jar (90/311 kB) | quarkus-smallrye-health-deployment-1.5.1.Final.jar (12 kB) | quarkus-smallrye-metrics-spi-1.5.1.Final.jar (5.5 kB) | quarkus-smallrye-metrics-deployment-1.5.1.Final.jar (16/29 kB)Progress (5): quarkus-arc-deployment-1.5.1.Final.jar (110/150 kB) | arc-processor-1.5.1.Final.jar (90/311 kB) | quarkus-smallrye-health-deployment-1.5.1.Final.jar (12 kB) | quarkus-smallrye-metrics-spi-1.5.1.Final.jar (5.5 kB) | quarkus-smallrye-metrics-deployment-1.5.1.Final.jar (19/29 kB)Progress (5): quarkus-arc-deployment-1.5.1.Final.jar (112/150 kB) | arc-processor-1.5.1.Final.jar (90/311 kB) | quarkus-smallrye-health-deployment-1.5.1.Final.jar (12 kB) | quarkus-smallrye-metrics-spi-1.5.1.Final.jar (5.5 kB) | quarkus-smallrye-metrics-deployment-1.5.1.Final.jar (19/29 kB)Progress (5): quarkus-arc-deployment-1.5.1.Final.jar (112/150 kB) | arc-processor-1.5.1.Final.jar (90/311 kB) | quarkus-smallrye-health-deployment-1.5.1.Final.jar (12 kB) | quarkus-smallrye-metrics-spi-1.5.1.Final.jar (5.5 kB) | quarkus-smallrye-metrics-deployment-1.5.1.Final.jar (22/29 kB)Progress (5): quarkus-arc-deployment-1.5.1.Final.jar (115/150 kB) | arc-processor-1.5.1.Final.jar (90/311 kB) | quarkus-smallrye-health-deployment-1.5.1.Final.jar (12 kB) | quarkus-smallrye-metrics-spi-1.5.1.Final.jar (5.5 kB) | quarkus-smallrye-metrics-deployment-1.5.1.Final.jar (22/29 kB)Progress (5): quarkus-arc-deployment-1.5.1.Final.jar (115/150 kB) | arc-processor-1.5.1.Final.jar (90/311 kB) | quarkus-smallrye-health-deployment-1.5.1.Final.jar (12 kB) | quarkus-smallrye-metrics-spi-1.5.1.Final.jar (5.5 kB) | quarkus-smallrye-metrics-deployment-1.5.1.Final.jar (25/29 kB)Progress (5): quarkus-arc-deployment-1.5.1.Final.jar (118/150 kB) | arc-processor-1.5.1.Final.jar (90/311 kB) | quarkus-smallrye-health-deployment-1.5.1.Final.jar (12 kB) | quarkus-smallrye-metrics-spi-1.5.1.Final.jar (5.5 kB) | quarkus-smallrye-metrics-deployment-1.5.1.Final.jar (25/29 kB)Progress (5): quarkus-arc-deployment-1.5.1.Final.jar (118/150 kB) | arc-processor-1.5.1.Final.jar (90/311 kB) | quarkus-smallrye-health-deployment-1.5.1.Final.jar (12 kB) | quarkus-smallrye-metrics-spi-1.5.1.Final.jar (5.5 kB) | quarkus-smallrye-metrics-deployment-1.5.1.Final.jar (27/29 kB)Progress (5): quarkus-arc-deployment-1.5.1.Final.jar (121/150 kB) | arc-processor-1.5.1.Final.jar (90/311 kB) | quarkus-smallrye-health-deployment-1.5.1.Final.jar (12 kB) | quarkus-smallrye-metrics-spi-1.5.1.Final.jar (5.5 kB) | quarkus-smallrye-metrics-deployment-1.5.1.Final.jar (27/29 kB)Progress (5): quarkus-arc-deployment-1.5.1.Final.jar (121/150 kB) | arc-processor-1.5.1.Final.jar (90/311 kB) | quarkus-smallrye-health-deployment-1.5.1.Final.jar (12 kB) | quarkus-smallrye-metrics-spi-1.5.1.Final.jar (5.5 kB) | quarkus-smallrye-metrics-deployment-1.5.1.Final.jar (29 kB)   Progress (5): quarkus-arc-deployment-1.5.1.Final.jar (123/150 kB) | arc-processor-1.5.1.Final.jar (90/311 kB) | quarkus-smallrye-health-deployment-1.5.1.Final.jar (12 kB) | quarkus-smallrye-metrics-spi-1.5.1.Final.jar (5.5 kB) | quarkus-smallrye-metrics-deployment-1.5.1.Final.jar (29 kB)Progress (5): quarkus-arc-deployment-1.5.1.Final.jar (126/150 kB) | arc-processor-1.5.1.Final.jar (90/311 kB) | quarkus-smallrye-health-deployment-1.5.1.Final.jar (12 kB) | quarkus-smallrye-metrics-spi-1.5.1.Final.jar (5.5 kB) | quarkus-smallrye-metrics-deployment-1.5.1.Final.jar (29 kB)Progress (5): quarkus-arc-deployment-1.5.1.Final.jar (129/150 kB) | arc-processor-1.5.1.Final.jar (90/311 kB) | quarkus-smallrye-health-deployment-1.5.1.Final.jar (12 kB) | quarkus-smallrye-metrics-spi-1.5.1.Final.jar (5.5 kB) | quarkus-smallrye-metrics-deployment-1.5.1.Final.jar (29 kB)Progress (5): quarkus-arc-deployment-1.5.1.Final.jar (132/150 kB) | arc-processor-1.5.1.Final.jar (90/311 kB) | quarkus-smallrye-health-deployment-1.5.1.Final.jar (12 kB) | quarkus-smallrye-metrics-spi-1.5.1.Final.jar (5.5 kB) | quarkus-smallrye-metrics-deployment-1.5.1.Final.jar (29 kB)Progress (5): quarkus-arc-deployment-1.5.1.Final.jar (134/150 kB) | arc-processor-1.5.1.Final.jar (90/311 kB) | quarkus-smallrye-health-deployment-1.5.1.Final.jar (12 kB) | quarkus-smallrye-metrics-spi-1.5.1.Final.jar (5.5 kB) | quarkus-smallrye-metrics-deployment-1.5.1.Final.jar (29 kB)Progress (5): quarkus-arc-deployment-1.5.1.Final.jar (137/150 kB) | arc-processor-1.5.1.Final.jar (90/311 kB) | quarkus-smallrye-health-deployment-1.5.1.Final.jar (12 kB) | quarkus-smallrye-metrics-spi-1.5.1.Final.jar (5.5 kB) | quarkus-smallrye-metrics-deployment-1.5.1.Final.jar (29 kB)Progress (5): quarkus-arc-deployment-1.5.1.Final.jar (140/150 kB) | arc-processor-1.5.1.Final.jar (90/311 kB) | quarkus-smallrye-health-deployment-1.5.1.Final.jar (12 kB) | quarkus-smallrye-metrics-spi-1.5.1.Final.jar (5.5 kB) | quarkus-smallrye-metrics-deployment-1.5.1.Final.jar (29 kB)Progress (5): quarkus-arc-deployment-1.5.1.Final.jar (143/150 kB) | arc-processor-1.5.1.Final.jar (90/311 kB) | quarkus-smallrye-health-deployment-1.5.1.Final.jar (12 kB) | quarkus-smallrye-metrics-spi-1.5.1.Final.jar (5.5 kB) | quarkus-smallrye-metrics-deployment-1.5.1.Final.jar (29 kB)Progress (5): quarkus-arc-deployment-1.5.1.Final.jar (145/150 kB) | arc-processor-1.5.1.Final.jar (90/311 kB) | quarkus-smallrye-health-deployment-1.5.1.Final.jar (12 kB) | quarkus-smallrye-metrics-spi-1.5.1.Final.jar (5.5 kB) | quarkus-smallrye-metrics-deployment-1.5.1.Final.jar (29 kB)Progress (5): quarkus-arc-deployment-1.5.1.Final.jar (145/150 kB) | arc-processor-1.5.1.Final.jar (93/311 kB) | quarkus-smallrye-health-deployment-1.5.1.Final.jar (12 kB) | quarkus-smallrye-metrics-spi-1.5.1.Final.jar (5.5 kB) | quarkus-smallrye-metrics-deployment-1.5.1.Final.jar (29 kB)Progress (5): quarkus-arc-deployment-1.5.1.Final.jar (148/150 kB) | arc-processor-1.5.1.Final.jar (93/311 kB) | quarkus-smallrye-health-deployment-1.5.1.Final.jar (12 kB) | quarkus-smallrye-metrics-spi-1.5.1.Final.jar (5.5 kB) | quarkus-smallrye-metrics-deployment-1.5.1.Final.jar (29 kB)Progress (5): quarkus-arc-deployment-1.5.1.Final.jar (148/150 kB) | arc-processor-1.5.1.Final.jar (96/311 kB) | quarkus-smallrye-health-deployment-1.5.1.Final.jar (12 kB) | quarkus-smallrye-metrics-spi-1.5.1.Final.jar (5.5 kB) | quarkus-smallrye-metrics-deployment-1.5.1.Final.jar (29 kB)Progress (5): quarkus-arc-deployment-1.5.1.Final.jar (150 kB) | arc-processor-1.5.1.Final.jar (96/311 kB) | quarkus-smallrye-health-deployment-1.5.1.Final.jar (12 kB) | quarkus-smallrye-metrics-spi-1.5.1.Final.jar (5.5 kB) | quarkus-smallrye-metrics-deployment-1.5.1.Final.jar (29 kB)    Progress (5): quarkus-arc-deployment-1.5.1.Final.jar (150 kB) | arc-processor-1.5.1.Final.jar (99/311 kB) | quarkus-smallrye-health-deployment-1.5.1.Final.jar (12 kB) | quarkus-smallrye-metrics-spi-1.5.1.Final.jar (5.5 kB) | quarkus-smallrye-metrics-deployment-1.5.1.Final.jar (29 kB)Progress (5): quarkus-arc-deployment-1.5.1.Final.jar (150 kB) | arc-processor-1.5.1.Final.jar (101/311 kB) | quarkus-smallrye-health-deployment-1.5.1.Final.jar (12 kB) | quarkus-smallrye-metrics-spi-1.5.1.Final.jar (5.5 kB) | quarkus-smallrye-metrics-deployment-1.5.1.Final.jar (29 kB)Progress (5): quarkus-arc-deployment-1.5.1.Final.jar (150 kB) | arc-processor-1.5.1.Final.jar (104/311 kB) | quarkus-smallrye-health-deployment-1.5.1.Final.jar (12 kB) | quarkus-smallrye-metrics-spi-1.5.1.Final.jar (5.5 kB) | quarkus-smallrye-metrics-deployment-1.5.1.Final.jar (29 kB)Progress (5): quarkus-arc-deployment-1.5.1.Final.jar (150 kB) | arc-processor-1.5.1.Final.jar (107/311 kB) | quarkus-smallrye-health-deployment-1.5.1.Final.jar (12 kB) | quarkus-smallrye-metrics-spi-1.5.1.Final.jar (5.5 kB) | quarkus-smallrye-metrics-deployment-1.5.1.Final.jar (29 kB)Progress (5): quarkus-arc-deployment-1.5.1.Final.jar (150 kB) | arc-processor-1.5.1.Final.jar (110/311 kB) | quarkus-smallrye-health-deployment-1.5.1.Final.jar (12 kB) | quarkus-smallrye-metrics-spi-1.5.1.Final.jar (5.5 kB) | quarkus-smallrye-metrics-deployment-1.5.1.Final.jar (29 kB)                                                                                                                                                                                                                                                                                             Downloaded from central: https://repo.maven.apache.org/maven2/io/quarkus/quarkus-smallrye-health-deployment/1.5.1.Final/quarkus-smallrye-health-deployment-1.5.1.Final.jar (12 kB at 3.6 kB/s)
Downloading from central: https://repo.maven.apache.org/maven2/io/quarkus/quarkus-smallrye-context-propagation-deployment/1.5.1.Final/quarkus-smallrye-context-propagation-deployment-1.5.1.Final.jar
Progress (4): quarkus-arc-deployment-1.5.1.Final.jar (150 kB) | arc-processor-1.5.1.Final.jar (112/311 kB) | quarkus-smallrye-metrics-spi-1.5.1.Final.jar (5.5 kB) | quarkus-smallrye-metrics-deployment-1.5.1.Final.jar (29 kB)Progress (4): quarkus-arc-deployment-1.5.1.Final.jar (150 kB) | arc-processor-1.5.1.Final.jar (115/311 kB) | quarkus-smallrye-metrics-spi-1.5.1.Final.jar (5.5 kB) | quarkus-smallrye-metrics-deployment-1.5.1.Final.jar (29 kB)Progress (4): quarkus-arc-deployment-1.5.1.Final.jar (150 kB) | arc-processor-1.5.1.Final.jar (118/311 kB) | quarkus-smallrye-metrics-spi-1.5.1.Final.jar (5.5 kB) | quarkus-smallrye-metrics-deployment-1.5.1.Final.jar (29 kB)Progress (4): quarkus-arc-deployment-1.5.1.Final.jar (150 kB) | arc-processor-1.5.1.Final.jar (121/311 kB) | quarkus-smallrye-metrics-spi-1.5.1.Final.jar (5.5 kB) | quarkus-smallrye-metrics-deployment-1.5.1.Final.jar (29 kB)Progress (4): quarkus-arc-deployment-1.5.1.Final.jar (150 kB) | arc-processor-1.5.1.Final.jar (123/311 kB) | quarkus-smallrye-metrics-spi-1.5.1.Final.jar (5.5 kB) | quarkus-smallrye-metrics-deployment-1.5.1.Final.jar (29 kB)Progress (4): quarkus-arc-deployment-1.5.1.Final.jar (150 kB) | arc-processor-1.5.1.Final.jar (126/311 kB) | quarkus-smallrye-metrics-spi-1.5.1.Final.jar (5.5 kB) | quarkus-smallrye-metrics-deployment-1.5.1.Final.jar (29 kB)Progress (4): quarkus-arc-deployment-1.5.1.Final.jar (150 kB) | arc-processor-1.5.1.Final.jar (129/311 kB) | quarkus-smallrye-metrics-spi-1.5.1.Final.jar (5.5 kB) | quarkus-smallrye-metrics-deployment-1.5.1.Final.jar (29 kB)Progress (4): quarkus-arc-deployment-1.5.1.Final.jar (150 kB) | arc-processor-1.5.1.Final.jar (132/311 kB) | quarkus-smallrye-metrics-spi-1.5.1.Final.jar (5.5 kB) | quarkus-smallrye-metrics-deployment-1.5.1.Final.jar (29 kB)Progress (4): quarkus-arc-deployment-1.5.1.Final.jar (150 kB) | arc-processor-1.5.1.Final.jar (134/311 kB) | quarkus-smallrye-metrics-spi-1.5.1.Final.jar (5.5 kB) | quarkus-smallrye-metrics-deployment-1.5.1.Final.jar (29 kB)Progress (4): quarkus-arc-deployment-1.5.1.Final.jar (150 kB) | arc-processor-1.5.1.Final.jar (137/311 kB) | quarkus-smallrye-metrics-spi-1.5.1.Final.jar (5.5 kB) | quarkus-smallrye-metrics-deployment-1.5.1.Final.jar (29 kB)Progress (4): quarkus-arc-deployment-1.5.1.Final.jar (150 kB) | arc-processor-1.5.1.Final.jar (140/311 kB) | quarkus-smallrye-metrics-spi-1.5.1.Final.jar (5.5 kB) | quarkus-smallrye-metrics-deployment-1.5.1.Final.jar (29 kB)Progress (4): quarkus-arc-deployment-1.5.1.Final.jar (150 kB) | arc-processor-1.5.1.Final.jar (143/311 kB) | quarkus-smallrye-metrics-spi-1.5.1.Final.jar (5.5 kB) | quarkus-smallrye-metrics-deployment-1.5.1.Final.jar (29 kB)Progress (4): quarkus-arc-deployment-1.5.1.Final.jar (150 kB) | arc-processor-1.5.1.Final.jar (145/311 kB) | quarkus-smallrye-metrics-spi-1.5.1.Final.jar (5.5 kB) | quarkus-smallrye-metrics-deployment-1.5.1.Final.jar (29 kB)Progress (4): quarkus-arc-deployment-1.5.1.Final.jar (150 kB) | arc-processor-1.5.1.Final.jar (148/311 kB) | quarkus-smallrye-metrics-spi-1.5.1.Final.jar (5.5 kB) | quarkus-smallrye-metrics-deployment-1.5.1.Final.jar (29 kB)Progress (4): quarkus-arc-deployment-1.5.1.Final.jar (150 kB) | arc-processor-1.5.1.Final.jar (151/311 kB) | quarkus-smallrye-metrics-spi-1.5.1.Final.jar (5.5 kB) | quarkus-smallrye-metrics-deployment-1.5.1.Final.jar (29 kB)Progress (4): quarkus-arc-deployment-1.5.1.Final.jar (150 kB) | arc-processor-1.5.1.Final.jar (154/311 kB) | quarkus-smallrye-metrics-spi-1.5.1.Final.jar (5.5 kB) | quarkus-smallrye-metrics-deployment-1.5.1.Final.jar (29 kB)Progress (4): quarkus-arc-deployment-1.5.1.Final.jar (150 kB) | arc-processor-1.5.1.Final.jar (156/311 kB) | quarkus-smallrye-metrics-spi-1.5.1.Final.jar (5.5 kB) | quarkus-smallrye-metrics-deployment-1.5.1.Final.jar (29 kB)Progress (4): quarkus-arc-deployment-1.5.1.Final.jar (150 kB) | arc-processor-1.5.1.Final.jar (159/311 kB) | quarkus-smallrye-metrics-spi-1.5.1.Final.jar (5.5 kB) | quarkus-smallrye-metrics-deployment-1.5.1.Final.jar (29 kB)Progress (4): quarkus-arc-deployment-1.5.1.Final.jar (150 kB) | arc-processor-1.5.1.Final.jar (162/311 kB) | quarkus-smallrye-metrics-spi-1.5.1.Final.jar (5.5 kB) | quarkus-smallrye-metrics-deployment-1.5.1.Final.jar (29 kB)Progress (4): quarkus-arc-deployment-1.5.1.Final.jar (150 kB) | arc-processor-1.5.1.Final.jar (165/311 kB) | quarkus-smallrye-metrics-spi-1.5.1.Final.jar (5.5 kB) | quarkus-smallrye-metrics-deployment-1.5.1.Final.jar (29 kB)Progress (4): quarkus-arc-deployment-1.5.1.Final.jar (150 kB) | arc-processor-1.5.1.Final.jar (167/311 kB) | quarkus-smallrye-metrics-spi-1.5.1.Final.jar (5.5 kB) | quarkus-smallrye-metrics-deployment-1.5.1.Final.jar (29 kB)                                                                                                                                                                                                                                Downloaded from central: https://repo.maven.apache.org/maven2/io/quarkus/quarkus-smallrye-metrics-spi/1.5.1.Final/quarkus-smallrye-metrics-spi-1.5.1.Final.jar (5.5 kB at 1.5 kB/s)
Downloading from central: https://repo.maven.apache.org/maven2/org/graalvm/nativeimage/svm/19.3.1/svm-19.3.1.jar
Progress (3): quarkus-arc-deployment-1.5.1.Final.jar (150 kB) | arc-processor-1.5.1.Final.jar (170/311 kB) | quarkus-smallrye-metrics-deployment-1.5.1.Final.jar (29 kB)Progress (3): quarkus-arc-deployment-1.5.1.Final.jar (150 kB) | arc-processor-1.5.1.Final.jar (173/311 kB) | quarkus-smallrye-metrics-deployment-1.5.1.Final.jar (29 kB)Progress (3): quarkus-arc-deployment-1.5.1.Final.jar (150 kB) | arc-processor-1.5.1.Final.jar (175/311 kB) | quarkus-smallrye-metrics-deployment-1.5.1.Final.jar (29 kB)Progress (3): quarkus-arc-deployment-1.5.1.Final.jar (150 kB) | arc-processor-1.5.1.Final.jar (178/311 kB) | quarkus-smallrye-metrics-deployment-1.5.1.Final.jar (29 kB)Progress (3): quarkus-arc-deployment-1.5.1.Final.jar (150 kB) | arc-processor-1.5.1.Final.jar (181/311 kB) | quarkus-smallrye-metrics-deployment-1.5.1.Final.jar (29 kB)Progress (3): quarkus-arc-deployment-1.5.1.Final.jar (150 kB) | arc-processor-1.5.1.Final.jar (184/311 kB) | quarkus-smallrye-metrics-deployment-1.5.1.Final.jar (29 kB)Progress (3): quarkus-arc-deployment-1.5.1.Final.jar (150 kB) | arc-processor-1.5.1.Final.jar (186/311 kB) | quarkus-smallrye-metrics-deployment-1.5.1.Final.jar (29 kB)Progress (3): quarkus-arc-deployment-1.5.1.Final.jar (150 kB) | arc-processor-1.5.1.Final.jar (189/311 kB) | quarkus-smallrye-metrics-deployment-1.5.1.Final.jar (29 kB)Progress (3): quarkus-arc-deployment-1.5.1.Final.jar (150 kB) | arc-processor-1.5.1.Final.jar (192/311 kB) | quarkus-smallrye-metrics-deployment-1.5.1.Final.jar (29 kB)Progress (3): quarkus-arc-deployment-1.5.1.Final.jar (150 kB) | arc-processor-1.5.1.Final.jar (195/311 kB) | quarkus-smallrye-metrics-deployment-1.5.1.Final.jar (29 kB)Progress (3): quarkus-arc-deployment-1.5.1.Final.jar (150 kB) | arc-processor-1.5.1.Final.jar (197/311 kB) | quarkus-smallrye-metrics-deployment-1.5.1.Final.jar (29 kB)                                                                                                                                                                        Downloaded from central: https://repo.maven.apache.org/maven2/io/quarkus/quarkus-smallrye-metrics-deployment/1.5.1.Final/quarkus-smallrye-metrics-deployment-1.5.1.Final.jar (29 kB at 7.6 kB/s)
Downloading from central: https://repo.maven.apache.org/maven2/io/quarkus/quarkus-smallrye-fault-tolerance-deployment/1.5.1.Final/quarkus-smallrye-fault-tolerance-deployment-1.5.1.Final.jar
Downloaded from central: https://repo.maven.apache.org/maven2/io/quarkus/quarkus-arc-deployment/1.5.1.Final/quarkus-arc-deployment-1.5.1.Final.jar (150 kB at 39 kB/s)
Downloading from central: https://repo.maven.apache.org/maven2/io/quarkus/quarkus-smallrye-openapi-common-deployment/1.5.1.Final/quarkus-smallrye-openapi-common-deployment-1.5.1.Final.jar
Progress (1): arc-processor-1.5.1.Final.jar (200/311 kB)Progress (2): arc-processor-1.5.1.Final.jar (200/311 kB) | quarkus-smallrye-context-propagation-deployment-1.5.1.Final.jar (2.7/6.9 kB)Progress (2): arc-processor-1.5.1.Final.jar (200/311 kB) | quarkus-smallrye-context-propagation-deployment-1.5.1.Final.jar (5.5/6.9 kB)Progress (2): arc-processor-1.5.1.Final.jar (200/311 kB) | quarkus-smallrye-context-propagation-deployment-1.5.1.Final.jar (6.9 kB)    Progress (2): arc-processor-1.5.1.Final.jar (203/311 kB) | quarkus-smallrye-context-propagation-deployment-1.5.1.Final.jar (6.9 kB)Progress (2): arc-processor-1.5.1.Final.jar (206/311 kB) | quarkus-smallrye-context-propagation-deployment-1.5.1.Final.jar (6.9 kB)Progress (2): arc-processor-1.5.1.Final.jar (208/311 kB) | quarkus-smallrye-context-propagation-deployment-1.5.1.Final.jar (6.9 kB)Progress (2): arc-processor-1.5.1.Final.jar (211/311 kB) | quarkus-smallrye-context-propagation-deployment-1.5.1.Final.jar (6.9 kB)Progress (2): arc-processor-1.5.1.Final.jar (214/311 kB) | quarkus-smallrye-context-propagation-deployment-1.5.1.Final.jar (6.9 kB)Progress (2): arc-processor-1.5.1.Final.jar (217/311 kB) | quarkus-smallrye-context-propagation-deployment-1.5.1.Final.jar (6.9 kB)Progress (2): arc-processor-1.5.1.Final.jar (219/311 kB) | quarkus-smallrye-context-propagation-deployment-1.5.1.Final.jar (6.9 kB)Progress (2): arc-processor-1.5.1.Final.jar (222/311 kB) | quarkus-smallrye-context-propagation-deployment-1.5.1.Final.jar (6.9 kB)Progress (2): arc-processor-1.5.1.Final.jar (225/311 kB) | quarkus-smallrye-context-propagation-deployment-1.5.1.Final.jar (6.9 kB)Progress (2): arc-processor-1.5.1.Final.jar (228/311 kB) | quarkus-smallrye-context-propagation-deployment-1.5.1.Final.jar (6.9 kB)Progress (2): arc-processor-1.5.1.Final.jar (230/311 kB) | quarkus-smallrye-context-propagation-deployment-1.5.1.Final.jar (6.9 kB)Progress (2): arc-processor-1.5.1.Final.jar (233/311 kB) | quarkus-smallrye-context-propagation-deployment-1.5.1.Final.jar (6.9 kB)Progress (2): arc-processor-1.5.1.Final.jar (236/311 kB) | quarkus-smallrye-context-propagation-deployment-1.5.1.Final.jar (6.9 kB)Progress (2): arc-processor-1.5.1.Final.jar (239/311 kB) | quarkus-smallrye-context-propagation-deployment-1.5.1.Final.jar (6.9 kB)Progress (2): arc-processor-1.5.1.Final.jar (241/311 kB) | quarkus-smallrye-context-propagation-deployment-1.5.1.Final.jar (6.9 kB)Progress (2): arc-processor-1.5.1.Final.jar (244/311 kB) | quarkus-smallrye-context-propagation-deployment-1.5.1.Final.jar (6.9 kB)Progress (2): arc-processor-1.5.1.Final.jar (247/311 kB) | quarkus-smallrye-context-propagation-deployment-1.5.1.Final.jar (6.9 kB)Progress (2): arc-processor-1.5.1.Final.jar (250/311 kB) | quarkus-smallrye-context-propagation-deployment-1.5.1.Final.jar (6.9 kB)Progress (2): arc-processor-1.5.1.Final.jar (252/311 kB) | quarkus-smallrye-context-propagation-deployment-1.5.1.Final.jar (6.9 kB)Progress (2): arc-processor-1.5.1.Final.jar (255/311 kB) | quarkus-smallrye-context-propagation-deployment-1.5.1.Final.jar (6.9 kB)Progress (3): arc-processor-1.5.1.Final.jar (255/311 kB) | quarkus-smallrye-context-propagation-deployment-1.5.1.Final.jar (6.9 kB) | quarkus-smallrye-openapi-common-deployment-1.5.1.Final.jar (2.7/5.4 kB)Progress (3): arc-processor-1.5.1.Final.jar (255/311 kB) | quarkus-smallrye-context-propagation-deployment-1.5.1.Final.jar (6.9 kB) | quarkus-smallrye-openapi-common-deployment-1.5.1.Final.jar (5.4 kB)    Progress (4): arc-processor-1.5.1.Final.jar (255/311 kB) | quarkus-smallrye-context-propagation-deployment-1.5.1.Final.jar (6.9 kB) | quarkus-smallrye-openapi-common-deployment-1.5.1.Final.jar (5.4 kB) | quarkus-smallrye-fault-tolerance-deployment-1.5.1.Final.jar (2.7/12 kB)                                                                                                                                                                                                                                                                                   Downloaded from central: https://repo.maven.apache.org/maven2/io/quarkus/quarkus-smallrye-context-propagation-deployment/1.5.1.Final/quarkus-smallrye-context-propagation-deployment-1.5.1.Final.jar (6.9 kB at 1.5 kB/s)
Downloading from central: https://repo.maven.apache.org/maven2/org/webjars/swagger-ui/3.25.0/swagger-ui-3.25.0.jar
Progress (3): arc-processor-1.5.1.Final.jar (255/311 kB) | quarkus-smallrye-openapi-common-deployment-1.5.1.Final.jar (5.4 kB) | quarkus-smallrye-fault-tolerance-deployment-1.5.1.Final.jar (5.5/12 kB)Progress (3): arc-processor-1.5.1.Final.jar (255/311 kB) | quarkus-smallrye-openapi-common-deployment-1.5.1.Final.jar (5.4 kB) | quarkus-smallrye-fault-tolerance-deployment-1.5.1.Final.jar (8.2/12 kB)Progress (3): arc-processor-1.5.1.Final.jar (255/311 kB) | quarkus-smallrye-openapi-common-deployment-1.5.1.Final.jar (5.4 kB) | quarkus-smallrye-fault-tolerance-deployment-1.5.1.Final.jar (11/12 kB) Progress (3): arc-processor-1.5.1.Final.jar (255/311 kB) | quarkus-smallrye-openapi-common-deployment-1.5.1.Final.jar (5.4 kB) | quarkus-smallrye-fault-tolerance-deployment-1.5.1.Final.jar (12 kB)   Progress (3): arc-processor-1.5.1.Final.jar (259/311 kB) | quarkus-smallrye-openapi-common-deployment-1.5.1.Final.jar (5.4 kB) | quarkus-smallrye-fault-tolerance-deployment-1.5.1.Final.jar (12 kB)Progress (3): arc-processor-1.5.1.Final.jar (263/311 kB) | quarkus-smallrye-openapi-common-deployment-1.5.1.Final.jar (5.4 kB) | quarkus-smallrye-fault-tolerance-deployment-1.5.1.Final.jar (12 kB)Progress (3): arc-processor-1.5.1.Final.jar (267/311 kB) | quarkus-smallrye-openapi-common-deployment-1.5.1.Final.jar (5.4 kB) | quarkus-smallrye-fault-tolerance-deployment-1.5.1.Final.jar (12 kB)Progress (3): arc-processor-1.5.1.Final.jar (271/311 kB) | quarkus-smallrye-openapi-common-deployment-1.5.1.Final.jar (5.4 kB) | quarkus-smallrye-fault-tolerance-deployment-1.5.1.Final.jar (12 kB)Progress (3): arc-processor-1.5.1.Final.jar (275/311 kB) | quarkus-smallrye-openapi-common-deployment-1.5.1.Final.jar (5.4 kB) | quarkus-smallrye-fault-tolerance-deployment-1.5.1.Final.jar (12 kB)Progress (3): arc-processor-1.5.1.Final.jar (280/311 kB) | quarkus-smallrye-openapi-common-deployment-1.5.1.Final.jar (5.4 kB) | quarkus-smallrye-fault-tolerance-deployment-1.5.1.Final.jar (12 kB)Progress (3): arc-processor-1.5.1.Final.jar (284/311 kB) | quarkus-smallrye-openapi-common-deployment-1.5.1.Final.jar (5.4 kB) | quarkus-smallrye-fault-tolerance-deployment-1.5.1.Final.jar (12 kB)Progress (3): arc-processor-1.5.1.Final.jar (288/311 kB) | quarkus-smallrye-openapi-common-deployment-1.5.1.Final.jar (5.4 kB) | quarkus-smallrye-fault-tolerance-deployment-1.5.1.Final.jar (12 kB)Progress (3): arc-processor-1.5.1.Final.jar (292/311 kB) | quarkus-smallrye-openapi-common-deployment-1.5.1.Final.jar (5.4 kB) | quarkus-smallrye-fault-tolerance-deployment-1.5.1.Final.jar (12 kB)Progress (3): arc-processor-1.5.1.Final.jar (296/311 kB) | quarkus-smallrye-openapi-common-deployment-1.5.1.Final.jar (5.4 kB) | quarkus-smallrye-fault-tolerance-deployment-1.5.1.Final.jar (12 kB)Progress (3): arc-processor-1.5.1.Final.jar (300/311 kB) | quarkus-smallrye-openapi-common-deployment-1.5.1.Final.jar (5.4 kB) | quarkus-smallrye-fault-tolerance-deployment-1.5.1.Final.jar (12 kB)Progress (3): arc-processor-1.5.1.Final.jar (304/311 kB) | quarkus-smallrye-openapi-common-deployment-1.5.1.Final.jar (5.4 kB) | quarkus-smallrye-fault-tolerance-deployment-1.5.1.Final.jar (12 kB)Progress (3): arc-processor-1.5.1.Final.jar (308/311 kB) | quarkus-smallrye-openapi-common-deployment-1.5.1.Final.jar (5.4 kB) | quarkus-smallrye-fault-tolerance-deployment-1.5.1.Final.jar (12 kB)Progress (3): arc-processor-1.5.1.Final.jar (311 kB) | quarkus-smallrye-openapi-common-deployment-1.5.1.Final.jar (5.4 kB) | quarkus-smallrye-fault-tolerance-deployment-1.5.1.Final.jar (12 kB)                                                                                                                                                                                                    Downloaded from central: https://repo.maven.apache.org/maven2/io/quarkus/quarkus-smallrye-openapi-common-deployment/1.5.1.Final/quarkus-smallrye-openapi-common-deployment-1.5.1.Final.jar (5.4 kB at 1.1 kB/s)
Downloading from central: https://repo.maven.apache.org/maven2/io/quarkus/quarkus-swagger-ui-deployment/1.5.1.Final/quarkus-swagger-ui-deployment-1.5.1.Final.jar
Progress (3): arc-processor-1.5.1.Final.jar (311 kB) | quarkus-smallrye-fault-tolerance-deployment-1.5.1.Final.jar (12 kB) | swagger-ui-3.25.0.jar (0/3.0 MB)                                                                                                                                                             Downloaded from central: https://repo.maven.apache.org/maven2/io/quarkus/quarkus-smallrye-fault-tolerance-deployment/1.5.1.Final/quarkus-smallrye-fault-tolerance-deployment-1.5.1.Final.jar (12 kB at 2.3 kB/s)
Downloading from central: https://repo.maven.apache.org/maven2/io/quarkus/quarkus-smallrye-openapi-deployment/1.5.1.Final/quarkus-smallrye-openapi-deployment-1.5.1.Final.jar
Progress (3): arc-processor-1.5.1.Final.jar (311 kB) | swagger-ui-3.25.0.jar (0/3.0 MB) | svm-19.3.1.jar (0/10 MB)Progress (3): arc-processor-1.5.1.Final.jar (311 kB) | swagger-ui-3.25.0.jar (0/3.0 MB) | svm-19.3.1.jar (0/10 MB)Progress (4): arc-processor-1.5.1.Final.jar (311 kB) | swagger-ui-3.25.0.jar (0/3.0 MB) | svm-19.3.1.jar (0/10 MB) | quarkus-swagger-ui-deployment-1.5.1.Final.jar (2.7/13 kB)Progress (4): arc-processor-1.5.1.Final.jar (311 kB) | swagger-ui-3.25.0.jar (0/3.0 MB) | svm-19.3.1.jar (0/10 MB) | quarkus-swagger-ui-deployment-1.5.1.Final.jar (5.5/13 kB)Progress (4): arc-processor-1.5.1.Final.jar (311 kB) | swagger-ui-3.25.0.jar (0/3.0 MB) | svm-19.3.1.jar (0/10 MB) | quarkus-swagger-ui-deployment-1.5.1.Final.jar (8.2/13 kB)                                                                                                                                                                              Downloaded from central: https://repo.maven.apache.org/maven2/io/quarkus/arc/arc-processor/1.5.1.Final/arc-processor-1.5.1.Final.jar (311 kB at 59 kB/s)
Downloading from central: https://repo.maven.apache.org/maven2/io/quarkus/quarkus-mutiny-deployment/1.5.1.Final/quarkus-mutiny-deployment-1.5.1.Final.jar
Progress (3): swagger-ui-3.25.0.jar (0/3.0 MB) | svm-19.3.1.jar (0/10 MB) | quarkus-swagger-ui-deployment-1.5.1.Final.jar (11/13 kB)Progress (3): swagger-ui-3.25.0.jar (0/3.0 MB) | svm-19.3.1.jar (0/10 MB) | quarkus-swagger-ui-deployment-1.5.1.Final.jar (13 kB)   Progress (3): swagger-ui-3.25.0.jar (0/3.0 MB) | svm-19.3.1.jar (0/10 MB) | quarkus-swagger-ui-deployment-1.5.1.Final.jar (13 kB)Progress (3): swagger-ui-3.25.0.jar (0.1/3.0 MB) | svm-19.3.1.jar (0/10 MB) | quarkus-swagger-ui-deployment-1.5.1.Final.jar (13 kB)Progress (3): swagger-ui-3.25.0.jar (0.1/3.0 MB) | svm-19.3.1.jar (0/10 MB) | quarkus-swagger-ui-deployment-1.5.1.Final.jar (13 kB)Progress (4): swagger-ui-3.25.0.jar (0.1/3.0 MB) | svm-19.3.1.jar (0/10 MB) | quarkus-swagger-ui-deployment-1.5.1.Final.jar (13 kB) | quarkus-smallrye-openapi-deployment-1.5.1.Final.jar (2.7/17 kB)Progress (4): swagger-ui-3.25.0.jar (0.1/3.0 MB) | svm-19.3.1.jar (0/10 MB) | quarkus-swagger-ui-deployment-1.5.1.Final.jar (13 kB) | quarkus-smallrye-openapi-deployment-1.5.1.Final.jar (5.5/17 kB)Progress (4): swagger-ui-3.25.0.jar (0.1/3.0 MB) | svm-19.3.1.jar (0/10 MB) | quarkus-swagger-ui-deployment-1.5.1.Final.jar (13 kB) | quarkus-smallrye-openapi-deployment-1.5.1.Final.jar (8.2/17 kB)Progress (4): swagger-ui-3.25.0.jar (0.1/3.0 MB) | svm-19.3.1.jar (0/10 MB) | quarkus-swagger-ui-deployment-1.5.1.Final.jar (13 kB) | quarkus-smallrye-openapi-deployment-1.5.1.Final.jar (11/17 kB) Progress (4): swagger-ui-3.25.0.jar (0.1/3.0 MB) | svm-19.3.1.jar (0/10 MB) | quarkus-swagger-ui-deployment-1.5.1.Final.jar (13 kB) | quarkus-smallrye-openapi-deployment-1.5.1.Final.jar (14/17 kB)Progress (4): swagger-ui-3.25.0.jar (0.1/3.0 MB) | svm-19.3.1.jar (0/10 MB) | quarkus-swagger-ui-deployment-1.5.1.Final.jar (13 kB) | quarkus-smallrye-openapi-deployment-1.5.1.Final.jar (16/17 kB)Progress (4): swagger-ui-3.25.0.jar (0.1/3.0 MB) | svm-19.3.1.jar (0/10 MB) | quarkus-swagger-ui-deployment-1.5.1.Final.jar (13 kB) | quarkus-smallrye-openapi-deployment-1.5.1.Final.jar (17 kB)   Progress (4): swagger-ui-3.25.0.jar (0.1/3.0 MB) | svm-19.3.1.jar (0/10 MB) | quarkus-swagger-ui-deployment-1.5.1.Final.jar (13 kB) | quarkus-smallrye-openapi-deployment-1.5.1.Final.jar (17 kB)Progress (5): swagger-ui-3.25.0.jar (0.1/3.0 MB) | svm-19.3.1.jar (0/10 MB) | quarkus-swagger-ui-deployment-1.5.1.Final.jar (13 kB) | quarkus-smallrye-openapi-deployment-1.5.1.Final.jar (17 kB) | quarkus-mutiny-deployment-1.5.1.Final.jar (4.1/4.2 kB)Progress (5): swagger-ui-3.25.0.jar (0.1/3.0 MB) | svm-19.3.1.jar (0/10 MB) | quarkus-swagger-ui-deployment-1.5.1.Final.jar (13 kB) | quarkus-smallrye-openapi-deployment-1.5.1.Final.jar (17 kB) | quarkus-mutiny-deployment-1.5.1.Final.jar (4.2 kB)    Progress (5): swagger-ui-3.25.0.jar (0.1/3.0 MB) | svm-19.3.1.jar (0/10 MB) | quarkus-swagger-ui-deployment-1.5.1.Final.jar (13 kB) | quarkus-smallrye-openapi-deployment-1.5.1.Final.jar (17 kB) | quarkus-mutiny-deployment-1.5.1.Final.jar (4.2 kB)                                                                                                                                                                                                                                                      Downloaded from central: https://repo.maven.apache.org/maven2/io/quarkus/quarkus-swagger-ui-deployment/1.5.1.Final/quarkus-swagger-ui-deployment-1.5.1.Final.jar (13 kB at 2.2 kB/s)
Downloading from central: https://repo.maven.apache.org/maven2/io/quarkus/quarkus-narayana-jta-deployment/1.5.1.Final/quarkus-narayana-jta-deployment-1.5.1.Final.jar
Progress (4): swagger-ui-3.25.0.jar (0.1/3.0 MB) | svm-19.3.1.jar (0/10 MB) | quarkus-smallrye-openapi-deployment-1.5.1.Final.jar (17 kB) | quarkus-mutiny-deployment-1.5.1.Final.jar (4.2 kB)Progress (4): swagger-ui-3.25.0.jar (0.1/3.0 MB) | svm-19.3.1.jar (0/10 MB) | quarkus-smallrye-openapi-deployment-1.5.1.Final.jar (17 kB) | quarkus-mutiny-deployment-1.5.1.Final.jar (4.2 kB)Progress (4): swagger-ui-3.25.0.jar (0.2/3.0 MB) | svm-19.3.1.jar (0/10 MB) | quarkus-smallrye-openapi-deployment-1.5.1.Final.jar (17 kB) | quarkus-mutiny-deployment-1.5.1.Final.jar (4.2 kB)Progress (4): swagger-ui-3.25.0.jar (0.2/3.0 MB) | svm-19.3.1.jar (0/10 MB) | quarkus-smallrye-openapi-deployment-1.5.1.Final.jar (17 kB) | quarkus-mutiny-deployment-1.5.1.Final.jar (4.2 kB)                                                                                                                                                                                              Downloaded from central: https://repo.maven.apache.org/maven2/io/quarkus/quarkus-smallrye-openapi-deployment/1.5.1.Final/quarkus-smallrye-openapi-deployment-1.5.1.Final.jar (17 kB at 2.5 kB/s)
Downloading from central: https://repo.maven.apache.org/maven2/io/quarkus/quarkus-caffeine-deployment/1.5.1.Final/quarkus-caffeine-deployment-1.5.1.Final.jar
Progress (3): swagger-ui-3.25.0.jar (0.2/3.0 MB) | svm-19.3.1.jar (0/10 MB) | quarkus-mutiny-deployment-1.5.1.Final.jar (4.2 kB)Progress (3): swagger-ui-3.25.0.jar (0.2/3.0 MB) | svm-19.3.1.jar (0/10 MB) | quarkus-mutiny-deployment-1.5.1.Final.jar (4.2 kB)Progress (4): swagger-ui-3.25.0.jar (0.2/3.0 MB) | svm-19.3.1.jar (0/10 MB) | quarkus-mutiny-deployment-1.5.1.Final.jar (4.2 kB) | quarkus-narayana-jta-deployment-1.5.1.Final.jar (2.7/7.3 kB)Progress (4): swagger-ui-3.25.0.jar (0.2/3.0 MB) | svm-19.3.1.jar (0/10 MB) | quarkus-mutiny-deployment-1.5.1.Final.jar (4.2 kB) | quarkus-narayana-jta-deployment-1.5.1.Final.jar (5.5/7.3 kB)Progress (4): swagger-ui-3.25.0.jar (0.2/3.0 MB) | svm-19.3.1.jar (0/10 MB) | quarkus-mutiny-deployment-1.5.1.Final.jar (4.2 kB) | quarkus-narayana-jta-deployment-1.5.1.Final.jar (7.3 kB)                                                                                                                                                                                               Downloaded from central: https://repo.maven.apache.org/maven2/io/quarkus/quarkus-mutiny-deployment/1.5.1.Final/quarkus-mutiny-deployment-1.5.1.Final.jar (4.2 kB at 609 B/s)
Downloading from central: https://repo.maven.apache.org/maven2/io/quarkus/quarkus-hibernate-orm-deployment/1.5.1.Final/quarkus-hibernate-orm-deployment-1.5.1.Final.jar
Progress (3): swagger-ui-3.25.0.jar (0.2/3.0 MB) | svm-19.3.1.jar (0/10 MB) | quarkus-narayana-jta-deployment-1.5.1.Final.jar (7.3 kB)Progress (3): swagger-ui-3.25.0.jar (0.2/3.0 MB) | svm-19.3.1.jar (0/10 MB) | quarkus-narayana-jta-deployment-1.5.1.Final.jar (7.3 kB)Progress (4): swagger-ui-3.25.0.jar (0.2/3.0 MB) | svm-19.3.1.jar (0/10 MB) | quarkus-narayana-jta-deployment-1.5.1.Final.jar (7.3 kB) | quarkus-caffeine-deployment-1.5.1.Final.jar (2.7/4.4 kB)Progress (4): swagger-ui-3.25.0.jar (0.2/3.0 MB) | svm-19.3.1.jar (0/10 MB) | quarkus-narayana-jta-deployment-1.5.1.Final.jar (7.3 kB) | quarkus-caffeine-deployment-1.5.1.Final.jar (4.4 kB)    Progress (4): swagger-ui-3.25.0.jar (0.2/3.0 MB) | svm-19.3.1.jar (0/10 MB) | quarkus-narayana-jta-deployment-1.5.1.Final.jar (7.3 kB) | quarkus-caffeine-deployment-1.5.1.Final.jar (4.4 kB)Progress (4): swagger-ui-3.25.0.jar (0.2/3.0 MB) | svm-19.3.1.jar (0.1/10 MB) | quarkus-narayana-jta-deployment-1.5.1.Final.jar (7.3 kB) | quarkus-caffeine-deployment-1.5.1.Final.jar (4.4 kB)Progress (4): swagger-ui-3.25.0.jar (0.3/3.0 MB) | svm-19.3.1.jar (0.1/10 MB) | quarkus-narayana-jta-deployment-1.5.1.Final.jar (7.3 kB) | quarkus-caffeine-deployment-1.5.1.Final.jar (4.4 kB)Progress (4): swagger-ui-3.25.0.jar (0.3/3.0 MB) | svm-19.3.1.jar (0.1/10 MB) | quarkus-narayana-jta-deployment-1.5.1.Final.jar (7.3 kB) | quarkus-caffeine-deployment-1.5.1.Final.jar (4.4 kB)                                                                                                                                                                                               Downloaded from central: https://repo.maven.apache.org/maven2/io/quarkus/quarkus-narayana-jta-deployment/1.5.1.Final/quarkus-narayana-jta-deployment-1.5.1.Final.jar (7.3 kB at 966 B/s)
Downloading from central: https://repo.maven.apache.org/maven2/io/quarkus/quarkus-datasource-deployment/1.5.1.Final/quarkus-datasource-deployment-1.5.1.Final.jar
Progress (3): swagger-ui-3.25.0.jar (0.3/3.0 MB) | svm-19.3.1.jar (0.1/10 MB) | quarkus-caffeine-deployment-1.5.1.Final.jar (4.4 kB)Progress (4): swagger-ui-3.25.0.jar (0.3/3.0 MB) | svm-19.3.1.jar (0.1/10 MB) | quarkus-caffeine-deployment-1.5.1.Final.jar (4.4 kB) | quarkus-hibernate-orm-deployment-1.5.1.Final.jar (4.1/68 kB)Progress (4): swagger-ui-3.25.0.jar (0.3/3.0 MB) | svm-19.3.1.jar (0.1/10 MB) | quarkus-caffeine-deployment-1.5.1.Final.jar (4.4 kB) | quarkus-hibernate-orm-deployment-1.5.1.Final.jar (8.2/68 kB)Progress (4): swagger-ui-3.25.0.jar (0.3/3.0 MB) | svm-19.3.1.jar (0.1/10 MB) | quarkus-caffeine-deployment-1.5.1.Final.jar (4.4 kB) | quarkus-hibernate-orm-deployment-1.5.1.Final.jar (12/68 kB) Progress (4): swagger-ui-3.25.0.jar (0.3/3.0 MB) | svm-19.3.1.jar (0.1/10 MB) | quarkus-caffeine-deployment-1.5.1.Final.jar (4.4 kB) | quarkus-hibernate-orm-deployment-1.5.1.Final.jar (16/68 kB)Progress (4): swagger-ui-3.25.0.jar (0.3/3.0 MB) | svm-19.3.1.jar (0.1/10 MB) | quarkus-caffeine-deployment-1.5.1.Final.jar (4.4 kB) | quarkus-hibernate-orm-deployment-1.5.1.Final.jar (16/68 kB)Progress (4): swagger-ui-3.25.0.jar (0.3/3.0 MB) | svm-19.3.1.jar (0.1/10 MB) | quarkus-caffeine-deployment-1.5.1.Final.jar (4.4 kB) | quarkus-hibernate-orm-deployment-1.5.1.Final.jar (20/68 kB)Progress (4): swagger-ui-3.25.0.jar (0.3/3.0 MB) | svm-19.3.1.jar (0.1/10 MB) | quarkus-caffeine-deployment-1.5.1.Final.jar (4.4 kB) | quarkus-hibernate-orm-deployment-1.5.1.Final.jar (25/68 kB)Progress (4): swagger-ui-3.25.0.jar (0.3/3.0 MB) | svm-19.3.1.jar (0.1/10 MB) | quarkus-caffeine-deployment-1.5.1.Final.jar (4.4 kB) | quarkus-hibernate-orm-deployment-1.5.1.Final.jar (29/68 kB)Progress (4): swagger-ui-3.25.0.jar (0.3/3.0 MB) | svm-19.3.1.jar (0.1/10 MB) | quarkus-caffeine-deployment-1.5.1.Final.jar (4.4 kB) | quarkus-hibernate-orm-deployment-1.5.1.Final.jar (33/68 kB)Progress (4): swagger-ui-3.25.0.jar (0.3/3.0 MB) | svm-19.3.1.jar (0.1/10 MB) | quarkus-caffeine-deployment-1.5.1.Final.jar (4.4 kB) | quarkus-hibernate-orm-deployment-1.5.1.Final.jar (33/68 kB)Progress (4): swagger-ui-3.25.0.jar (0.3/3.0 MB) | svm-19.3.1.jar (0.1/10 MB) | quarkus-caffeine-deployment-1.5.1.Final.jar (4.4 kB) | quarkus-hibernate-orm-deployment-1.5.1.Final.jar (37/68 kB)Progress (4): swagger-ui-3.25.0.jar (0.3/3.0 MB) | svm-19.3.1.jar (0.1/10 MB) | quarkus-caffeine-deployment-1.5.1.Final.jar (4.4 kB) | quarkus-hibernate-orm-deployment-1.5.1.Final.jar (41/68 kB)Progress (4): swagger-ui-3.25.0.jar (0.3/3.0 MB) | svm-19.3.1.jar (0.1/10 MB) | quarkus-caffeine-deployment-1.5.1.Final.jar (4.4 kB) | quarkus-hibernate-orm-deployment-1.5.1.Final.jar (45/68 kB)Progress (4): swagger-ui-3.25.0.jar (0.3/3.0 MB) | svm-19.3.1.jar (0.1/10 MB) | quarkus-caffeine-deployment-1.5.1.Final.jar (4.4 kB) | quarkus-hibernate-orm-deployment-1.5.1.Final.jar (49/68 kB)Progress (4): swagger-ui-3.25.0.jar (0.3/3.0 MB) | svm-19.3.1.jar (0.1/10 MB) | quarkus-caffeine-deployment-1.5.1.Final.jar (4.4 kB) | quarkus-hibernate-orm-deployment-1.5.1.Final.jar (49/68 kB)                                                                                                                                                                                                  Downloaded from central: https://repo.maven.apache.org/maven2/io/quarkus/quarkus-caffeine-deployment/1.5.1.Final/quarkus-caffeine-deployment-1.5.1.Final.jar (4.4 kB at 519 B/s)
Downloading from central: https://repo.maven.apache.org/maven2/io/quarkus/quarkus-agroal-spi/1.5.1.Final/quarkus-agroal-spi-1.5.1.Final.jar
Progress (3): swagger-ui-3.25.0.jar (0.4/3.0 MB) | svm-19.3.1.jar (0.1/10 MB) | quarkus-hibernate-orm-deployment-1.5.1.Final.jar (49/68 kB)Progress (3): swagger-ui-3.25.0.jar (0.4/3.0 MB) | svm-19.3.1.jar (0.1/10 MB) | quarkus-hibernate-orm-deployment-1.5.1.Final.jar (53/68 kB)Progress (3): swagger-ui-3.25.0.jar (0.4/3.0 MB) | svm-19.3.1.jar (0.1/10 MB) | quarkus-hibernate-orm-deployment-1.5.1.Final.jar (57/68 kB)Progress (3): swagger-ui-3.25.0.jar (0.4/3.0 MB) | svm-19.3.1.jar (0.1/10 MB) | quarkus-hibernate-orm-deployment-1.5.1.Final.jar (61/68 kB)Progress (3): swagger-ui-3.25.0.jar (0.4/3.0 MB) | svm-19.3.1.jar (0.1/10 MB) | quarkus-hibernate-orm-deployment-1.5.1.Final.jar (66/68 kB)Progress (3): swagger-ui-3.25.0.jar (0.4/3.0 MB) | svm-19.3.1.jar (0.1/10 MB) | quarkus-hibernate-orm-deployment-1.5.1.Final.jar (68 kB)   Progress (3): swagger-ui-3.25.0.jar (0.4/3.0 MB) | svm-19.3.1.jar (0.1/10 MB) | quarkus-hibernate-orm-deployment-1.5.1.Final.jar (68 kB)Progress (3): swagger-ui-3.25.0.jar (0.4/3.0 MB) | svm-19.3.1.jar (0.1/10 MB) | quarkus-hibernate-orm-deployment-1.5.1.Final.jar (68 kB)Progress (4): swagger-ui-3.25.0.jar (0.4/3.0 MB) | svm-19.3.1.jar (0.1/10 MB) | quarkus-hibernate-orm-deployment-1.5.1.Final.jar (68 kB) | quarkus-datasource-deployment-1.5.1.Final.jar (2.7/3.2 kB)Progress (4): swagger-ui-3.25.0.jar (0.4/3.0 MB) | svm-19.3.1.jar (0.1/10 MB) | quarkus-hibernate-orm-deployment-1.5.1.Final.jar (68 kB) | quarkus-datasource-deployment-1.5.1.Final.jar (3.2 kB)    Progress (4): swagger-ui-3.25.0.jar (0.4/3.0 MB) | svm-19.3.1.jar (0.1/10 MB) | quarkus-hibernate-orm-deployment-1.5.1.Final.jar (68 kB) | quarkus-datasource-deployment-1.5.1.Final.jar (3.2 kB)Progress (4): swagger-ui-3.25.0.jar (0.4/3.0 MB) | svm-19.3.1.jar (0.1/10 MB) | quarkus-hibernate-orm-deployment-1.5.1.Final.jar (68 kB) | quarkus-datasource-deployment-1.5.1.Final.jar (3.2 kB)Progress (4): swagger-ui-3.25.0.jar (0.4/3.0 MB) | svm-19.3.1.jar (0.2/10 MB) | quarkus-hibernate-orm-deployment-1.5.1.Final.jar (68 kB) | quarkus-datasource-deployment-1.5.1.Final.jar (3.2 kB)Progress (4): swagger-ui-3.25.0.jar (0.4/3.0 MB) | svm-19.3.1.jar (0.2/10 MB) | quarkus-hibernate-orm-deployment-1.5.1.Final.jar (68 kB) | quarkus-datasource-deployment-1.5.1.Final.jar (3.2 kB)Progress (4): swagger-ui-3.25.0.jar (0.5/3.0 MB) | svm-19.3.1.jar (0.2/10 MB) | quarkus-hibernate-orm-deployment-1.5.1.Final.jar (68 kB) | quarkus-datasource-deployment-1.5.1.Final.jar (3.2 kB)Progress (5): swagger-ui-3.25.0.jar (0.5/3.0 MB) | svm-19.3.1.jar (0.2/10 MB) | quarkus-hibernate-orm-deployment-1.5.1.Final.jar (68 kB) | quarkus-datasource-deployment-1.5.1.Final.jar (3.2 kB) | quarkus-agroal-spi-1.5.1.Final.jar (2.7/4.7 kB)Progress (5): swagger-ui-3.25.0.jar (0.5/3.0 MB) | svm-19.3.1.jar (0.2/10 MB) | quarkus-hibernate-orm-deployment-1.5.1.Final.jar (68 kB) | quarkus-datasource-deployment-1.5.1.Final.jar (3.2 kB) | quarkus-agroal-spi-1.5.1.Final.jar (4.7 kB)    Progress (5): swagger-ui-3.25.0.jar (0.5/3.0 MB) | svm-19.3.1.jar (0.2/10 MB) | quarkus-hibernate-orm-deployment-1.5.1.Final.jar (68 kB) | quarkus-datasource-deployment-1.5.1.Final.jar (3.2 kB) | quarkus-agroal-spi-1.5.1.Final.jar (4.7 kB)                                                                                                                                                                                                                                               Downloaded from central: https://repo.maven.apache.org/maven2/io/quarkus/quarkus-hibernate-orm-deployment/1.5.1.Final/quarkus-hibernate-orm-deployment-1.5.1.Final.jar (68 kB at 7.0 kB/s)
Downloading from central: https://repo.maven.apache.org/maven2/io/quarkus/quarkus-credentials-deployment/1.5.1.Final/quarkus-credentials-deployment-1.5.1.Final.jar
Progress (4): swagger-ui-3.25.0.jar (0.5/3.0 MB) | svm-19.3.1.jar (0.2/10 MB) | quarkus-datasource-deployment-1.5.1.Final.jar (3.2 kB) | quarkus-agroal-spi-1.5.1.Final.jar (4.7 kB)Progress (4): swagger-ui-3.25.0.jar (0.5/3.0 MB) | svm-19.3.1.jar (0.2/10 MB) | quarkus-datasource-deployment-1.5.1.Final.jar (3.2 kB) | quarkus-agroal-spi-1.5.1.Final.jar (4.7 kB)                                                                                                                                                                                    Downloaded from central: https://repo.maven.apache.org/maven2/io/quarkus/quarkus-datasource-deployment/1.5.1.Final/quarkus-datasource-deployment-1.5.1.Final.jar (3.2 kB at 323 B/s)
Downloading from central: https://repo.maven.apache.org/maven2/io/quarkus/quarkus-agroal-deployment/1.5.1.Final/quarkus-agroal-deployment-1.5.1.Final.jar
Progress (3): swagger-ui-3.25.0.jar (0.5/3.0 MB) | svm-19.3.1.jar (0.2/10 MB) | quarkus-agroal-spi-1.5.1.Final.jar (4.7 kB)Progress (3): swagger-ui-3.25.0.jar (0.5/3.0 MB) | svm-19.3.1.jar (0.2/10 MB) | quarkus-agroal-spi-1.5.1.Final.jar (4.7 kB)Progress (3): swagger-ui-3.25.0.jar (0.5/3.0 MB) | svm-19.3.1.jar (0.2/10 MB) | quarkus-agroal-spi-1.5.1.Final.jar (4.7 kB)Progress (3): swagger-ui-3.25.0.jar (0.5/3.0 MB) | svm-19.3.1.jar (0.2/10 MB) | quarkus-agroal-spi-1.5.1.Final.jar (4.7 kB)Progress (3): swagger-ui-3.25.0.jar (0.6/3.0 MB) | svm-19.3.1.jar (0.2/10 MB) | quarkus-agroal-spi-1.5.1.Final.jar (4.7 kB)Progress (3): swagger-ui-3.25.0.jar (0.6/3.0 MB) | svm-19.3.1.jar (0.2/10 MB) | quarkus-agroal-spi-1.5.1.Final.jar (4.7 kB)                                                                                                                           Downloaded from central: https://repo.maven.apache.org/maven2/io/quarkus/quarkus-agroal-spi/1.5.1.Final/quarkus-agroal-spi-1.5.1.Final.jar (4.7 kB at 440 B/s)
Downloading from central: https://repo.maven.apache.org/maven2/io/quarkus/quarkus-jdbc-postgresql-deployment/1.5.1.Final/quarkus-jdbc-postgresql-deployment-1.5.1.Final.jar
Progress (2): swagger-ui-3.25.0.jar (0.6/3.0 MB) | svm-19.3.1.jar (0.2/10 MB)Progress (2): swagger-ui-3.25.0.jar (0.6/3.0 MB) | svm-19.3.1.jar (0.2/10 MB)Progress (3): swagger-ui-3.25.0.jar (0.6/3.0 MB) | svm-19.3.1.jar (0.2/10 MB) | quarkus-credentials-deployment-1.5.1.Final.jar (4.1/4.2 kB)Progress (3): swagger-ui-3.25.0.jar (0.6/3.0 MB) | svm-19.3.1.jar (0.2/10 MB) | quarkus-credentials-deployment-1.5.1.Final.jar (4.2 kB)    Progress (3): swagger-ui-3.25.0.jar (0.6/3.0 MB) | svm-19.3.1.jar (0.3/10 MB) | quarkus-credentials-deployment-1.5.1.Final.jar (4.2 kB)Progress (3): swagger-ui-3.25.0.jar (0.6/3.0 MB) | svm-19.3.1.jar (0.3/10 MB) | quarkus-credentials-deployment-1.5.1.Final.jar (4.2 kB)Progress (4): swagger-ui-3.25.0.jar (0.6/3.0 MB) | svm-19.3.1.jar (0.3/10 MB) | quarkus-credentials-deployment-1.5.1.Final.jar (4.2 kB) | quarkus-agroal-deployment-1.5.1.Final.jar (2.7/16 kB)Progress (4): swagger-ui-3.25.0.jar (0.6/3.0 MB) | svm-19.3.1.jar (0.3/10 MB) | quarkus-credentials-deployment-1.5.1.Final.jar (4.2 kB) | quarkus-agroal-deployment-1.5.1.Final.jar (5.5/16 kB)Progress (4): swagger-ui-3.25.0.jar (0.6/3.0 MB) | svm-19.3.1.jar (0.3/10 MB) | quarkus-credentials-deployment-1.5.1.Final.jar (4.2 kB) | quarkus-agroal-deployment-1.5.1.Final.jar (8.2/16 kB)Progress (4): swagger-ui-3.25.0.jar (0.6/3.0 MB) | svm-19.3.1.jar (0.3/10 MB) | quarkus-credentials-deployment-1.5.1.Final.jar (4.2 kB) | quarkus-agroal-deployment-1.5.1.Final.jar (11/16 kB) Progress (4): swagger-ui-3.25.0.jar (0.6/3.0 MB) | svm-19.3.1.jar (0.3/10 MB) | quarkus-credentials-deployment-1.5.1.Final.jar (4.2 kB) | quarkus-agroal-deployment-1.5.1.Final.jar (11/16 kB)Progress (4): swagger-ui-3.25.0.jar (0.6/3.0 MB) | svm-19.3.1.jar (0.3/10 MB) | quarkus-credentials-deployment-1.5.1.Final.jar (4.2 kB) | quarkus-agroal-deployment-1.5.1.Final.jar (14/16 kB)Progress (4): swagger-ui-3.25.0.jar (0.6/3.0 MB) | svm-19.3.1.jar (0.3/10 MB) | quarkus-credentials-deployment-1.5.1.Final.jar (4.2 kB) | quarkus-agroal-deployment-1.5.1.Final.jar (16 kB)   Progress (4): swagger-ui-3.25.0.jar (0.7/3.0 MB) | svm-19.3.1.jar (0.3/10 MB) | quarkus-credentials-deployment-1.5.1.Final.jar (4.2 kB) | quarkus-agroal-deployment-1.5.1.Final.jar (16 kB)Progress (4): swagger-ui-3.25.0.jar (0.7/3.0 MB) | svm-19.3.1.jar (0.3/10 MB) | quarkus-credentials-deployment-1.5.1.Final.jar (4.2 kB) | quarkus-agroal-deployment-1.5.1.Final.jar (16 kB)Progress (4): swagger-ui-3.25.0.jar (0.7/3.0 MB) | svm-19.3.1.jar (0.3/10 MB) | quarkus-credentials-deployment-1.5.1.Final.jar (4.2 kB) | quarkus-agroal-deployment-1.5.1.Final.jar (16 kB)Progress (4): swagger-ui-3.25.0.jar (0.7/3.0 MB) | svm-19.3.1.jar (0.3/10 MB) | quarkus-credentials-deployment-1.5.1.Final.jar (4.2 kB) | quarkus-agroal-deployment-1.5.1.Final.jar (16 kB)Progress (4): swagger-ui-3.25.0.jar (0.7/3.0 MB) | svm-19.3.1.jar (0.3/10 MB) | quarkus-credentials-deployment-1.5.1.Final.jar (4.2 kB) | quarkus-agroal-deployment-1.5.1.Final.jar (16 kB)Progress (5): swagger-ui-3.25.0.jar (0.7/3.0 MB) | svm-19.3.1.jar (0.3/10 MB) | quarkus-credentials-deployment-1.5.1.Final.jar (4.2 kB) | quarkus-agroal-deployment-1.5.1.Final.jar (16 kB) | quarkus-jdbc-postgresql-deployment-1.5.1.Final.jar (2.7/6.7 kB)Progress (5): swagger-ui-3.25.0.jar (0.7/3.0 MB) | svm-19.3.1.jar (0.3/10 MB) | quarkus-credentials-deployment-1.5.1.Final.jar (4.2 kB) | quarkus-agroal-deployment-1.5.1.Final.jar (16 kB) | quarkus-jdbc-postgresql-deployment-1.5.1.Final.jar (5.5/6.7 kB)Progress (5): swagger-ui-3.25.0.jar (0.7/3.0 MB) | svm-19.3.1.jar (0.3/10 MB) | quarkus-credentials-deployment-1.5.1.Final.jar (4.2 kB) | quarkus-agroal-deployment-1.5.1.Final.jar (16 kB) | quarkus-jdbc-postgresql-deployment-1.5.1.Final.jar (6.7 kB)    Progress (5): swagger-ui-3.25.0.jar (0.7/3.0 MB) | svm-19.3.1.jar (0.3/10 MB) | quarkus-credentials-deployment-1.5.1.Final.jar (4.2 kB) | quarkus-agroal-deployment-1.5.1.Final.jar (16 kB) | quarkus-jdbc-postgresql-deployment-1.5.1.Final.jar (6.7 kB)Progress (5): swagger-ui-3.25.0.jar (0.7/3.0 MB) | svm-19.3.1.jar (0.3/10 MB) | quarkus-credentials-deployment-1.5.1.Final.jar (4.2 kB) | quarkus-agroal-deployment-1.5.1.Final.jar (16 kB) | quarkus-jdbc-postgresql-deployment-1.5.1.Final.jar (6.7 kB)Progress (5): swagger-ui-3.25.0.jar (0.7/3.0 MB) | svm-19.3.1.jar (0.3/10 MB) | quarkus-credentials-deployment-1.5.1.Final.jar (4.2 kB) | quarkus-agroal-deployment-1.5.1.Final.jar (16 kB) | quarkus-jdbc-postgresql-deployment-1.5.1.Final.jar (6.7 kB)                                                                                                                                                                                                                                                         Downloaded from central: https://repo.maven.apache.org/maven2/io/quarkus/quarkus-credentials-deployment/1.5.1.Final/quarkus-credentials-deployment-1.5.1.Final.jar (4.2 kB at 340 B/s)
Downloading from central: https://repo.maven.apache.org/maven2/io/quarkus/quarkus-jsonb-spi/1.5.1.Final/quarkus-jsonb-spi-1.5.1.Final.jar
Progress (4): swagger-ui-3.25.0.jar (0.8/3.0 MB) | svm-19.3.1.jar (0.3/10 MB) | quarkus-agroal-deployment-1.5.1.Final.jar (16 kB) | quarkus-jdbc-postgresql-deployment-1.5.1.Final.jar (6.7 kB)Progress (4): swagger-ui-3.25.0.jar (0.8/3.0 MB) | svm-19.3.1.jar (0.3/10 MB) | quarkus-agroal-deployment-1.5.1.Final.jar (16 kB) | quarkus-jdbc-postgresql-deployment-1.5.1.Final.jar (6.7 kB)Progress (4): swagger-ui-3.25.0.jar (0.8/3.0 MB) | svm-19.3.1.jar (0.4/10 MB) | quarkus-agroal-deployment-1.5.1.Final.jar (16 kB) | quarkus-jdbc-postgresql-deployment-1.5.1.Final.jar (6.7 kB)                                                                                                                                                                                               Downloaded from central: https://repo.maven.apache.org/maven2/io/quarkus/quarkus-agroal-deployment/1.5.1.Final/quarkus-agroal-deployment-1.5.1.Final.jar (16 kB at 1.2 kB/s)
Downloading from central: https://repo.maven.apache.org/maven2/io/quarkus/quarkus-jsonb-deployment/1.5.1.Final/quarkus-jsonb-deployment-1.5.1.Final.jar
Progress (3): swagger-ui-3.25.0.jar (0.8/3.0 MB) | svm-19.3.1.jar (0.4/10 MB) | quarkus-jdbc-postgresql-deployment-1.5.1.Final.jar (6.7 kB)Progress (3): swagger-ui-3.25.0.jar (0.8/3.0 MB) | svm-19.3.1.jar (0.4/10 MB) | quarkus-jdbc-postgresql-deployment-1.5.1.Final.jar (6.7 kB)Progress (3): swagger-ui-3.25.0.jar (0.8/3.0 MB) | svm-19.3.1.jar (0.4/10 MB) | quarkus-jdbc-postgresql-deployment-1.5.1.Final.jar (6.7 kB)Progress (3): swagger-ui-3.25.0.jar (0.8/3.0 MB) | svm-19.3.1.jar (0.5/10 MB) | quarkus-jdbc-postgresql-deployment-1.5.1.Final.jar (6.7 kB)                                                                                                                                           Downloaded from central: https://repo.maven.apache.org/maven2/io/quarkus/quarkus-jdbc-postgresql-deployment/1.5.1.Final/quarkus-jdbc-postgresql-deployment-1.5.1.Final.jar (6.7 kB at 485 B/s)
Downloading from central: https://repo.maven.apache.org/maven2/io/quarkus/quarkus-resteasy-jsonb-deployment/1.5.1.Final/quarkus-resteasy-jsonb-deployment-1.5.1.Final.jar
Progress (3): swagger-ui-3.25.0.jar (0.8/3.0 MB) | svm-19.3.1.jar (0.5/10 MB) | quarkus-jsonb-spi-1.5.1.Final.jar (4.0 kB)Progress (3): swagger-ui-3.25.0.jar (0.8/3.0 MB) | svm-19.3.1.jar (0.5/10 MB) | quarkus-jsonb-spi-1.5.1.Final.jar (4.0 kB)Progress (4): swagger-ui-3.25.0.jar (0.8/3.0 MB) | svm-19.3.1.jar (0.5/10 MB) | quarkus-jsonb-spi-1.5.1.Final.jar (4.0 kB) | quarkus-jsonb-deployment-1.5.1.Final.jar (2.7/8.9 kB)Progress (4): swagger-ui-3.25.0.jar (0.8/3.0 MB) | svm-19.3.1.jar (0.5/10 MB) | quarkus-jsonb-spi-1.5.1.Final.jar (4.0 kB) | quarkus-jsonb-deployment-1.5.1.Final.jar (5.5/8.9 kB)Progress (4): swagger-ui-3.25.0.jar (0.8/3.0 MB) | svm-19.3.1.jar (0.5/10 MB) | quarkus-jsonb-spi-1.5.1.Final.jar (4.0 kB) | quarkus-jsonb-deployment-1.5.1.Final.jar (8.2/8.9 kB)Progress (4): swagger-ui-3.25.0.jar (0.8/3.0 MB) | svm-19.3.1.jar (0.5/10 MB) | quarkus-jsonb-spi-1.5.1.Final.jar (4.0 kB) | quarkus-jsonb-deployment-1.5.1.Final.jar (8.9 kB)    Progress (4): swagger-ui-3.25.0.jar (0.8/3.0 MB) | svm-19.3.1.jar (0.6/10 MB) | quarkus-jsonb-spi-1.5.1.Final.jar (4.0 kB) | quarkus-jsonb-deployment-1.5.1.Final.jar (8.9 kB)Progress (4): swagger-ui-3.25.0.jar (0.8/3.0 MB) | svm-19.3.1.jar (0.6/10 MB) | quarkus-jsonb-spi-1.5.1.Final.jar (4.0 kB) | quarkus-jsonb-deployment-1.5.1.Final.jar (8.9 kB)Progress (4): swagger-ui-3.25.0.jar (0.9/3.0 MB) | svm-19.3.1.jar (0.6/10 MB) | quarkus-jsonb-spi-1.5.1.Final.jar (4.0 kB) | quarkus-jsonb-deployment-1.5.1.Final.jar (8.9 kB)Progress (4): swagger-ui-3.25.0.jar (0.9/3.0 MB) | svm-19.3.1.jar (0.6/10 MB) | quarkus-jsonb-spi-1.5.1.Final.jar (4.0 kB) | quarkus-jsonb-deployment-1.5.1.Final.jar (8.9 kB)Progress (4): swagger-ui-3.25.0.jar (0.9/3.0 MB) | svm-19.3.1.jar (0.6/10 MB) | quarkus-jsonb-spi-1.5.1.Final.jar (4.0 kB) | quarkus-jsonb-deployment-1.5.1.Final.jar (8.9 kB)Progress (4): swagger-ui-3.25.0.jar (0.9/3.0 MB) | svm-19.3.1.jar (0.6/10 MB) | quarkus-jsonb-spi-1.5.1.Final.jar (4.0 kB) | quarkus-jsonb-deployment-1.5.1.Final.jar (8.9 kB)Progress (4): swagger-ui-3.25.0.jar (0.9/3.0 MB) | svm-19.3.1.jar (0.6/10 MB) | quarkus-jsonb-spi-1.5.1.Final.jar (4.0 kB) | quarkus-jsonb-deployment-1.5.1.Final.jar (8.9 kB)Progress (4): swagger-ui-3.25.0.jar (0.9/3.0 MB) | svm-19.3.1.jar (0.6/10 MB) | quarkus-jsonb-spi-1.5.1.Final.jar (4.0 kB) | quarkus-jsonb-deployment-1.5.1.Final.jar (8.9 kB)Progress (4): swagger-ui-3.25.0.jar (1.0/3.0 MB) | svm-19.3.1.jar (0.6/10 MB) | quarkus-jsonb-spi-1.5.1.Final.jar (4.0 kB) | quarkus-jsonb-deployment-1.5.1.Final.jar (8.9 kB)Progress (4): swagger-ui-3.25.0.jar (1.0/3.0 MB) | svm-19.3.1.jar (0.6/10 MB) | quarkus-jsonb-spi-1.5.1.Final.jar (4.0 kB) | quarkus-jsonb-deployment-1.5.1.Final.jar (8.9 kB)Progress (5): swagger-ui-3.25.0.jar (1.0/3.0 MB) | svm-19.3.1.jar (0.6/10 MB) | quarkus-jsonb-spi-1.5.1.Final.jar (4.0 kB) | quarkus-jsonb-deployment-1.5.1.Final.jar (8.9 kB) | quarkus-resteasy-jsonb-deployment-1.5.1.Final.jar (2.7/5.4 kB)Progress (5): swagger-ui-3.25.0.jar (1.0/3.0 MB) | svm-19.3.1.jar (0.6/10 MB) | quarkus-jsonb-spi-1.5.1.Final.jar (4.0 kB) | quarkus-jsonb-deployment-1.5.1.Final.jar (8.9 kB) | quarkus-resteasy-jsonb-deployment-1.5.1.Final.jar (5.4 kB)                                                                                                                                                                                                                                               Downloaded from central: https://repo.maven.apache.org/maven2/io/quarkus/quarkus-jsonb-spi/1.5.1.Final/quarkus-jsonb-spi-1.5.1.Final.jar (4.0 kB at 256 B/s)
Downloading from central: https://repo.maven.apache.org/maven2/io/quarkus/quarkus-resteasy-common-spi/1.5.1.Final/quarkus-resteasy-common-spi-1.5.1.Final.jar
Progress (4): swagger-ui-3.25.0.jar (1.0/3.0 MB) | svm-19.3.1.jar (0.7/10 MB) | quarkus-jsonb-deployment-1.5.1.Final.jar (8.9 kB) | quarkus-resteasy-jsonb-deployment-1.5.1.Final.jar (5.4 kB)                                                                                                                                                                                              Downloaded from central: https://repo.maven.apache.org/maven2/io/quarkus/quarkus-jsonb-deployment/1.5.1.Final/quarkus-jsonb-deployment-1.5.1.Final.jar (8.9 kB at 562 B/s)
Downloading from central: https://repo.maven.apache.org/maven2/io/quarkus/quarkus-resteasy-common-deployment/1.5.1.Final/quarkus-resteasy-common-deployment-1.5.1.Final.jar
Progress (3): swagger-ui-3.25.0.jar (1.0/3.0 MB) | svm-19.3.1.jar (0.7/10 MB) | quarkus-resteasy-jsonb-deployment-1.5.1.Final.jar (5.4 kB)Progress (3): swagger-ui-3.25.0.jar (1.0/3.0 MB) | svm-19.3.1.jar (0.7/10 MB) | quarkus-resteasy-jsonb-deployment-1.5.1.Final.jar (5.4 kB)Progress (3): swagger-ui-3.25.0.jar (1.0/3.0 MB) | svm-19.3.1.jar (0.7/10 MB) | quarkus-resteasy-jsonb-deployment-1.5.1.Final.jar (5.4 kB)                                                                                                                                          Downloaded from central: https://repo.maven.apache.org/maven2/io/quarkus/quarkus-resteasy-jsonb-deployment/1.5.1.Final/quarkus-resteasy-jsonb-deployment-1.5.1.Final.jar (5.4 kB at 330 B/s)
Downloading from central: https://repo.maven.apache.org/maven2/io/quarkus/quarkus-resteasy-server-common-spi/1.5.1.Final/quarkus-resteasy-server-common-spi-1.5.1.Final.jar
Progress (3): swagger-ui-3.25.0.jar (1.0/3.0 MB) | svm-19.3.1.jar (0.7/10 MB) | quarkus-resteasy-common-spi-1.5.1.Final.jar (3.4 kB)Progress (3): swagger-ui-3.25.0.jar (1.0/3.0 MB) | svm-19.3.1.jar (0.7/10 MB) | quarkus-resteasy-common-spi-1.5.1.Final.jar (3.4 kB)Progress (3): swagger-ui-3.25.0.jar (1.0/3.0 MB) | svm-19.3.1.jar (0.7/10 MB) | quarkus-resteasy-common-spi-1.5.1.Final.jar (3.4 kB)Progress (3): swagger-ui-3.25.0.jar (1.0/3.0 MB) | svm-19.3.1.jar (0.7/10 MB) | quarkus-resteasy-common-spi-1.5.1.Final.jar (3.4 kB)Progress (4): swagger-ui-3.25.0.jar (1.0/3.0 MB) | svm-19.3.1.jar (0.7/10 MB) | quarkus-resteasy-common-spi-1.5.1.Final.jar (3.4 kB) | quarkus-resteasy-common-deployment-1.5.1.Final.jar (2.7/25 kB)Progress (4): swagger-ui-3.25.0.jar (1.0/3.0 MB) | svm-19.3.1.jar (0.7/10 MB) | quarkus-resteasy-common-spi-1.5.1.Final.jar (3.4 kB) | quarkus-resteasy-common-deployment-1.5.1.Final.jar (2.7/25 kB)Progress (4): swagger-ui-3.25.0.jar (1.0/3.0 MB) | svm-19.3.1.jar (0.7/10 MB) | quarkus-resteasy-common-spi-1.5.1.Final.jar (3.4 kB) | quarkus-resteasy-common-deployment-1.5.1.Final.jar (5.5/25 kB)Progress (4): swagger-ui-3.25.0.jar (1.0/3.0 MB) | svm-19.3.1.jar (0.7/10 MB) | quarkus-resteasy-common-spi-1.5.1.Final.jar (3.4 kB) | quarkus-resteasy-common-deployment-1.5.1.Final.jar (8.2/25 kB)Progress (4): swagger-ui-3.25.0.jar (1.0/3.0 MB) | svm-19.3.1.jar (0.8/10 MB) | quarkus-resteasy-common-spi-1.5.1.Final.jar (3.4 kB) | quarkus-resteasy-common-deployment-1.5.1.Final.jar (8.2/25 kB)Progress (4): swagger-ui-3.25.0.jar (1.0/3.0 MB) | svm-19.3.1.jar (0.8/10 MB) | quarkus-resteasy-common-spi-1.5.1.Final.jar (3.4 kB) | quarkus-resteasy-common-deployment-1.5.1.Final.jar (11/25 kB) Progress (4): swagger-ui-3.25.0.jar (1.1/3.0 MB) | svm-19.3.1.jar (0.8/10 MB) | quarkus-resteasy-common-spi-1.5.1.Final.jar (3.4 kB) | quarkus-resteasy-common-deployment-1.5.1.Final.jar (11/25 kB)Progress (4): swagger-ui-3.25.0.jar (1.1/3.0 MB) | svm-19.3.1.jar (0.8/10 MB) | quarkus-resteasy-common-spi-1.5.1.Final.jar (3.4 kB) | quarkus-resteasy-common-deployment-1.5.1.Final.jar (14/25 kB)Progress (4): swagger-ui-3.25.0.jar (1.1/3.0 MB) | svm-19.3.1.jar (0.8/10 MB) | quarkus-resteasy-common-spi-1.5.1.Final.jar (3.4 kB) | quarkus-resteasy-common-deployment-1.5.1.Final.jar (16/25 kB)Progress (4): swagger-ui-3.25.0.jar (1.1/3.0 MB) | svm-19.3.1.jar (0.8/10 MB) | quarkus-resteasy-common-spi-1.5.1.Final.jar (3.4 kB) | quarkus-resteasy-common-deployment-1.5.1.Final.jar (19/25 kB)Progress (4): swagger-ui-3.25.0.jar (1.1/3.0 MB) | svm-19.3.1.jar (0.8/10 MB) | quarkus-resteasy-common-spi-1.5.1.Final.jar (3.4 kB) | quarkus-resteasy-common-deployment-1.5.1.Final.jar (19/25 kB)Progress (4): swagger-ui-3.25.0.jar (1.1/3.0 MB) | svm-19.3.1.jar (0.8/10 MB) | quarkus-resteasy-common-spi-1.5.1.Final.jar (3.4 kB) | quarkus-resteasy-common-deployment-1.5.1.Final.jar (22/25 kB)Progress (4): swagger-ui-3.25.0.jar (1.1/3.0 MB) | svm-19.3.1.jar (0.8/10 MB) | quarkus-resteasy-common-spi-1.5.1.Final.jar (3.4 kB) | quarkus-resteasy-common-deployment-1.5.1.Final.jar (22/25 kB)Progress (4): swagger-ui-3.25.0.jar (1.1/3.0 MB) | svm-19.3.1.jar (0.8/10 MB) | quarkus-resteasy-common-spi-1.5.1.Final.jar (3.4 kB) | quarkus-resteasy-common-deployment-1.5.1.Final.jar (25/25 kB)Progress (4): swagger-ui-3.25.0.jar (1.1/3.0 MB) | svm-19.3.1.jar (0.8/10 MB) | quarkus-resteasy-common-spi-1.5.1.Final.jar (3.4 kB) | quarkus-resteasy-common-deployment-1.5.1.Final.jar (25 kB)   Progress (4): swagger-ui-3.25.0.jar (1.1/3.0 MB) | svm-19.3.1.jar (0.8/10 MB) | quarkus-resteasy-common-spi-1.5.1.Final.jar (3.4 kB) | quarkus-resteasy-common-deployment-1.5.1.Final.jar (25 kB)Progress (5): swagger-ui-3.25.0.jar (1.1/3.0 MB) | svm-19.3.1.jar (0.8/10 MB) | quarkus-resteasy-common-spi-1.5.1.Final.jar (3.4 kB) | quarkus-resteasy-common-deployment-1.5.1.Final.jar (25 kB) | quarkus-resteasy-server-common-spi-1.5.1.Final.jar (4.1/5.2 kB)Progress (5): swagger-ui-3.25.0.jar (1.1/3.0 MB) | svm-19.3.1.jar (0.8/10 MB) | quarkus-resteasy-common-spi-1.5.1.Final.jar (3.4 kB) | quarkus-resteasy-common-deployment-1.5.1.Final.jar (25 kB) | quarkus-resteasy-server-common-spi-1.5.1.Final.jar (5.2 kB)    Progress (5): swagger-ui-3.25.0.jar (1.1/3.0 MB) | svm-19.3.1.jar (0.8/10 MB) | quarkus-resteasy-common-spi-1.5.1.Final.jar (3.4 kB) | quarkus-resteasy-common-deployment-1.5.1.Final.jar (25 kB) | quarkus-resteasy-server-common-spi-1.5.1.Final.jar (5.2 kB)                                                                                                                                                                                                                                                               Downloaded from central: https://repo.maven.apache.org/maven2/io/quarkus/quarkus-resteasy-common-spi/1.5.1.Final/quarkus-resteasy-common-spi-1.5.1.Final.jar (3.4 kB at 187 B/s)
Downloading from central: https://repo.maven.apache.org/maven2/io/quarkus/quarkus-resteasy-server-common-deployment/1.5.1.Final/quarkus-resteasy-server-common-deployment-1.5.1.Final.jar
Progress (4): swagger-ui-3.25.0.jar (1.1/3.0 MB) | svm-19.3.1.jar (0.8/10 MB) | quarkus-resteasy-common-deployment-1.5.1.Final.jar (25 kB) | quarkus-resteasy-server-common-spi-1.5.1.Final.jar (5.2 kB)Progress (4): swagger-ui-3.25.0.jar (1.1/3.0 MB) | svm-19.3.1.jar (0.8/10 MB) | quarkus-resteasy-common-deployment-1.5.1.Final.jar (25 kB) | quarkus-resteasy-server-common-spi-1.5.1.Final.jar (5.2 kB)Progress (4): swagger-ui-3.25.0.jar (1.1/3.0 MB) | svm-19.3.1.jar (0.9/10 MB) | quarkus-resteasy-common-deployment-1.5.1.Final.jar (25 kB) | quarkus-resteasy-server-common-spi-1.5.1.Final.jar (5.2 kB)Progress (4): swagger-ui-3.25.0.jar (1.1/3.0 MB) | svm-19.3.1.jar (0.9/10 MB) | quarkus-resteasy-common-deployment-1.5.1.Final.jar (25 kB) | quarkus-resteasy-server-common-spi-1.5.1.Final.jar (5.2 kB)Progress (4): swagger-ui-3.25.0.jar (1.2/3.0 MB) | svm-19.3.1.jar (0.9/10 MB) | quarkus-resteasy-common-deployment-1.5.1.Final.jar (25 kB) | quarkus-resteasy-server-common-spi-1.5.1.Final.jar (5.2 kB)Progress (4): swagger-ui-3.25.0.jar (1.2/3.0 MB) | svm-19.3.1.jar (0.9/10 MB) | quarkus-resteasy-common-deployment-1.5.1.Final.jar (25 kB) | quarkus-resteasy-server-common-spi-1.5.1.Final.jar (5.2 kB)Progress (4): swagger-ui-3.25.0.jar (1.2/3.0 MB) | svm-19.3.1.jar (0.9/10 MB) | quarkus-resteasy-common-deployment-1.5.1.Final.jar (25 kB) | quarkus-resteasy-server-common-spi-1.5.1.Final.jar (5.2 kB)Progress (4): swagger-ui-3.25.0.jar (1.2/3.0 MB) | svm-19.3.1.jar (0.9/10 MB) | quarkus-resteasy-common-deployment-1.5.1.Final.jar (25 kB) | quarkus-resteasy-server-common-spi-1.5.1.Final.jar (5.2 kB)                                                                                                                                                                                                        Downloaded from central: https://repo.maven.apache.org/maven2/io/quarkus/quarkus-resteasy-common-deployment/1.5.1.Final/quarkus-resteasy-common-deployment-1.5.1.Final.jar (25 kB at 1.3 kB/s)
Downloading from central: https://repo.maven.apache.org/maven2/io/quarkus/quarkus-undertow-spi/1.5.1.Final/quarkus-undertow-spi-1.5.1.Final.jar
Progress (3): swagger-ui-3.25.0.jar (1.2/3.0 MB) | svm-19.3.1.jar (0.9/10 MB) | quarkus-resteasy-server-common-spi-1.5.1.Final.jar (5.2 kB)                                                                                                                                           Downloaded from central: https://repo.maven.apache.org/maven2/io/quarkus/quarkus-resteasy-server-common-spi/1.5.1.Final/quarkus-resteasy-server-common-spi-1.5.1.Final.jar (5.2 kB at 264 B/s)
Downloading from central: https://repo.maven.apache.org/maven2/io/quarkus/quarkus-security-spi/1.5.1.Final/quarkus-security-spi-1.5.1.Final.jar
Progress (2): swagger-ui-3.25.0.jar (1.2/3.0 MB) | svm-19.3.1.jar (1.0/10 MB)Progress (3): swagger-ui-3.25.0.jar (1.2/3.0 MB) | svm-19.3.1.jar (1.0/10 MB) | quarkus-resteasy-server-common-deployment-1.5.1.Final.jar (4.1/29 kB)Progress (3): swagger-ui-3.25.0.jar (1.2/3.0 MB) | svm-19.3.1.jar (1.0/10 MB) | quarkus-resteasy-server-common-deployment-1.5.1.Final.jar (8.2/29 kB)Progress (3): swagger-ui-3.25.0.jar (1.2/3.0 MB) | svm-19.3.1.jar (1.0/10 MB) | quarkus-resteasy-server-common-deployment-1.5.1.Final.jar (12/29 kB) Progress (3): swagger-ui-3.25.0.jar (1.2/3.0 MB) | svm-19.3.1.jar (1.0/10 MB) | quarkus-resteasy-server-common-deployment-1.5.1.Final.jar (16/29 kB)Progress (3): swagger-ui-3.25.0.jar (1.2/3.0 MB) | svm-19.3.1.jar (1.0/10 MB) | quarkus-resteasy-server-common-deployment-1.5.1.Final.jar (16/29 kB)Progress (3): swagger-ui-3.25.0.jar (1.2/3.0 MB) | svm-19.3.1.jar (1.0/10 MB) | quarkus-resteasy-server-common-deployment-1.5.1.Final.jar (20/29 kB)Progress (3): swagger-ui-3.25.0.jar (1.2/3.0 MB) | svm-19.3.1.jar (1.0/10 MB) | quarkus-resteasy-server-common-deployment-1.5.1.Final.jar (25/29 kB)Progress (3): swagger-ui-3.25.0.jar (1.2/3.0 MB) | svm-19.3.1.jar (1.0/10 MB) | quarkus-resteasy-server-common-deployment-1.5.1.Final.jar (29/29 kB)Progress (3): swagger-ui-3.25.0.jar (1.2/3.0 MB) | svm-19.3.1.jar (1.0/10 MB) | quarkus-resteasy-server-common-deployment-1.5.1.Final.jar (29 kB)   Progress (3): swagger-ui-3.25.0.jar (1.2/3.0 MB) | svm-19.3.1.jar (1.0/10 MB) | quarkus-resteasy-server-common-deployment-1.5.1.Final.jar (29 kB)Progress (3): swagger-ui-3.25.0.jar (1.3/3.0 MB) | svm-19.3.1.jar (1.0/10 MB) | quarkus-resteasy-server-common-deployment-1.5.1.Final.jar (29 kB)Progress (3): swagger-ui-3.25.0.jar (1.3/3.0 MB) | svm-19.3.1.jar (1.0/10 MB) | quarkus-resteasy-server-common-deployment-1.5.1.Final.jar (29 kB)Progress (3): swagger-ui-3.25.0.jar (1.3/3.0 MB) | svm-19.3.1.jar (1.0/10 MB) | quarkus-resteasy-server-common-deployment-1.5.1.Final.jar (29 kB)Progress (3): swagger-ui-3.25.0.jar (1.3/3.0 MB) | svm-19.3.1.jar (1.0/10 MB) | quarkus-resteasy-server-common-deployment-1.5.1.Final.jar (29 kB)Progress (3): swagger-ui-3.25.0.jar (1.3/3.0 MB) | svm-19.3.1.jar (1.0/10 MB) | quarkus-resteasy-server-common-deployment-1.5.1.Final.jar (29 kB)Progress (3): swagger-ui-3.25.0.jar (1.3/3.0 MB) | svm-19.3.1.jar (1.1/10 MB) | quarkus-resteasy-server-common-deployment-1.5.1.Final.jar (29 kB)Progress (3): swagger-ui-3.25.0.jar (1.3/3.0 MB) | svm-19.3.1.jar (1.1/10 MB) | quarkus-resteasy-server-common-deployment-1.5.1.Final.jar (29 kB)Progress (4): swagger-ui-3.25.0.jar (1.3/3.0 MB) | svm-19.3.1.jar (1.1/10 MB) | quarkus-resteasy-server-common-deployment-1.5.1.Final.jar (29 kB) | quarkus-security-spi-1.5.1.Final.jar (3.3 kB)Progress (5): swagger-ui-3.25.0.jar (1.3/3.0 MB) | svm-19.3.1.jar (1.1/10 MB) | quarkus-resteasy-server-common-deployment-1.5.1.Final.jar (29 kB) | quarkus-security-spi-1.5.1.Final.jar (3.3 kB) | quarkus-undertow-spi-1.5.1.Final.jar (2.7/25 kB)Progress (5): swagger-ui-3.25.0.jar (1.3/3.0 MB) | svm-19.3.1.jar (1.1/10 MB) | quarkus-resteasy-server-common-deployment-1.5.1.Final.jar (29 kB) | quarkus-security-spi-1.5.1.Final.jar (3.3 kB) | quarkus-undertow-spi-1.5.1.Final.jar (2.7/25 kB)Progress (5): swagger-ui-3.25.0.jar (1.3/3.0 MB) | svm-19.3.1.jar (1.1/10 MB) | quarkus-resteasy-server-common-deployment-1.5.1.Final.jar (29 kB) | quarkus-security-spi-1.5.1.Final.jar (3.3 kB) | quarkus-undertow-spi-1.5.1.Final.jar (5.5/25 kB)Progress (5): swagger-ui-3.25.0.jar (1.3/3.0 MB) | svm-19.3.1.jar (1.1/10 MB) | quarkus-resteasy-server-common-deployment-1.5.1.Final.jar (29 kB) | quarkus-security-spi-1.5.1.Final.jar (3.3 kB) | quarkus-undertow-spi-1.5.1.Final.jar (8.2/25 kB)Progress (5): swagger-ui-3.25.0.jar (1.3/3.0 MB) | svm-19.3.1.jar (1.1/10 MB) | quarkus-resteasy-server-common-deployment-1.5.1.Final.jar (29 kB) | quarkus-security-spi-1.5.1.Final.jar (3.3 kB) | quarkus-undertow-spi-1.5.1.Final.jar (11/25 kB) Progress (5): swagger-ui-3.25.0.jar (1.3/3.0 MB) | svm-19.3.1.jar (1.1/10 MB) | quarkus-resteasy-server-common-deployment-1.5.1.Final.jar (29 kB) | quarkus-security-spi-1.5.1.Final.jar (3.3 kB) | quarkus-undertow-spi-1.5.1.Final.jar (14/25 kB)Progress (5): swagger-ui-3.25.0.jar (1.3/3.0 MB) | svm-19.3.1.jar (1.1/10 MB) | quarkus-resteasy-server-common-deployment-1.5.1.Final.jar (29 kB) | quarkus-security-spi-1.5.1.Final.jar (3.3 kB) | quarkus-undertow-spi-1.5.1.Final.jar (16/25 kB)Progress (5): swagger-ui-3.25.0.jar (1.3/3.0 MB) | svm-19.3.1.jar (1.1/10 MB) | quarkus-resteasy-server-common-deployment-1.5.1.Final.jar (29 kB) | quarkus-security-spi-1.5.1.Final.jar (3.3 kB) | quarkus-undertow-spi-1.5.1.Final.jar (19/25 kB)Progress (5): swagger-ui-3.25.0.jar (1.3/3.0 MB) | svm-19.3.1.jar (1.1/10 MB) | quarkus-resteasy-server-common-deployment-1.5.1.Final.jar (29 kB) | quarkus-security-spi-1.5.1.Final.jar (3.3 kB) | quarkus-undertow-spi-1.5.1.Final.jar (22/25 kB)Progress (5): swagger-ui-3.25.0.jar (1.4/3.0 MB) | svm-19.3.1.jar (1.1/10 MB) | quarkus-resteasy-server-common-deployment-1.5.1.Final.jar (29 kB) | quarkus-security-spi-1.5.1.Final.jar (3.3 kB) | quarkus-undertow-spi-1.5.1.Final.jar (22/25 kB)Progress (5): swagger-ui-3.25.0.jar (1.4/3.0 MB) | svm-19.3.1.jar (1.1/10 MB) | quarkus-resteasy-server-common-deployment-1.5.1.Final.jar (29 kB) | quarkus-security-spi-1.5.1.Final.jar (3.3 kB) | quarkus-undertow-spi-1.5.1.Final.jar (25 kB)                                                                                                                                                                                                                                                   Downloaded from central: https://repo.maven.apache.org/maven2/io/quarkus/quarkus-resteasy-server-common-deployment/1.5.1.Final/quarkus-resteasy-server-common-deployment-1.5.1.Final.jar (29 kB at 1.3 kB/s)
Downloading from central: https://repo.maven.apache.org/maven2/io/quarkus/quarkus-resteasy-deployment/1.5.1.Final/quarkus-resteasy-deployment-1.5.1.Final.jar
Progress (4): swagger-ui-3.25.0.jar (1.4/3.0 MB) | svm-19.3.1.jar (1.1/10 MB) | quarkus-security-spi-1.5.1.Final.jar (3.3 kB) | quarkus-undertow-spi-1.5.1.Final.jar (25 kB)Progress (4): swagger-ui-3.25.0.jar (1.4/3.0 MB) | svm-19.3.1.jar (1.1/10 MB) | quarkus-security-spi-1.5.1.Final.jar (3.3 kB) | quarkus-undertow-spi-1.5.1.Final.jar (25 kB)Progress (4): swagger-ui-3.25.0.jar (1.4/3.0 MB) | svm-19.3.1.jar (1.1/10 MB) | quarkus-security-spi-1.5.1.Final.jar (3.3 kB) | quarkus-undertow-spi-1.5.1.Final.jar (25 kB)Progress (4): swagger-ui-3.25.0.jar (1.4/3.0 MB) | svm-19.3.1.jar (1.1/10 MB) | quarkus-security-spi-1.5.1.Final.jar (3.3 kB) | quarkus-undertow-spi-1.5.1.Final.jar (25 kB)Progress (4): swagger-ui-3.25.0.jar (1.4/3.0 MB) | svm-19.3.1.jar (1.1/10 MB) | quarkus-security-spi-1.5.1.Final.jar (3.3 kB) | quarkus-undertow-spi-1.5.1.Final.jar (25 kB)Progress (4): swagger-ui-3.25.0.jar (1.4/3.0 MB) | svm-19.3.1.jar (1.2/10 MB) | quarkus-security-spi-1.5.1.Final.jar (3.3 kB) | quarkus-undertow-spi-1.5.1.Final.jar (25 kB)Progress (4): swagger-ui-3.25.0.jar (1.4/3.0 MB) | svm-19.3.1.jar (1.2/10 MB) | quarkus-security-spi-1.5.1.Final.jar (3.3 kB) | quarkus-undertow-spi-1.5.1.Final.jar (25 kB)Progress (4): swagger-ui-3.25.0.jar (1.5/3.0 MB) | svm-19.3.1.jar (1.2/10 MB) | quarkus-security-spi-1.5.1.Final.jar (3.3 kB) | quarkus-undertow-spi-1.5.1.Final.jar (25 kB)Progress (4): swagger-ui-3.25.0.jar (1.5/3.0 MB) | svm-19.3.1.jar (1.2/10 MB) | quarkus-security-spi-1.5.1.Final.jar (3.3 kB) | quarkus-undertow-spi-1.5.1.Final.jar (25 kB)                                                                                                                                                                            Downloaded from central: https://repo.maven.apache.org/maven2/io/quarkus/quarkus-security-spi/1.5.1.Final/quarkus-security-spi-1.5.1.Final.jar (3.3 kB at 145 B/s)
Downloading from central: https://repo.maven.apache.org/maven2/io/quarkus/quarkus-kubernetes-spi/1.5.1.Final/quarkus-kubernetes-spi-1.5.1.Final.jar
Progress (3): swagger-ui-3.25.0.jar (1.5/3.0 MB) | svm-19.3.1.jar (1.2/10 MB) | quarkus-undertow-spi-1.5.1.Final.jar (25 kB)Progress (3): swagger-ui-3.25.0.jar (1.5/3.0 MB) | svm-19.3.1.jar (1.2/10 MB) | quarkus-undertow-spi-1.5.1.Final.jar (25 kB)                                                                                                                            Downloaded from central: https://repo.maven.apache.org/maven2/io/quarkus/quarkus-undertow-spi/1.5.1.Final/quarkus-undertow-spi-1.5.1.Final.jar (25 kB at 1.1 kB/s)
Downloading from central: https://repo.maven.apache.org/maven2/io/quarkus/quarkus-undertow-deployment/1.5.1.Final/quarkus-undertow-deployment-1.5.1.Final.jar
Progress (3): swagger-ui-3.25.0.jar (1.5/3.0 MB) | svm-19.3.1.jar (1.2/10 MB) | quarkus-resteasy-deployment-1.5.1.Final.jar (2.7/22 kB)Progress (3): swagger-ui-3.25.0.jar (1.5/3.0 MB) | svm-19.3.1.jar (1.2/10 MB) | quarkus-resteasy-deployment-1.5.1.Final.jar (2.7/22 kB)Progress (3): swagger-ui-3.25.0.jar (1.5/3.0 MB) | svm-19.3.1.jar (1.2/10 MB) | quarkus-resteasy-deployment-1.5.1.Final.jar (5.5/22 kB)Progress (3): swagger-ui-3.25.0.jar (1.5/3.0 MB) | svm-19.3.1.jar (1.2/10 MB) | quarkus-resteasy-deployment-1.5.1.Final.jar (8.2/22 kB)Progress (3): swagger-ui-3.25.0.jar (1.5/3.0 MB) | svm-19.3.1.jar (1.2/10 MB) | quarkus-resteasy-deployment-1.5.1.Final.jar (8.2/22 kB)Progress (3): swagger-ui-3.25.0.jar (1.5/3.0 MB) | svm-19.3.1.jar (1.2/10 MB) | quarkus-resteasy-deployment-1.5.1.Final.jar (11/22 kB) Progress (3): swagger-ui-3.25.0.jar (1.5/3.0 MB) | svm-19.3.1.jar (1.2/10 MB) | quarkus-resteasy-deployment-1.5.1.Final.jar (14/22 kB)Progress (3): swagger-ui-3.25.0.jar (1.5/3.0 MB) | svm-19.3.1.jar (1.3/10 MB) | quarkus-resteasy-deployment-1.5.1.Final.jar (14/22 kB)Progress (3): swagger-ui-3.25.0.jar (1.5/3.0 MB) | svm-19.3.1.jar (1.3/10 MB) | quarkus-resteasy-deployment-1.5.1.Final.jar (16/22 kB)Progress (3): swagger-ui-3.25.0.jar (1.5/3.0 MB) | svm-19.3.1.jar (1.3/10 MB) | quarkus-resteasy-deployment-1.5.1.Final.jar (16/22 kB)Progress (3): swagger-ui-3.25.0.jar (1.5/3.0 MB) | svm-19.3.1.jar (1.3/10 MB) | quarkus-resteasy-deployment-1.5.1.Final.jar (19/22 kB)Progress (3): swagger-ui-3.25.0.jar (1.5/3.0 MB) | svm-19.3.1.jar (1.3/10 MB) | quarkus-resteasy-deployment-1.5.1.Final.jar (22 kB)   Progress (3): swagger-ui-3.25.0.jar (1.6/3.0 MB) | svm-19.3.1.jar (1.3/10 MB) | quarkus-resteasy-deployment-1.5.1.Final.jar (22 kB)Progress (3): swagger-ui-3.25.0.jar (1.6/3.0 MB) | svm-19.3.1.jar (1.3/10 MB) | quarkus-resteasy-deployment-1.5.1.Final.jar (22 kB)Progress (3): swagger-ui-3.25.0.jar (1.6/3.0 MB) | svm-19.3.1.jar (1.3/10 MB) | quarkus-resteasy-deployment-1.5.1.Final.jar (22 kB)Progress (3): swagger-ui-3.25.0.jar (1.6/3.0 MB) | svm-19.3.1.jar (1.3/10 MB) | quarkus-resteasy-deployment-1.5.1.Final.jar (22 kB)Progress (3): swagger-ui-3.25.0.jar (1.6/3.0 MB) | svm-19.3.1.jar (1.3/10 MB) | quarkus-resteasy-deployment-1.5.1.Final.jar (22 kB)Progress (4): swagger-ui-3.25.0.jar (1.6/3.0 MB) | svm-19.3.1.jar (1.3/10 MB) | quarkus-resteasy-deployment-1.5.1.Final.jar (22 kB) | quarkus-kubernetes-spi-1.5.1.Final.jar (4.1/13 kB)Progress (4): swagger-ui-3.25.0.jar (1.6/3.0 MB) | svm-19.3.1.jar (1.3/10 MB) | quarkus-resteasy-deployment-1.5.1.Final.jar (22 kB) | quarkus-kubernetes-spi-1.5.1.Final.jar (8.2/13 kB)Progress (4): swagger-ui-3.25.0.jar (1.6/3.0 MB) | svm-19.3.1.jar (1.3/10 MB) | quarkus-resteasy-deployment-1.5.1.Final.jar (22 kB) | quarkus-kubernetes-spi-1.5.1.Final.jar (12/13 kB) Progress (4): swagger-ui-3.25.0.jar (1.6/3.0 MB) | svm-19.3.1.jar (1.3/10 MB) | quarkus-resteasy-deployment-1.5.1.Final.jar (22 kB) | quarkus-kubernetes-spi-1.5.1.Final.jar (13 kB)   Progress (4): swagger-ui-3.25.0.jar (1.6/3.0 MB) | svm-19.3.1.jar (1.4/10 MB) | quarkus-resteasy-deployment-1.5.1.Final.jar (22 kB) | quarkus-kubernetes-spi-1.5.1.Final.jar (13 kB)Progress (4): swagger-ui-3.25.0.jar (1.6/3.0 MB) | svm-19.3.1.jar (1.4/10 MB) | quarkus-resteasy-deployment-1.5.1.Final.jar (22 kB) | quarkus-kubernetes-spi-1.5.1.Final.jar (13 kB)Progress (4): swagger-ui-3.25.0.jar (1.6/3.0 MB) | svm-19.3.1.jar (1.4/10 MB) | quarkus-resteasy-deployment-1.5.1.Final.jar (22 kB) | quarkus-kubernetes-spi-1.5.1.Final.jar (13 kB)Progress (5): swagger-ui-3.25.0.jar (1.6/3.0 MB) | svm-19.3.1.jar (1.4/10 MB) | quarkus-resteasy-deployment-1.5.1.Final.jar (22 kB) | quarkus-kubernetes-spi-1.5.1.Final.jar (13 kB) | quarkus-undertow-deployment-1.5.1.Final.jar (4.1/35 kB)Progress (5): swagger-ui-3.25.0.jar (1.6/3.0 MB) | svm-19.3.1.jar (1.4/10 MB) | quarkus-resteasy-deployment-1.5.1.Final.jar (22 kB) | quarkus-kubernetes-spi-1.5.1.Final.jar (13 kB) | quarkus-undertow-deployment-1.5.1.Final.jar (8.2/35 kB)Progress (5): swagger-ui-3.25.0.jar (1.6/3.0 MB) | svm-19.3.1.jar (1.4/10 MB) | quarkus-resteasy-deployment-1.5.1.Final.jar (22 kB) | quarkus-kubernetes-spi-1.5.1.Final.jar (13 kB) | quarkus-undertow-deployment-1.5.1.Final.jar (12/35 kB) Progress (5): swagger-ui-3.25.0.jar (1.6/3.0 MB) | svm-19.3.1.jar (1.4/10 MB) | quarkus-resteasy-deployment-1.5.1.Final.jar (22 kB) | quarkus-kubernetes-spi-1.5.1.Final.jar (13 kB) | quarkus-undertow-deployment-1.5.1.Final.jar (16/35 kB)Progress (5): swagger-ui-3.25.0.jar (1.6/3.0 MB) | svm-19.3.1.jar (1.4/10 MB) | quarkus-resteasy-deployment-1.5.1.Final.jar (22 kB) | quarkus-kubernetes-spi-1.5.1.Final.jar (13 kB) | quarkus-undertow-deployment-1.5.1.Final.jar (20/35 kB)Progress (5): swagger-ui-3.25.0.jar (1.6/3.0 MB) | svm-19.3.1.jar (1.4/10 MB) | quarkus-resteasy-deployment-1.5.1.Final.jar (22 kB) | quarkus-kubernetes-spi-1.5.1.Final.jar (13 kB) | quarkus-undertow-deployment-1.5.1.Final.jar (25/35 kB)Progress (5): swagger-ui-3.25.0.jar (1.6/3.0 MB) | svm-19.3.1.jar (1.4/10 MB) | quarkus-resteasy-deployment-1.5.1.Final.jar (22 kB) | quarkus-kubernetes-spi-1.5.1.Final.jar (13 kB) | quarkus-undertow-deployment-1.5.1.Final.jar (29/35 kB)Progress (5): swagger-ui-3.25.0.jar (1.6/3.0 MB) | svm-19.3.1.jar (1.4/10 MB) | quarkus-resteasy-deployment-1.5.1.Final.jar (22 kB) | quarkus-kubernetes-spi-1.5.1.Final.jar (13 kB) | quarkus-undertow-deployment-1.5.1.Final.jar (33/35 kB)Progress (5): swagger-ui-3.25.0.jar (1.6/3.0 MB) | svm-19.3.1.jar (1.4/10 MB) | quarkus-resteasy-deployment-1.5.1.Final.jar (22 kB) | quarkus-kubernetes-spi-1.5.1.Final.jar (13 kB) | quarkus-undertow-deployment-1.5.1.Final.jar (35 kB)                                                                                                                                                                                                                                             Downloaded from central: https://repo.maven.apache.org/maven2/io/quarkus/quarkus-resteasy-deployment/1.5.1.Final/quarkus-resteasy-deployment-1.5.1.Final.jar (22 kB at 854 B/s)
Downloading from central: https://repo.maven.apache.org/maven2/io/quarkus/quarkus-jdbc-h2-deployment/1.5.1.Final/quarkus-jdbc-h2-deployment-1.5.1.Final.jar
Progress (4): swagger-ui-3.25.0.jar (1.6/3.0 MB) | svm-19.3.1.jar (1.4/10 MB) | quarkus-kubernetes-spi-1.5.1.Final.jar (13 kB) | quarkus-undertow-deployment-1.5.1.Final.jar (35 kB)Progress (4): swagger-ui-3.25.0.jar (1.6/3.0 MB) | svm-19.3.1.jar (1.5/10 MB) | quarkus-kubernetes-spi-1.5.1.Final.jar (13 kB) | quarkus-undertow-deployment-1.5.1.Final.jar (35 kB)                                                                                                                                                                                    Downloaded from central: https://repo.maven.apache.org/maven2/io/quarkus/quarkus-kubernetes-spi/1.5.1.Final/quarkus-kubernetes-spi-1.5.1.Final.jar (13 kB at 503 B/s)
Progress (3): swagger-ui-3.25.0.jar (1.6/3.0 MB) | svm-19.3.1.jar (1.5/10 MB) | quarkus-undertow-deployment-1.5.1.Final.jar (35 kB)Progress (3): swagger-ui-3.25.0.jar (1.7/3.0 MB) | svm-19.3.1.jar (1.5/10 MB) | quarkus-undertow-deployment-1.5.1.Final.jar (35 kB)Progress (3): swagger-ui-3.25.0.jar (1.7/3.0 MB) | svm-19.3.1.jar (1.5/10 MB) | quarkus-undertow-deployment-1.5.1.Final.jar (35 kB)Progress (3): swagger-ui-3.25.0.jar (1.7/3.0 MB) | svm-19.3.1.jar (1.5/10 MB) | quarkus-undertow-deployment-1.5.1.Final.jar (35 kB)Progress (3): swagger-ui-3.25.0.jar (1.7/3.0 MB) | svm-19.3.1.jar (1.5/10 MB) | quarkus-undertow-deployment-1.5.1.Final.jar (35 kB)Progress (3): swagger-ui-3.25.0.jar (1.7/3.0 MB) | svm-19.3.1.jar (1.5/10 MB) | quarkus-undertow-deployment-1.5.1.Final.jar (35 kB)Progress (3): swagger-ui-3.25.0.jar (1.7/3.0 MB) | svm-19.3.1.jar (1.5/10 MB) | quarkus-undertow-deployment-1.5.1.Final.jar (35 kB)Progress (3): swagger-ui-3.25.0.jar (1.8/3.0 MB) | svm-19.3.1.jar (1.5/10 MB) | quarkus-undertow-deployment-1.5.1.Final.jar (35 kB)                                                                                                                                   Downloaded from central: https://repo.maven.apache.org/maven2/io/quarkus/quarkus-undertow-deployment/1.5.1.Final/quarkus-undertow-deployment-1.5.1.Final.jar (35 kB at 1.3 kB/s)
Progress (3): swagger-ui-3.25.0.jar (1.8/3.0 MB) | svm-19.3.1.jar (1.5/10 MB) | quarkus-jdbc-h2-deployment-1.5.1.Final.jar (2.7/6.4 kB)Progress (3): swagger-ui-3.25.0.jar (1.8/3.0 MB) | svm-19.3.1.jar (1.5/10 MB) | quarkus-jdbc-h2-deployment-1.5.1.Final.jar (5.5/6.4 kB)Progress (3): swagger-ui-3.25.0.jar (1.8/3.0 MB) | svm-19.3.1.jar (1.5/10 MB) | quarkus-jdbc-h2-deployment-1.5.1.Final.jar (6.4 kB)    Progress (3): swagger-ui-3.25.0.jar (1.8/3.0 MB) | svm-19.3.1.jar (1.6/10 MB) | quarkus-jdbc-h2-deployment-1.5.1.Final.jar (6.4 kB)Progress (3): swagger-ui-3.25.0.jar (1.8/3.0 MB) | svm-19.3.1.jar (1.6/10 MB) | quarkus-jdbc-h2-deployment-1.5.1.Final.jar (6.4 kB)Progress (3): swagger-ui-3.25.0.jar (1.8/3.0 MB) | svm-19.3.1.jar (1.6/10 MB) | quarkus-jdbc-h2-deployment-1.5.1.Final.jar (6.4 kB)Progress (3): swagger-ui-3.25.0.jar (1.8/3.0 MB) | svm-19.3.1.jar (1.7/10 MB) | quarkus-jdbc-h2-deployment-1.5.1.Final.jar (6.4 kB)Progress (3): swagger-ui-3.25.0.jar (1.8/3.0 MB) | svm-19.3.1.jar (1.7/10 MB) | quarkus-jdbc-h2-deployment-1.5.1.Final.jar (6.4 kB)                                                                                                                                   Downloaded from central: https://repo.maven.apache.org/maven2/io/quarkus/quarkus-jdbc-h2-deployment/1.5.1.Final/quarkus-jdbc-h2-deployment-1.5.1.Final.jar (6.4 kB at 232 B/s)
Progress (2): swagger-ui-3.25.0.jar (1.8/3.0 MB) | svm-19.3.1.jar (1.7/10 MB)Progress (2): swagger-ui-3.25.0.jar (1.8/3.0 MB) | svm-19.3.1.jar (1.7/10 MB)Progress (2): swagger-ui-3.25.0.jar (1.8/3.0 MB) | svm-19.3.1.jar (1.7/10 MB)Progress (2): swagger-ui-3.25.0.jar (1.8/3.0 MB) | svm-19.3.1.jar (1.8/10 MB)Progress (2): swagger-ui-3.25.0.jar (1.8/3.0 MB) | svm-19.3.1.jar (1.8/10 MB)Progress (2): swagger-ui-3.25.0.jar (1.8/3.0 MB) | svm-19.3.1.jar (1.8/10 MB)Progress (2): swagger-ui-3.25.0.jar (1.8/3.0 MB) | svm-19.3.1.jar (1.8/10 MB)Progress (2): swagger-ui-3.25.0.jar (1.9/3.0 MB) | svm-19.3.1.jar (1.8/10 MB)Progress (2): swagger-ui-3.25.0.jar (1.9/3.0 MB) | svm-19.3.1.jar (1.8/10 MB)Progress (2): swagger-ui-3.25.0.jar (1.9/3.0 MB) | svm-19.3.1.jar (1.8/10 MB)Progress (2): swagger-ui-3.25.0.jar (1.9/3.0 MB) | svm-19.3.1.jar (1.9/10 MB)Progress (2): swagger-ui-3.25.0.jar (1.9/3.0 MB) | svm-19.3.1.jar (1.9/10 MB)Progress (2): swagger-ui-3.25.0.jar (1.9/3.0 MB) | svm-19.3.1.jar (1.9/10 MB)Progress (2): swagger-ui-3.25.0.jar (1.9/3.0 MB) | svm-19.3.1.jar (1.9/10 MB)Progress (2): swagger-ui-3.25.0.jar (1.9/3.0 MB) | svm-19.3.1.jar (1.9/10 MB)Progress (2): swagger-ui-3.25.0.jar (2.0/3.0 MB) | svm-19.3.1.jar (1.9/10 MB)Progress (2): swagger-ui-3.25.0.jar (2.0/3.0 MB) | svm-19.3.1.jar (2.0/10 MB)Progress (2): swagger-ui-3.25.0.jar (2.0/3.0 MB) | svm-19.3.1.jar (2.0/10 MB)Progress (2): swagger-ui-3.25.0.jar (2.0/3.0 MB) | svm-19.3.1.jar (2.0/10 MB)Progress (2): swagger-ui-3.25.0.jar (2.0/3.0 MB) | svm-19.3.1.jar (2.0/10 MB)Progress (2): swagger-ui-3.25.0.jar (2.0/3.0 MB) | svm-19.3.1.jar (2.0/10 MB)Progress (2): swagger-ui-3.25.0.jar (2.0/3.0 MB) | svm-19.3.1.jar (2.0/10 MB)Progress (2): swagger-ui-3.25.0.jar (2.0/3.0 MB) | svm-19.3.1.jar (2.0/10 MB)Progress (2): swagger-ui-3.25.0.jar (2.1/3.0 MB) | svm-19.3.1.jar (2.0/10 MB)Progress (2): swagger-ui-3.25.0.jar (2.1/3.0 MB) | svm-19.3.1.jar (2.1/10 MB)Progress (2): swagger-ui-3.25.0.jar (2.1/3.0 MB) | svm-19.3.1.jar (2.1/10 MB)Progress (2): swagger-ui-3.25.0.jar (2.1/3.0 MB) | svm-19.3.1.jar (2.1/10 MB)Progress (2): swagger-ui-3.25.0.jar (2.1/3.0 MB) | svm-19.3.1.jar (2.1/10 MB)Progress (2): swagger-ui-3.25.0.jar (2.1/3.0 MB) | svm-19.3.1.jar (2.1/10 MB)Progress (2): swagger-ui-3.25.0.jar (2.1/3.0 MB) | svm-19.3.1.jar (2.1/10 MB)Progress (2): swagger-ui-3.25.0.jar (2.1/3.0 MB) | svm-19.3.1.jar (2.1/10 MB)Progress (2): swagger-ui-3.25.0.jar (2.1/3.0 MB) | svm-19.3.1.jar (2.2/10 MB)Progress (2): swagger-ui-3.25.0.jar (2.2/3.0 MB) | svm-19.3.1.jar (2.2/10 MB)Progress (2): swagger-ui-3.25.0.jar (2.2/3.0 MB) | svm-19.3.1.jar (2.2/10 MB)Progress (2): swagger-ui-3.25.0.jar (2.2/3.0 MB) | svm-19.3.1.jar (2.2/10 MB)Progress (2): swagger-ui-3.25.0.jar (2.2/3.0 MB) | svm-19.3.1.jar (2.2/10 MB)Progress (2): swagger-ui-3.25.0.jar (2.2/3.0 MB) | svm-19.3.1.jar (2.2/10 MB)Progress (2): swagger-ui-3.25.0.jar (2.2/3.0 MB) | svm-19.3.1.jar (2.3/10 MB)Progress (2): swagger-ui-3.25.0.jar (2.2/3.0 MB) | svm-19.3.1.jar (2.3/10 MB)Progress (2): swagger-ui-3.25.0.jar (2.2/3.0 MB) | svm-19.3.1.jar (2.3/10 MB)Progress (2): swagger-ui-3.25.0.jar (2.3/3.0 MB) | svm-19.3.1.jar (2.3/10 MB)Progress (2): swagger-ui-3.25.0.jar (2.3/3.0 MB) | svm-19.3.1.jar (2.3/10 MB)Progress (2): swagger-ui-3.25.0.jar (2.3/3.0 MB) | svm-19.3.1.jar (2.3/10 MB)Progress (2): swagger-ui-3.25.0.jar (2.3/3.0 MB) | svm-19.3.1.jar (2.3/10 MB)Progress (2): swagger-ui-3.25.0.jar (2.3/3.0 MB) | svm-19.3.1.jar (2.3/10 MB)Progress (2): swagger-ui-3.25.0.jar (2.3/3.0 MB) | svm-19.3.1.jar (2.4/10 MB)Progress (2): swagger-ui-3.25.0.jar (2.3/3.0 MB) | svm-19.3.1.jar (2.4/10 MB)Progress (2): swagger-ui-3.25.0.jar (2.3/3.0 MB) | svm-19.3.1.jar (2.4/10 MB)Progress (2): swagger-ui-3.25.0.jar (2.4/3.0 MB) | svm-19.3.1.jar (2.4/10 MB)Progress (2): swagger-ui-3.25.0.jar (2.4/3.0 MB) | svm-19.3.1.jar (2.4/10 MB)Progress (2): swagger-ui-3.25.0.jar (2.4/3.0 MB) | svm-19.3.1.jar (2.4/10 MB)Progress (2): swagger-ui-3.25.0.jar (2.4/3.0 MB) | svm-19.3.1.jar (2.4/10 MB)Progress (2): swagger-ui-3.25.0.jar (2.4/3.0 MB) | svm-19.3.1.jar (2.4/10 MB)Progress (2): swagger-ui-3.25.0.jar (2.4/3.0 MB) | svm-19.3.1.jar (2.5/10 MB)Progress (2): swagger-ui-3.25.0.jar (2.4/3.0 MB) | svm-19.3.1.jar (2.5/10 MB)Progress (2): swagger-ui-3.25.0.jar (2.4/3.0 MB) | svm-19.3.1.jar (2.5/10 MB)Progress (2): swagger-ui-3.25.0.jar (2.4/3.0 MB) | svm-19.3.1.jar (2.5/10 MB)Progress (2): swagger-ui-3.25.0.jar (2.4/3.0 MB) | svm-19.3.1.jar (2.5/10 MB)Progress (2): swagger-ui-3.25.0.jar (2.5/3.0 MB) | svm-19.3.1.jar (2.5/10 MB)Progress (2): swagger-ui-3.25.0.jar (2.5/3.0 MB) | svm-19.3.1.jar (2.5/10 MB)Progress (2): swagger-ui-3.25.0.jar (2.5/3.0 MB) | svm-19.3.1.jar (2.5/10 MB)Progress (2): swagger-ui-3.25.0.jar (2.5/3.0 MB) | svm-19.3.1.jar (2.5/10 MB)Progress (2): swagger-ui-3.25.0.jar (2.5/3.0 MB) | svm-19.3.1.jar (2.6/10 MB)Progress (2): swagger-ui-3.25.0.jar (2.5/3.0 MB) | svm-19.3.1.jar (2.6/10 MB)Progress (2): swagger-ui-3.25.0.jar (2.5/3.0 MB) | svm-19.3.1.jar (2.6/10 MB)Progress (2): swagger-ui-3.25.0.jar (2.5/3.0 MB) | svm-19.3.1.jar (2.6/10 MB)Progress (2): swagger-ui-3.25.0.jar (2.6/3.0 MB) | svm-19.3.1.jar (2.6/10 MB)Progress (2): swagger-ui-3.25.0.jar (2.6/3.0 MB) | svm-19.3.1.jar (2.6/10 MB)Progress (2): swagger-ui-3.25.0.jar (2.6/3.0 MB) | svm-19.3.1.jar (2.6/10 MB)Progress (2): swagger-ui-3.25.0.jar (2.6/3.0 MB) | svm-19.3.1.jar (2.7/10 MB)Progress (2): swagger-ui-3.25.0.jar (2.6/3.0 MB) | svm-19.3.1.jar (2.7/10 MB)Progress (2): swagger-ui-3.25.0.jar (2.6/3.0 MB) | svm-19.3.1.jar (2.7/10 MB)Progress (2): swagger-ui-3.25.0.jar (2.6/3.0 MB) | svm-19.3.1.jar (2.7/10 MB)Progress (2): swagger-ui-3.25.0.jar (2.7/3.0 MB) | svm-19.3.1.jar (2.7/10 MB)Progress (2): swagger-ui-3.25.0.jar (2.7/3.0 MB) | svm-19.3.1.jar (2.7/10 MB)Progress (2): swagger-ui-3.25.0.jar (2.7/3.0 MB) | svm-19.3.1.jar (2.7/10 MB)Progress (2): swagger-ui-3.25.0.jar (2.7/3.0 MB) | svm-19.3.1.jar (2.7/10 MB)Progress (2): swagger-ui-3.25.0.jar (2.7/3.0 MB) | svm-19.3.1.jar (2.7/10 MB)Progress (2): swagger-ui-3.25.0.jar (2.7/3.0 MB) | svm-19.3.1.jar (2.7/10 MB)Progress (2): swagger-ui-3.25.0.jar (2.7/3.0 MB) | svm-19.3.1.jar (2.7/10 MB)Progress (2): swagger-ui-3.25.0.jar (2.7/3.0 MB) | svm-19.3.1.jar (2.8/10 MB)Progress (2): swagger-ui-3.25.0.jar (2.8/3.0 MB) | svm-19.3.1.jar (2.8/10 MB)Progress (2): swagger-ui-3.25.0.jar (2.8/3.0 MB) | svm-19.3.1.jar (2.8/10 MB)Progress (2): swagger-ui-3.25.0.jar (2.8/3.0 MB) | svm-19.3.1.jar (2.8/10 MB)Progress (2): swagger-ui-3.25.0.jar (2.8/3.0 MB) | svm-19.3.1.jar (2.8/10 MB)Progress (2): swagger-ui-3.25.0.jar (2.8/3.0 MB) | svm-19.3.1.jar (2.8/10 MB)Progress (2): swagger-ui-3.25.0.jar (2.8/3.0 MB) | svm-19.3.1.jar (2.8/10 MB)Progress (2): swagger-ui-3.25.0.jar (2.8/3.0 MB) | svm-19.3.1.jar (2.8/10 MB)Progress (2): swagger-ui-3.25.0.jar (2.9/3.0 MB) | svm-19.3.1.jar (2.8/10 MB)Progress (2): swagger-ui-3.25.0.jar (2.9/3.0 MB) | svm-19.3.1.jar (2.8/10 MB)Progress (2): swagger-ui-3.25.0.jar (2.9/3.0 MB) | svm-19.3.1.jar (2.8/10 MB)Progress (2): swagger-ui-3.25.0.jar (2.9/3.0 MB) | svm-19.3.1.jar (2.8/10 MB)Progress (2): swagger-ui-3.25.0.jar (2.9/3.0 MB) | svm-19.3.1.jar (2.8/10 MB)Progress (2): swagger-ui-3.25.0.jar (2.9/3.0 MB) | svm-19.3.1.jar (2.9/10 MB)Progress (2): swagger-ui-3.25.0.jar (2.9/3.0 MB) | svm-19.3.1.jar (2.9/10 MB)Progress (2): swagger-ui-3.25.0.jar (3.0/3.0 MB) | svm-19.3.1.jar (2.9/10 MB)Progress (2): swagger-ui-3.25.0.jar (3.0/3.0 MB) | svm-19.3.1.jar (2.9/10 MB)Progress (2): swagger-ui-3.25.0.jar (3.0/3.0 MB) | svm-19.3.1.jar (2.9/10 MB)Progress (2): swagger-ui-3.25.0.jar (3.0 MB) | svm-19.3.1.jar (2.9/10 MB)    Progress (2): swagger-ui-3.25.0.jar (3.0 MB) | svm-19.3.1.jar (2.9/10 MB)Progress (2): swagger-ui-3.25.0.jar (3.0 MB) | svm-19.3.1.jar (3.0/10 MB)Progress (2): swagger-ui-3.25.0.jar (3.0 MB) | svm-19.3.1.jar (3.0/10 MB)                                                                         Downloaded from central: https://repo.maven.apache.org/maven2/org/webjars/swagger-ui/3.25.0/swagger-ui-3.25.0.jar (3.0 MB at 72 kB/s)
Progress (1): svm-19.3.1.jar (3.1/10 MB)Progress (1): svm-19.3.1.jar (3.1/10 MB)Progress (1): svm-19.3.1.jar (3.2/10 MB)Progress (1): svm-19.3.1.jar (3.2/10 MB)Progress (1): svm-19.3.1.jar (3.3/10 MB)Progress (1): svm-19.3.1.jar (3.3/10 MB)Progress (1): svm-19.3.1.jar (3.4/10 MB)Progress (1): svm-19.3.1.jar (3.4/10 MB)Progress (1): svm-19.3.1.jar (3.5/10 MB)Progress (1): svm-19.3.1.jar (3.5/10 MB)Progress (1): svm-19.3.1.jar (3.6/10 MB)Progress (1): svm-19.3.1.jar (3.6/10 MB)Progress (1): svm-19.3.1.jar (3.7/10 MB)Progress (1): svm-19.3.1.jar (3.7/10 MB)Progress (1): svm-19.3.1.jar (3.8/10 MB)Progress (1): svm-19.3.1.jar (3.8/10 MB)Progress (1): svm-19.3.1.jar (3.9/10 MB)Progress (1): svm-19.3.1.jar (3.9/10 MB)Progress (1): svm-19.3.1.jar (4.0/10 MB)Progress (1): svm-19.3.1.jar (4.0/10 MB)Progress (1): svm-19.3.1.jar (4.1/10 MB)Progress (1): svm-19.3.1.jar (4.1/10 MB)Progress (1): svm-19.3.1.jar (4.1/10 MB)Progress (1): svm-19.3.1.jar (4.2/10 MB)Progress (1): svm-19.3.1.jar (4.2/10 MB)Progress (1): svm-19.3.1.jar (4.3/10 MB)Progress (1): svm-19.3.1.jar (4.3/10 MB)Progress (1): svm-19.3.1.jar (4.4/10 MB)Progress (1): svm-19.3.1.jar (4.4/10 MB)Progress (1): svm-19.3.1.jar (4.5/10 MB)Progress (1): svm-19.3.1.jar (4.5/10 MB)Progress (1): svm-19.3.1.jar (4.6/10 MB)Progress (1): svm-19.3.1.jar (4.6/10 MB)Progress (1): svm-19.3.1.jar (4.7/10 MB)Progress (1): svm-19.3.1.jar (4.7/10 MB)Progress (1): svm-19.3.1.jar (4.8/10 MB)Progress (1): svm-19.3.1.jar (4.8/10 MB)Progress (1): svm-19.3.1.jar (4.9/10 MB)Progress (1): svm-19.3.1.jar (4.9/10 MB)Progress (1): svm-19.3.1.jar (5.0/10 MB)Progress (1): svm-19.3.1.jar (5.0/10 MB)Progress (1): svm-19.3.1.jar (5.1/10 MB)Progress (1): svm-19.3.1.jar (5.1/10 MB)Progress (1): svm-19.3.1.jar (5.2/10 MB)Progress (1): svm-19.3.1.jar (5.2/10 MB)Progress (1): svm-19.3.1.jar (5.3/10 MB)Progress (1): svm-19.3.1.jar (5.3/10 MB)Progress (1): svm-19.3.1.jar (5.4/10 MB)Progress (1): svm-19.3.1.jar (5.4/10 MB)Progress (1): svm-19.3.1.jar (5.5/10 MB)Progress (1): svm-19.3.1.jar (5.5/10 MB)Progress (1): svm-19.3.1.jar (5.6/10 MB)Progress (1): svm-19.3.1.jar (5.6/10 MB)Progress (1): svm-19.3.1.jar (5.7/10 MB)Progress (1): svm-19.3.1.jar (5.7/10 MB)Progress (1): svm-19.3.1.jar (5.8/10 MB)Progress (1): svm-19.3.1.jar (5.8/10 MB)Progress (1): svm-19.3.1.jar (5.9/10 MB)Progress (1): svm-19.3.1.jar (5.9/10 MB)Progress (1): svm-19.3.1.jar (6.0/10 MB)Progress (1): svm-19.3.1.jar (6.0/10 MB)Progress (1): svm-19.3.1.jar (6.1/10 MB)Progress (1): svm-19.3.1.jar (6.1/10 MB)Progress (1): svm-19.3.1.jar (6.2/10 MB)Progress (1): svm-19.3.1.jar (6.2/10 MB)Progress (1): svm-19.3.1.jar (6.3/10 MB)Progress (1): svm-19.3.1.jar (6.3/10 MB)Progress (1): svm-19.3.1.jar (6.4/10 MB)Progress (1): svm-19.3.1.jar (6.4/10 MB)Progress (1): svm-19.3.1.jar (6.5/10 MB)Progress (1): svm-19.3.1.jar (6.5/10 MB)Progress (1): svm-19.3.1.jar (6.6/10 MB)Progress (1): svm-19.3.1.jar (6.6/10 MB)Progress (1): svm-19.3.1.jar (6.7/10 MB)Progress (1): svm-19.3.1.jar (6.7/10 MB)Progress (1): svm-19.3.1.jar (6.8/10 MB)Progress (1): svm-19.3.1.jar (6.8/10 MB)Progress (1): svm-19.3.1.jar (6.9/10 MB)Progress (1): svm-19.3.1.jar (6.9/10 MB)Progress (1): svm-19.3.1.jar (7.0/10 MB)Progress (1): svm-19.3.1.jar (7.0/10 MB)Progress (1): svm-19.3.1.jar (7.0/10 MB)Progress (1): svm-19.3.1.jar (7.1/10 MB)Progress (1): svm-19.3.1.jar (7.1/10 MB)Progress (1): svm-19.3.1.jar (7.2/10 MB)Progress (1): svm-19.3.1.jar (7.2/10 MB)Progress (1): svm-19.3.1.jar (7.3/10 MB)Progress (1): svm-19.3.1.jar (7.3/10 MB)Progress (1): svm-19.3.1.jar (7.4/10 MB)Progress (1): svm-19.3.1.jar (7.4/10 MB)Progress (1): svm-19.3.1.jar (7.5/10 MB)Progress (1): svm-19.3.1.jar (7.5/10 MB)Progress (1): svm-19.3.1.jar (7.6/10 MB)Progress (1): svm-19.3.1.jar (7.6/10 MB)Progress (1): svm-19.3.1.jar (7.7/10 MB)Progress (1): svm-19.3.1.jar (7.7/10 MB)Progress (1): svm-19.3.1.jar (7.8/10 MB)Progress (1): svm-19.3.1.jar (7.8/10 MB)Progress (1): svm-19.3.1.jar (7.9/10 MB)Progress (1): svm-19.3.1.jar (7.9/10 MB)Progress (1): svm-19.3.1.jar (8.0/10 MB)Progress (1): svm-19.3.1.jar (8.0/10 MB)Progress (1): svm-19.3.1.jar (8.1/10 MB)Progress (1): svm-19.3.1.jar (8.1/10 MB)Progress (1): svm-19.3.1.jar (8.2/10 MB)Progress (1): svm-19.3.1.jar (8.2/10 MB)Progress (1): svm-19.3.1.jar (8.3/10 MB)Progress (1): svm-19.3.1.jar (8.3/10 MB)Progress (1): svm-19.3.1.jar (8.4/10 MB)Progress (1): svm-19.3.1.jar (8.4/10 MB)Progress (1): svm-19.3.1.jar (8.5/10 MB)Progress (1): svm-19.3.1.jar (8.5/10 MB)Progress (1): svm-19.3.1.jar (8.6/10 MB)Progress (1): svm-19.3.1.jar (8.6/10 MB)Progress (1): svm-19.3.1.jar (8.7/10 MB)Progress (1): svm-19.3.1.jar (8.7/10 MB)Progress (1): svm-19.3.1.jar (8.8/10 MB)Progress (1): svm-19.3.1.jar (8.8/10 MB)Progress (1): svm-19.3.1.jar (8.9/10 MB)Progress (1): svm-19.3.1.jar (8.9/10 MB)Progress (1): svm-19.3.1.jar (9.0/10 MB)Progress (1): svm-19.3.1.jar (9.0/10 MB)Progress (1): svm-19.3.1.jar (9.1/10 MB)Progress (1): svm-19.3.1.jar (9.1/10 MB)Progress (1): svm-19.3.1.jar (9.2/10 MB)Progress (1): svm-19.3.1.jar (9.2/10 MB)Progress (1): svm-19.3.1.jar (9.3/10 MB)Progress (1): svm-19.3.1.jar (9.3/10 MB)Progress (1): svm-19.3.1.jar (9.4/10 MB)Progress (1): svm-19.3.1.jar (9.4/10 MB)Progress (1): svm-19.3.1.jar (9.5/10 MB)Progress (1): svm-19.3.1.jar (9.5/10 MB)Progress (1): svm-19.3.1.jar (9.6/10 MB)Progress (1): svm-19.3.1.jar (9.6/10 MB)Progress (1): svm-19.3.1.jar (9.7/10 MB)Progress (1): svm-19.3.1.jar (9.7/10 MB)Progress (1): svm-19.3.1.jar (9.8/10 MB)Progress (1): svm-19.3.1.jar (9.8/10 MB)Progress (1): svm-19.3.1.jar (9.9/10 MB)Progress (1): svm-19.3.1.jar (9.9/10 MB)Progress (1): svm-19.3.1.jar (9.9/10 MB)Progress (1): svm-19.3.1.jar (10.0/10 MB)Progress (1): svm-19.3.1.jar (10/10 MB)  Progress (1): svm-19.3.1.jar (10/10 MB)Progress (1): svm-19.3.1.jar (10/10 MB)Progress (1): svm-19.3.1.jar (10 MB)                                       Downloaded from central: https://repo.maven.apache.org/maven2/org/graalvm/nativeimage/svm/19.3.1/svm-19.3.1.jar (10 MB at 115 kB/s)
2020-06-12 16:20:24,308 WARN  [io.qua.dep.QuarkusAugmentor] (main) Using Java versions older than 11 to build Quarkus applications is deprecated and will be disallowed in a future release!
2020-06-12 16:20:33,948 INFO  [io.quarkus] (main) Quarkus 1.5.1.Final on JVM started in 9.950s. Listening on: http://0.0.0.0:8890
2020-06-12 16:20:33,948 INFO  [io.quarkus] (main) Profile test activated. 
2020-06-12 16:20:33,948 INFO  [io.quarkus] (main) Installed features: [agroal, cdi, hibernate-orm, jdbc-h2, jdbc-postgresql, mutiny, narayana-jta, resteasy, resteasy-jsonb, servlet, smallrye-context-propagation, smallrye-fault-tolerance, smallrye-health, smallrye-metrics, smallrye-openapi, swagger-ui]
2020-06-12 16:20:35,362 INFO  [io.spe.hov.jun.cor.TempFileManager] (main) Selecting the following binary based on the current operating system: hoverfly_windows_amd64.exe
2020-06-12 16:20:35,362 INFO  [io.spe.hov.jun.cor.TempFileManager] (main) Storing binary in temporary directory C:\Users\ERIKLI~1\AppData\Local\Temp\hoverfly.6200747216371218066\hoverfly_windows_amd64.exe
2020-06-12 16:20:35,595 INFO  [io.spe.hov.jun.cor.Hoverfly] (main) Executing binary at C:\Users\ERIKLI~1\AppData\Local\Temp\hoverfly.6200747216371218066\hoverfly_windows_amd64.exe
2020-06-12 16:20:36,917 INFO  [hoverfly] (Thread-75) Default proxy port has been overwritten port=51448
2020-06-12 16:20:36,933 INFO  [hoverfly] (Thread-75) Default admin port has been overwritten port=51449
2020-06-12 16:20:36,933 INFO  [hoverfly] (Thread-75) Using memory backend 
2020-06-12 16:20:36,933 INFO  [hoverfly] (Thread-75) Proxy prepared... Destination=. Mode=simulate ProxyPort=51448
2020-06-12 16:20:36,933 INFO  [hoverfly] (Thread-75) current proxy configuration destination=. mode=simulate port=51448
2020-06-12 16:20:36,933 INFO  [hoverfly] (Thread-75) Admin interface is starting... AdminPort=51449
2020-06-12 16:20:36,933 INFO  [hoverfly] (Thread-75) serving proxy 
2020-06-12 16:20:37,197 INFO  [hoverfly] (Thread-75) Mode has been changed mode=simulate
2020-06-12 16:20:37,927 WARN  [hoverfly] (Thread-75) Stopping listener 
2020-06-12 16:20:37,928 INFO  [hoverfly] (Thread-75) sending done signal 
2020-06-12 16:20:37,928 INFO  [hoverfly] (Thread-75) Proxy prepared... Destination=0.0.0.0:8890/rest/v1 Mode=simulate ProxyPort=51448
2020-06-12 16:20:37,928 INFO  [hoverfly] (Thread-75) current proxy configuration destination=0.0.0.0:8890/rest/v1 mode=simulate port=51448
2020-06-12 16:20:37,928 INFO  [hoverfly] (Thread-75) serving proxy 
2020-06-12 16:20:37,930 INFO  [io.spe.hov.jun.cor.ProxyConfigurer] (main) Setting proxy host to localhost
2020-06-12 16:20:37,930 INFO  [io.spe.hov.jun.cor.ProxyConfigurer] (main) Setting proxy proxyPort to 51448
2020-06-12 16:20:37,930 INFO  [io.spe.hov.jun.cor.Hoverfly] (main) Importing simulation data to Hoverfly
2020-06-12 16:20:38,963 INFO  [hoverfly] (Thread-75) Mode has been changed mode=simulate
2020-06-12 16:20:38,963 INFO  [io.spe.hov.jun.cor.Hoverfly] (main) Importing simulation data to Hoverfly
]]></system-out>
    <system-err><![CDATA[SLF4J: Class path contains multiple SLF4J bindings.
SLF4J: Found binding in [jar:file:/C:/Users/Erik%20Lidstr%C3%B6m/.m2/repository/org/jboss/slf4j/slf4j-jboss-logging/1.2.0.Final/slf4j-jboss-logging-1.2.0.Final.jar!/org/slf4j/impl/StaticLoggerBinder.class]
SLF4J: Found binding in [jar:file:/C:/Users/Erik%20Lidstr%C3%B6m/.m2/repository/ch/qos/logback/logback-classic/1.1.3/logback-classic-1.1.3.jar!/org/slf4j/impl/StaticLoggerBinder.class]
SLF4J: See http://www.slf4j.org/codes.html#multiple_bindings for an explanation.
SLF4J: Actual binding is of type [org.jboss.slf4j.JBossLoggerFactory]
SLF4J: Class path contains multiple SLF4J bindings.
SLF4J: Found binding in [jar:file:/C:/Users/Erik%20Lidström/.m2/repository/org/jboss/slf4j/slf4j-jboss-logging/1.2.0.Final/slf4j-jboss-logging-1.2.0.Final.jar!/org/slf4j/impl/StaticLoggerBinder.class]
SLF4J: Found binding in [jar:file:/C:/Users/Erik%20Lidström/.m2/repository/ch/qos/logback/logback-classic/1.1.3/logback-classic-1.1.3.jar!/org/slf4j/impl/StaticLoggerBinder.class]
SLF4J: See http://www.slf4j.org/codes.html#multiple_bindings for an explanation.
SLF4J: Actual binding is of type [org.jboss.slf4j.JBossLoggerFactory]
]]></system-err>
  </testcase>
</testsuite>